[2025-08-16T18:41:27.497+0000] {local_task_job_runner.py:120} INFO - ::group::Pre task execution logs
[2025-08-16T18:41:27.586+0000] {taskinstance.py:2076} INFO - Dependencies all met for dep_context=non-requeueable deps ti=<TaskInstance: dbt_athena_pipeline.dbt_stage_external_sources scheduled__2025-08-15T09:30:00+00:00 [queued]>
[2025-08-16T18:41:27.608+0000] {taskinstance.py:2076} INFO - Dependencies all met for dep_context=requeueable deps ti=<TaskInstance: dbt_athena_pipeline.dbt_stage_external_sources scheduled__2025-08-15T09:30:00+00:00 [queued]>
[2025-08-16T18:41:27.609+0000] {taskinstance.py:2306} INFO - Starting attempt 2 of 3
[2025-08-16T18:41:27.649+0000] {taskinstance.py:2330} INFO - Executing <Task(BashOperator): dbt_stage_external_sources> on 2025-08-15 09:30:00+00:00
[2025-08-16T18:41:27.666+0000] {standard_task_runner.py:64} INFO - Started process 140 to run task
[2025-08-16T18:41:27.681+0000] {standard_task_runner.py:90} INFO - Running: ['***', 'tasks', 'run', 'dbt_athena_pipeline', 'dbt_stage_external_sources', 'scheduled__2025-08-15T09:30:00+00:00', '--job-id', '40', '--raw', '--subdir', 'DAGS_FOLDER/dbt_athena_pipeline.py', '--cfg-path', '/tmp/tmpwno_6x_a']
[2025-08-16T18:41:27.688+0000] {standard_task_runner.py:91} INFO - Job 40: Subtask dbt_stage_external_sources
[2025-08-16T18:41:27.884+0000] {task_command.py:426} INFO - Running <TaskInstance: dbt_athena_pipeline.dbt_stage_external_sources scheduled__2025-08-15T09:30:00+00:00 [running]> on host 392a94efd1c1
[2025-08-16T18:41:28.199+0000] {taskinstance.py:2648} INFO - Exporting env vars: AIRFLOW_CTX_DAG_OWNER='***' AIRFLOW_CTX_DAG_ID='dbt_athena_pipeline' AIRFLOW_CTX_TASK_ID='dbt_stage_external_sources' AIRFLOW_CTX_EXECUTION_DATE='2025-08-15T09:30:00+00:00' AIRFLOW_CTX_TRY_NUMBER='2' AIRFLOW_CTX_DAG_RUN_ID='scheduled__2025-08-15T09:30:00+00:00'
[2025-08-16T18:41:28.202+0000] {taskinstance.py:430} INFO - ::endgroup::
[2025-08-16T18:41:28.240+0000] {subprocess.py:63} INFO - Tmp dir root location: /tmp
[2025-08-16T18:41:28.242+0000] {subprocess.py:75} INFO - Running command: ['/usr/bin/bash', '-c', 'set -Eeuo pipefail -x; cd /opt/***/dbt; echo \'which dbt=\'$(command -v dbt || true); /home/***/.local/bin/dbt --version || true; echo "ENV S3_BUCKET=$S3_BUCKET ATHENA_DB=$ATHENA_DB AWS_DEFAULT_REGION=$AWS_DEFAULT_REGION"; /home/***/.local/bin/dbt run-operation stage_external_sources --profiles-dir /opt/***/.dbt --target dev -v']
[2025-08-16T18:41:28.267+0000] {subprocess.py:86} INFO - Output:
[2025-08-16T18:41:28.270+0000] {subprocess.py:93} INFO - + cd /opt/***/dbt
[2025-08-16T18:41:28.271+0000] {subprocess.py:93} INFO - ++ command -v dbt
[2025-08-16T18:41:28.272+0000] {subprocess.py:93} INFO - + echo 'which dbt=/home/***/.local/bin/dbt'
[2025-08-16T18:41:28.273+0000] {subprocess.py:93} INFO - which dbt=/home/***/.local/bin/dbt
[2025-08-16T18:41:28.274+0000] {subprocess.py:93} INFO - + /home/***/.local/bin/dbt --version
[2025-08-16T18:41:36.775+0000] {subprocess.py:93} INFO - Core:
[2025-08-16T18:41:36.776+0000] {subprocess.py:93} INFO -   - installed: 1.9.2
[2025-08-16T18:41:36.777+0000] {subprocess.py:93} INFO -   - latest:    1.10.9 - Update available!
[2025-08-16T18:41:36.778+0000] {subprocess.py:93} INFO - 
[2025-08-16T18:41:36.778+0000] {subprocess.py:93} INFO -   Your version of dbt-core is out of date!
[2025-08-16T18:41:36.779+0000] {subprocess.py:93} INFO -   You can find instructions for upgrading here:
[2025-08-16T18:41:36.779+0000] {subprocess.py:93} INFO -   https://docs.getdbt.com/docs/installation
[2025-08-16T18:41:36.780+0000] {subprocess.py:93} INFO - 
[2025-08-16T18:41:36.780+0000] {subprocess.py:93} INFO - Plugins:
[2025-08-16T18:41:36.781+0000] {subprocess.py:93} INFO -   - athena: 1.9.4 - Up to date!
[2025-08-16T18:41:36.781+0000] {subprocess.py:93} INFO - 
[2025-08-16T18:41:36.782+0000] {subprocess.py:93} INFO - 
[2025-08-16T18:41:37.366+0000] {subprocess.py:93} INFO - + echo 'ENV S3_BUCKET=pt-data-lab ATHENA_DB=analytics AWS_DEFAULT_REGION=us-east-2'
[2025-08-16T18:41:37.367+0000] {subprocess.py:93} INFO - ENV S3_BUCKET=pt-data-lab ATHENA_DB=analytics AWS_DEFAULT_REGION=us-east-2
[2025-08-16T18:41:37.368+0000] {subprocess.py:93} INFO - + /home/***/.local/bin/dbt run-operation stage_external_sources --profiles-dir /opt/***/.dbt --target dev -v
[2025-08-16T18:41:46.318+0000] {subprocess.py:93} INFO - Core:
[2025-08-16T18:41:46.319+0000] {subprocess.py:93} INFO -   - installed: 1.9.2
[2025-08-16T18:41:46.320+0000] {subprocess.py:93} INFO -   - latest:    1.10.9 - Update available!
[2025-08-16T18:41:46.321+0000] {subprocess.py:93} INFO - 
[2025-08-16T18:41:46.322+0000] {subprocess.py:93} INFO -   Your version of dbt-core is out of date!
[2025-08-16T18:41:46.322+0000] {subprocess.py:93} INFO -   You can find instructions for upgrading here:
[2025-08-16T18:41:46.323+0000] {subprocess.py:93} INFO -   https://docs.getdbt.com/docs/installation
[2025-08-16T18:41:46.324+0000] {subprocess.py:93} INFO - 
[2025-08-16T18:41:46.325+0000] {subprocess.py:93} INFO - Plugins:
[2025-08-16T18:41:46.326+0000] {subprocess.py:93} INFO -   - athena: 1.9.4 - Up to date!
[2025-08-16T18:41:46.327+0000] {subprocess.py:93} INFO - 
[2025-08-16T18:41:46.328+0000] {subprocess.py:93} INFO - 
[2025-08-16T18:41:47.034+0000] {subprocess.py:97} INFO - Command exited with return code 0
[2025-08-16T18:41:47.036+0000] {taskinstance.py:441} INFO - ::group::Post task execution logs
[2025-08-16T18:41:47.077+0000] {taskinstance.py:1206} INFO - Marking task as SUCCESS. dag_id=dbt_athena_pipeline, task_id=dbt_stage_external_sources, run_id=scheduled__2025-08-15T09:30:00+00:00, execution_date=20250815T093000, start_date=20250816T184127, end_date=20250816T184147
[2025-08-16T18:41:47.180+0000] {local_task_job_runner.py:243} INFO - Task exited with return code 0
[2025-08-16T18:41:47.257+0000] {taskinstance.py:3503} INFO - 1 downstream tasks scheduled from follow-on schedule check
[2025-08-16T18:41:47.261+0000] {local_task_job_runner.py:222} INFO - ::endgroup::
