[2025-08-15T22:28:25.968+0000] {local_task_job_runner.py:120} INFO - ::group::Pre task execution logs
[2025-08-15T22:28:26.012+0000] {taskinstance.py:2076} INFO - Dependencies all met for dep_context=non-requeueable deps ti=<TaskInstance: dbt_athena_pipeline.wait_orders_pipeline __airflow_temporary_run_2025-08-15T22:28:25.327809+00:00__ [queued]>
[2025-08-15T22:28:26.023+0000] {taskinstance.py:2076} INFO - Dependencies all met for dep_context=requeueable deps ti=<TaskInstance: dbt_athena_pipeline.wait_orders_pipeline __airflow_temporary_run_2025-08-15T22:28:25.327809+00:00__ [queued]>
[2025-08-15T22:28:26.023+0000] {taskinstance.py:2306} INFO - Starting attempt 1 of 3
[2025-08-15T22:28:26.042+0000] {taskinstance.py:2330} INFO - Executing <Task(ExternalTaskSensor): wait_orders_pipeline> on 2025-08-15 00:00:00+00:00
[2025-08-15T22:28:26.049+0000] {standard_task_runner.py:64} INFO - Started process 304 to run task
[2025-08-15T22:28:26.054+0000] {standard_task_runner.py:90} INFO - Running: ['***', 'tasks', 'run', 'dbt_athena_pipeline', 'wait_orders_pipeline', '__***_temporary_run_2025-08-15T22:28:25.327809+00:00__', '--job-id', '76', '--raw', '--subdir', 'DAGS_FOLDER/dbt_athena_pipeline.py', '--cfg-path', '/tmp/tmp_j9rl77i']
[2025-08-15T22:28:26.057+0000] {standard_task_runner.py:91} INFO - Job 76: Subtask wait_orders_pipeline
[2025-08-15T22:28:26.144+0000] {task_command.py:426} INFO - Running <TaskInstance: dbt_athena_pipeline.wait_orders_pipeline __airflow_temporary_run_2025-08-15T22:28:25.327809+00:00__ [running]> on host e1203d83167e
[2025-08-15T22:28:26.298+0000] {taskinstance.py:2648} INFO - Exporting env vars: AIRFLOW_CTX_DAG_OWNER='***' AIRFLOW_CTX_DAG_ID='dbt_athena_pipeline' AIRFLOW_CTX_TASK_ID='wait_orders_pipeline' AIRFLOW_CTX_EXECUTION_DATE='2025-08-15T00:00:00+00:00' AIRFLOW_CTX_TRY_NUMBER='1' AIRFLOW_CTX_DAG_RUN_ID='__***_temporary_run_2025-08-15T22:28:25.327809+00:00__'
[2025-08-15T22:28:26.299+0000] {taskinstance.py:430} INFO - ::endgroup::
[2025-08-15T22:28:26.314+0000] {baseoperator.py:400} WARNING - ExternalTaskSensor.execute cannot be called outside TaskInstance!
[2025-08-15T22:28:26.331+0000] {external_task.py:274} INFO - Poking for DAG 'orders_pipeline' on 2025-08-15T00:00:00+00:00 ... 
[2025-08-15T22:28:26.332+0000] {warnings.py:110} WARNING - /home/***/.local/lib/python3.11/site-packages/***/utils/session.py:79: DeprecationWarning: This method is deprecated and will be removed in future.
  return func(*args, session=session, **kwargs)

[2025-08-15T22:28:26.350+0000] {taskinstance.py:441} INFO - ::group::Post task execution logs
[2025-08-15T22:28:26.384+0000] {taskinstance.py:2865} INFO - Rescheduling task, marking task as UP_FOR_RESCHEDULE
[2025-08-15T22:28:26.433+0000] {local_task_job_runner.py:243} INFO - Task exited with return code 0
[2025-08-15T22:28:26.472+0000] {taskinstance.py:3503} INFO - 0 downstream tasks scheduled from follow-on schedule check
[2025-08-15T22:28:26.475+0000] {local_task_job_runner.py:222} INFO - ::endgroup::
