[2025-08-15T18:21:12.610+0000] {local_task_job_runner.py:120} INFO - ::group::Pre task execution logs
[2025-08-15T18:21:12.709+0000] {taskinstance.py:2076} INFO - Dependencies all met for dep_context=non-requeueable deps ti=<TaskInstance: dbt_athena_pipeline.dbt_deps manual__2025-08-15T18:21:10.058078+00:00 [queued]>
[2025-08-15T18:21:12.736+0000] {taskinstance.py:2076} INFO - Dependencies all met for dep_context=requeueable deps ti=<TaskInstance: dbt_athena_pipeline.dbt_deps manual__2025-08-15T18:21:10.058078+00:00 [queued]>
[2025-08-15T18:21:12.737+0000] {taskinstance.py:2306} INFO - Starting attempt 1 of 1
[2025-08-15T18:21:12.776+0000] {taskinstance.py:2330} INFO - Executing <Task(BashOperator): dbt_deps> on 2025-08-15 18:21:10.058078+00:00
[2025-08-15T18:21:12.786+0000] {standard_task_runner.py:64} INFO - Started process 222 to run task
[2025-08-15T18:21:12.797+0000] {standard_task_runner.py:90} INFO - Running: ['***', 'tasks', 'run', 'dbt_athena_pipeline', 'dbt_deps', 'manual__2025-08-15T18:21:10.058078+00:00', '--job-id', '61', '--raw', '--subdir', 'DAGS_FOLDER/dbt_athena_pipeline.py', '--cfg-path', '/tmp/tmpmdywhe7f']
[2025-08-15T18:21:12.800+0000] {standard_task_runner.py:91} INFO - Job 61: Subtask dbt_deps
[2025-08-15T18:21:12.959+0000] {task_command.py:426} INFO - Running <TaskInstance: dbt_athena_pipeline.dbt_deps manual__2025-08-15T18:21:10.058078+00:00 [running]> on host e1203d83167e
[2025-08-15T18:21:13.220+0000] {taskinstance.py:2648} INFO - Exporting env vars: AIRFLOW_CTX_DAG_OWNER='***' AIRFLOW_CTX_DAG_ID='dbt_athena_pipeline' AIRFLOW_CTX_TASK_ID='dbt_deps' AIRFLOW_CTX_EXECUTION_DATE='2025-08-15T18:21:10.058078+00:00' AIRFLOW_CTX_TRY_NUMBER='1' AIRFLOW_CTX_DAG_RUN_ID='manual__2025-08-15T18:21:10.058078+00:00'
[2025-08-15T18:21:13.221+0000] {taskinstance.py:430} INFO - ::endgroup::
[2025-08-15T18:21:13.270+0000] {subprocess.py:63} INFO - Tmp dir root location: /tmp
[2025-08-15T18:21:13.272+0000] {subprocess.py:75} INFO - Running command: ['/usr/bin/bash', '-c', 'set -euo pipefail && cd /opt/***/dbt && /home/***/.local/bin/dbt --no-use-colors deps --profiles-dir /opt/***/.dbt']
[2025-08-15T18:21:13.308+0000] {subprocess.py:86} INFO - Output:
[2025-08-15T18:21:20.162+0000] {subprocess.py:93} INFO - 18:21:20  Running with dbt=1.9.2
[2025-08-15T18:21:21.171+0000] {subprocess.py:93} INFO - 18:21:21  Installing dbt-labs/dbt_external_tables
[2025-08-15T18:21:21.662+0000] {subprocess.py:93} INFO - 18:21:21  Installed from version 0.11.1
[2025-08-15T18:21:21.662+0000] {subprocess.py:93} INFO - 18:21:21  Up to date!
[2025-08-15T18:21:22.708+0000] {subprocess.py:97} INFO - Command exited with return code 0
[2025-08-15T18:21:22.709+0000] {taskinstance.py:441} INFO - ::group::Post task execution logs
[2025-08-15T18:21:22.755+0000] {taskinstance.py:1206} INFO - Marking task as SUCCESS. dag_id=dbt_athena_pipeline, task_id=dbt_deps, run_id=manual__2025-08-15T18:21:10.058078+00:00, execution_date=20250815T182110, start_date=20250815T182112, end_date=20250815T182122
[2025-08-15T18:21:22.905+0000] {local_task_job_runner.py:243} INFO - Task exited with return code 0
[2025-08-15T18:21:22.940+0000] {taskinstance.py:3503} INFO - 1 downstream tasks scheduled from follow-on schedule check
[2025-08-15T18:21:22.943+0000] {local_task_job_runner.py:222} INFO - ::endgroup::
