[2025-08-15T22:59:49.730+0000] {local_task_job_runner.py:120} INFO - ::group::Pre task execution logs
[2025-08-15T22:59:49.872+0000] {taskinstance.py:2076} INFO - Dependencies all met for dep_context=non-requeueable deps ti=<TaskInstance: dbt_athena_pipeline.wait_orders_pipeline reprocess__2025-08-15__195943 [queued]>
[2025-08-15T22:59:49.906+0000] {taskinstance.py:2076} INFO - Dependencies all met for dep_context=requeueable deps ti=<TaskInstance: dbt_athena_pipeline.wait_orders_pipeline reprocess__2025-08-15__195943 [queued]>
[2025-08-15T22:59:49.907+0000] {taskinstance.py:2306} INFO - Starting attempt 1 of 3
[2025-08-15T22:59:49.962+0000] {taskinstance.py:2330} INFO - Executing <Task(ExternalTaskSensor): wait_orders_pipeline> on 2025-08-15 09:30:00+00:00
[2025-08-15T22:59:49.983+0000] {standard_task_runner.py:64} INFO - Started process 397 to run task
[2025-08-15T22:59:49.996+0000] {standard_task_runner.py:90} INFO - Running: ['***', 'tasks', 'run', 'dbt_athena_pipeline', 'wait_orders_pipeline', 'reprocess__2025-08-15__195943', '--job-id', '124', '--raw', '--subdir', 'DAGS_FOLDER/dbt_athena_pipeline.py', '--cfg-path', '/tmp/tmp9grr33y7']
[2025-08-15T22:59:50.001+0000] {standard_task_runner.py:91} INFO - Job 124: Subtask wait_orders_pipeline
[2025-08-15T22:59:50.235+0000] {task_command.py:426} INFO - Running <TaskInstance: dbt_athena_pipeline.wait_orders_pipeline reprocess__2025-08-15__195943 [running]> on host e1203d83167e
[2025-08-15T22:59:50.381+0000] {taskinstance.py:2648} INFO - Exporting env vars: AIRFLOW_CTX_DAG_OWNER='***' AIRFLOW_CTX_DAG_ID='dbt_athena_pipeline' AIRFLOW_CTX_TASK_ID='wait_orders_pipeline' AIRFLOW_CTX_EXECUTION_DATE='2025-08-15T09:30:00+00:00' AIRFLOW_CTX_TRY_NUMBER='1' AIRFLOW_CTX_DAG_RUN_ID='reprocess__2025-08-15__195943'
[2025-08-15T22:59:50.382+0000] {taskinstance.py:430} INFO - ::endgroup::
[2025-08-15T22:59:50.399+0000] {baseoperator.py:400} WARNING - ExternalTaskSensor.execute cannot be called outside TaskInstance!
[2025-08-15T22:59:50.415+0000] {external_task.py:274} INFO - Poking for DAG 'orders_pipeline' on 2025-08-15T09:30:00+00:00 ... 
[2025-08-15T22:59:50.416+0000] {warnings.py:110} WARNING - /home/***/.local/lib/python3.11/site-packages/***/utils/session.py:79: DeprecationWarning: This method is deprecated and will be removed in future.
  return func(*args, session=session, **kwargs)

[2025-08-15T22:59:50.436+0000] {taskinstance.py:441} INFO - ::group::Post task execution logs
[2025-08-15T22:59:50.466+0000] {taskinstance.py:2865} INFO - Rescheduling task, marking task as UP_FOR_RESCHEDULE
[2025-08-15T22:59:50.503+0000] {local_task_job_runner.py:243} INFO - Task exited with return code 0
[2025-08-15T22:59:50.549+0000] {taskinstance.py:3503} INFO - 0 downstream tasks scheduled from follow-on schedule check
[2025-08-15T22:59:50.553+0000] {local_task_job_runner.py:222} INFO - ::endgroup::
[2025-08-15T23:00:51.145+0000] {local_task_job_runner.py:120} INFO - ::group::Pre task execution logs
[2025-08-15T23:00:51.180+0000] {taskinstance.py:2076} INFO - Dependencies all met for dep_context=non-requeueable deps ti=<TaskInstance: dbt_athena_pipeline.wait_orders_pipeline reprocess__2025-08-15__195943 [queued]>
[2025-08-15T23:00:51.190+0000] {taskinstance.py:2076} INFO - Dependencies all met for dep_context=requeueable deps ti=<TaskInstance: dbt_athena_pipeline.wait_orders_pipeline reprocess__2025-08-15__195943 [queued]>
[2025-08-15T23:00:51.190+0000] {taskinstance.py:2306} INFO - Starting attempt 1 of 3
[2025-08-15T23:00:51.205+0000] {taskinstance.py:2330} INFO - Executing <Task(ExternalTaskSensor): wait_orders_pipeline> on 2025-08-15 09:30:00+00:00
[2025-08-15T23:00:51.211+0000] {standard_task_runner.py:64} INFO - Started process 405 to run task
[2025-08-15T23:00:51.215+0000] {standard_task_runner.py:90} INFO - Running: ['***', 'tasks', 'run', 'dbt_athena_pipeline', 'wait_orders_pipeline', 'reprocess__2025-08-15__195943', '--job-id', '128', '--raw', '--subdir', 'DAGS_FOLDER/dbt_athena_pipeline.py', '--cfg-path', '/tmp/tmpz8_6r92o']
[2025-08-15T23:00:51.217+0000] {standard_task_runner.py:91} INFO - Job 128: Subtask wait_orders_pipeline
[2025-08-15T23:00:51.293+0000] {task_command.py:426} INFO - Running <TaskInstance: dbt_athena_pipeline.wait_orders_pipeline reprocess__2025-08-15__195943 [running]> on host e1203d83167e
[2025-08-15T23:00:51.424+0000] {taskinstance.py:2648} INFO - Exporting env vars: AIRFLOW_CTX_DAG_OWNER='***' AIRFLOW_CTX_DAG_ID='dbt_athena_pipeline' AIRFLOW_CTX_TASK_ID='wait_orders_pipeline' AIRFLOW_CTX_EXECUTION_DATE='2025-08-15T09:30:00+00:00' AIRFLOW_CTX_TRY_NUMBER='1' AIRFLOW_CTX_DAG_RUN_ID='reprocess__2025-08-15__195943'
[2025-08-15T23:00:51.426+0000] {taskinstance.py:430} INFO - ::endgroup::
[2025-08-15T23:00:51.440+0000] {baseoperator.py:400} WARNING - ExternalTaskSensor.execute cannot be called outside TaskInstance!
[2025-08-15T23:00:51.456+0000] {external_task.py:274} INFO - Poking for DAG 'orders_pipeline' on 2025-08-15T09:30:00+00:00 ... 
[2025-08-15T23:00:51.457+0000] {warnings.py:110} WARNING - /home/***/.local/lib/python3.11/site-packages/***/utils/session.py:79: DeprecationWarning: This method is deprecated and will be removed in future.
  return func(*args, session=session, **kwargs)

[2025-08-15T23:00:51.473+0000] {taskinstance.py:441} INFO - ::group::Post task execution logs
[2025-08-15T23:00:51.501+0000] {taskinstance.py:2865} INFO - Rescheduling task, marking task as UP_FOR_RESCHEDULE
[2025-08-15T23:00:51.551+0000] {local_task_job_runner.py:243} INFO - Task exited with return code 0
[2025-08-15T23:00:51.588+0000] {taskinstance.py:3503} INFO - 0 downstream tasks scheduled from follow-on schedule check
[2025-08-15T23:00:51.592+0000] {local_task_job_runner.py:222} INFO - ::endgroup::
[2025-08-15T23:01:52.101+0000] {local_task_job_runner.py:120} INFO - ::group::Pre task execution logs
[2025-08-15T23:01:52.143+0000] {taskinstance.py:2076} INFO - Dependencies all met for dep_context=non-requeueable deps ti=<TaskInstance: dbt_athena_pipeline.wait_orders_pipeline reprocess__2025-08-15__195943 [queued]>
[2025-08-15T23:01:52.154+0000] {taskinstance.py:2076} INFO - Dependencies all met for dep_context=requeueable deps ti=<TaskInstance: dbt_athena_pipeline.wait_orders_pipeline reprocess__2025-08-15__195943 [queued]>
[2025-08-15T23:01:52.154+0000] {taskinstance.py:2306} INFO - Starting attempt 1 of 3
[2025-08-15T23:01:52.173+0000] {taskinstance.py:2330} INFO - Executing <Task(ExternalTaskSensor): wait_orders_pipeline> on 2025-08-15 09:30:00+00:00
[2025-08-15T23:01:52.181+0000] {standard_task_runner.py:64} INFO - Started process 413 to run task
[2025-08-15T23:01:52.186+0000] {standard_task_runner.py:90} INFO - Running: ['***', 'tasks', 'run', 'dbt_athena_pipeline', 'wait_orders_pipeline', 'reprocess__2025-08-15__195943', '--job-id', '132', '--raw', '--subdir', 'DAGS_FOLDER/dbt_athena_pipeline.py', '--cfg-path', '/tmp/tmpc7h2mzpn']
[2025-08-15T23:01:52.188+0000] {standard_task_runner.py:91} INFO - Job 132: Subtask wait_orders_pipeline
[2025-08-15T23:01:52.276+0000] {task_command.py:426} INFO - Running <TaskInstance: dbt_athena_pipeline.wait_orders_pipeline reprocess__2025-08-15__195943 [running]> on host e1203d83167e
[2025-08-15T23:01:52.433+0000] {taskinstance.py:2648} INFO - Exporting env vars: AIRFLOW_CTX_DAG_OWNER='***' AIRFLOW_CTX_DAG_ID='dbt_athena_pipeline' AIRFLOW_CTX_TASK_ID='wait_orders_pipeline' AIRFLOW_CTX_EXECUTION_DATE='2025-08-15T09:30:00+00:00' AIRFLOW_CTX_TRY_NUMBER='1' AIRFLOW_CTX_DAG_RUN_ID='reprocess__2025-08-15__195943'
[2025-08-15T23:01:52.435+0000] {taskinstance.py:430} INFO - ::endgroup::
[2025-08-15T23:01:52.454+0000] {baseoperator.py:400} WARNING - ExternalTaskSensor.execute cannot be called outside TaskInstance!
[2025-08-15T23:01:52.473+0000] {external_task.py:274} INFO - Poking for DAG 'orders_pipeline' on 2025-08-15T09:30:00+00:00 ... 
[2025-08-15T23:01:52.473+0000] {warnings.py:110} WARNING - /home/***/.local/lib/python3.11/site-packages/***/utils/session.py:79: DeprecationWarning: This method is deprecated and will be removed in future.
  return func(*args, session=session, **kwargs)

[2025-08-15T23:01:52.494+0000] {taskinstance.py:441} INFO - ::group::Post task execution logs
[2025-08-15T23:01:52.528+0000] {taskinstance.py:2865} INFO - Rescheduling task, marking task as UP_FOR_RESCHEDULE
[2025-08-15T23:01:52.570+0000] {local_task_job_runner.py:243} INFO - Task exited with return code 0
[2025-08-15T23:01:52.621+0000] {taskinstance.py:3503} INFO - 0 downstream tasks scheduled from follow-on schedule check
[2025-08-15T23:01:52.624+0000] {local_task_job_runner.py:222} INFO - ::endgroup::
[2025-08-15T23:02:53.912+0000] {local_task_job_runner.py:120} INFO - ::group::Pre task execution logs
[2025-08-15T23:02:53.957+0000] {taskinstance.py:2076} INFO - Dependencies all met for dep_context=non-requeueable deps ti=<TaskInstance: dbt_athena_pipeline.wait_orders_pipeline reprocess__2025-08-15__195943 [queued]>
[2025-08-15T23:02:53.969+0000] {taskinstance.py:2076} INFO - Dependencies all met for dep_context=requeueable deps ti=<TaskInstance: dbt_athena_pipeline.wait_orders_pipeline reprocess__2025-08-15__195943 [queued]>
[2025-08-15T23:02:53.970+0000] {taskinstance.py:2306} INFO - Starting attempt 1 of 3
[2025-08-15T23:02:53.989+0000] {taskinstance.py:2330} INFO - Executing <Task(ExternalTaskSensor): wait_orders_pipeline> on 2025-08-15 09:30:00+00:00
[2025-08-15T23:02:53.998+0000] {standard_task_runner.py:64} INFO - Started process 421 to run task
[2025-08-15T23:02:54.004+0000] {standard_task_runner.py:90} INFO - Running: ['***', 'tasks', 'run', 'dbt_athena_pipeline', 'wait_orders_pipeline', 'reprocess__2025-08-15__195943', '--job-id', '136', '--raw', '--subdir', 'DAGS_FOLDER/dbt_athena_pipeline.py', '--cfg-path', '/tmp/tmp4sgchxul']
[2025-08-15T23:02:54.006+0000] {standard_task_runner.py:91} INFO - Job 136: Subtask wait_orders_pipeline
[2025-08-15T23:02:54.094+0000] {task_command.py:426} INFO - Running <TaskInstance: dbt_athena_pipeline.wait_orders_pipeline reprocess__2025-08-15__195943 [running]> on host e1203d83167e
[2025-08-15T23:02:54.256+0000] {taskinstance.py:2648} INFO - Exporting env vars: AIRFLOW_CTX_DAG_OWNER='***' AIRFLOW_CTX_DAG_ID='dbt_athena_pipeline' AIRFLOW_CTX_TASK_ID='wait_orders_pipeline' AIRFLOW_CTX_EXECUTION_DATE='2025-08-15T09:30:00+00:00' AIRFLOW_CTX_TRY_NUMBER='1' AIRFLOW_CTX_DAG_RUN_ID='reprocess__2025-08-15__195943'
[2025-08-15T23:02:54.257+0000] {taskinstance.py:430} INFO - ::endgroup::
[2025-08-15T23:02:54.276+0000] {baseoperator.py:400} WARNING - ExternalTaskSensor.execute cannot be called outside TaskInstance!
[2025-08-15T23:02:54.299+0000] {external_task.py:274} INFO - Poking for DAG 'orders_pipeline' on 2025-08-15T09:30:00+00:00 ... 
[2025-08-15T23:02:54.300+0000] {warnings.py:110} WARNING - /home/***/.local/lib/python3.11/site-packages/***/utils/session.py:79: DeprecationWarning: This method is deprecated and will be removed in future.
  return func(*args, session=session, **kwargs)

[2025-08-15T23:02:54.321+0000] {taskinstance.py:441} INFO - ::group::Post task execution logs
[2025-08-15T23:02:54.363+0000] {taskinstance.py:2865} INFO - Rescheduling task, marking task as UP_FOR_RESCHEDULE
[2025-08-15T23:02:54.380+0000] {local_task_job_runner.py:243} INFO - Task exited with return code 0
[2025-08-15T23:02:54.428+0000] {taskinstance.py:3503} INFO - 0 downstream tasks scheduled from follow-on schedule check
[2025-08-15T23:02:54.430+0000] {local_task_job_runner.py:222} INFO - ::endgroup::
[2025-08-15T23:03:55.312+0000] {local_task_job_runner.py:120} INFO - ::group::Pre task execution logs
[2025-08-15T23:03:55.350+0000] {taskinstance.py:2076} INFO - Dependencies all met for dep_context=non-requeueable deps ti=<TaskInstance: dbt_athena_pipeline.wait_orders_pipeline reprocess__2025-08-15__195943 [queued]>
[2025-08-15T23:03:55.360+0000] {taskinstance.py:2076} INFO - Dependencies all met for dep_context=requeueable deps ti=<TaskInstance: dbt_athena_pipeline.wait_orders_pipeline reprocess__2025-08-15__195943 [queued]>
[2025-08-15T23:03:55.360+0000] {taskinstance.py:2306} INFO - Starting attempt 1 of 3
[2025-08-15T23:03:55.378+0000] {taskinstance.py:2330} INFO - Executing <Task(ExternalTaskSensor): wait_orders_pipeline> on 2025-08-15 09:30:00+00:00
[2025-08-15T23:03:55.385+0000] {standard_task_runner.py:64} INFO - Started process 429 to run task
[2025-08-15T23:03:55.391+0000] {standard_task_runner.py:90} INFO - Running: ['***', 'tasks', 'run', 'dbt_athena_pipeline', 'wait_orders_pipeline', 'reprocess__2025-08-15__195943', '--job-id', '140', '--raw', '--subdir', 'DAGS_FOLDER/dbt_athena_pipeline.py', '--cfg-path', '/tmp/tmpw9m6ci_d']
[2025-08-15T23:03:55.394+0000] {standard_task_runner.py:91} INFO - Job 140: Subtask wait_orders_pipeline
[2025-08-15T23:03:55.485+0000] {task_command.py:426} INFO - Running <TaskInstance: dbt_athena_pipeline.wait_orders_pipeline reprocess__2025-08-15__195943 [running]> on host e1203d83167e
[2025-08-15T23:03:55.628+0000] {taskinstance.py:2648} INFO - Exporting env vars: AIRFLOW_CTX_DAG_OWNER='***' AIRFLOW_CTX_DAG_ID='dbt_athena_pipeline' AIRFLOW_CTX_TASK_ID='wait_orders_pipeline' AIRFLOW_CTX_EXECUTION_DATE='2025-08-15T09:30:00+00:00' AIRFLOW_CTX_TRY_NUMBER='1' AIRFLOW_CTX_DAG_RUN_ID='reprocess__2025-08-15__195943'
[2025-08-15T23:03:55.629+0000] {taskinstance.py:430} INFO - ::endgroup::
[2025-08-15T23:03:55.644+0000] {baseoperator.py:400} WARNING - ExternalTaskSensor.execute cannot be called outside TaskInstance!
[2025-08-15T23:03:55.659+0000] {external_task.py:274} INFO - Poking for DAG 'orders_pipeline' on 2025-08-15T09:30:00+00:00 ... 
[2025-08-15T23:03:55.660+0000] {warnings.py:110} WARNING - /home/***/.local/lib/python3.11/site-packages/***/utils/session.py:79: DeprecationWarning: This method is deprecated and will be removed in future.
  return func(*args, session=session, **kwargs)

[2025-08-15T23:03:55.676+0000] {taskinstance.py:441} INFO - ::group::Post task execution logs
[2025-08-15T23:03:55.707+0000] {taskinstance.py:2865} INFO - Rescheduling task, marking task as UP_FOR_RESCHEDULE
[2025-08-15T23:03:55.727+0000] {local_task_job_runner.py:243} INFO - Task exited with return code 0
[2025-08-15T23:03:55.763+0000] {taskinstance.py:3503} INFO - 0 downstream tasks scheduled from follow-on schedule check
[2025-08-15T23:03:55.766+0000] {local_task_job_runner.py:222} INFO - ::endgroup::
[2025-08-15T23:04:56.430+0000] {local_task_job_runner.py:120} INFO - ::group::Pre task execution logs
[2025-08-15T23:04:56.466+0000] {taskinstance.py:2076} INFO - Dependencies all met for dep_context=non-requeueable deps ti=<TaskInstance: dbt_athena_pipeline.wait_orders_pipeline reprocess__2025-08-15__195943 [queued]>
[2025-08-15T23:04:56.475+0000] {taskinstance.py:2076} INFO - Dependencies all met for dep_context=requeueable deps ti=<TaskInstance: dbt_athena_pipeline.wait_orders_pipeline reprocess__2025-08-15__195943 [queued]>
[2025-08-15T23:04:56.476+0000] {taskinstance.py:2306} INFO - Starting attempt 1 of 3
[2025-08-15T23:04:56.494+0000] {taskinstance.py:2330} INFO - Executing <Task(ExternalTaskSensor): wait_orders_pipeline> on 2025-08-15 09:30:00+00:00
[2025-08-15T23:04:56.500+0000] {standard_task_runner.py:64} INFO - Started process 439 to run task
[2025-08-15T23:04:56.504+0000] {standard_task_runner.py:90} INFO - Running: ['***', 'tasks', 'run', 'dbt_athena_pipeline', 'wait_orders_pipeline', 'reprocess__2025-08-15__195943', '--job-id', '145', '--raw', '--subdir', 'DAGS_FOLDER/dbt_athena_pipeline.py', '--cfg-path', '/tmp/tmpl5kop5z7']
[2025-08-15T23:04:56.506+0000] {standard_task_runner.py:91} INFO - Job 145: Subtask wait_orders_pipeline
[2025-08-15T23:04:56.587+0000] {task_command.py:426} INFO - Running <TaskInstance: dbt_athena_pipeline.wait_orders_pipeline reprocess__2025-08-15__195943 [running]> on host e1203d83167e
[2025-08-15T23:04:56.758+0000] {taskinstance.py:2648} INFO - Exporting env vars: AIRFLOW_CTX_DAG_OWNER='***' AIRFLOW_CTX_DAG_ID='dbt_athena_pipeline' AIRFLOW_CTX_TASK_ID='wait_orders_pipeline' AIRFLOW_CTX_EXECUTION_DATE='2025-08-15T09:30:00+00:00' AIRFLOW_CTX_TRY_NUMBER='1' AIRFLOW_CTX_DAG_RUN_ID='reprocess__2025-08-15__195943'
[2025-08-15T23:04:56.759+0000] {taskinstance.py:430} INFO - ::endgroup::
[2025-08-15T23:04:56.776+0000] {baseoperator.py:400} WARNING - ExternalTaskSensor.execute cannot be called outside TaskInstance!
[2025-08-15T23:04:56.793+0000] {external_task.py:274} INFO - Poking for DAG 'orders_pipeline' on 2025-08-15T09:30:00+00:00 ... 
[2025-08-15T23:04:56.794+0000] {warnings.py:110} WARNING - /home/***/.local/lib/python3.11/site-packages/***/utils/session.py:79: DeprecationWarning: This method is deprecated and will be removed in future.
  return func(*args, session=session, **kwargs)

[2025-08-15T23:04:56.814+0000] {taskinstance.py:441} INFO - ::group::Post task execution logs
[2025-08-15T23:04:56.845+0000] {taskinstance.py:2865} INFO - Rescheduling task, marking task as UP_FOR_RESCHEDULE
[2025-08-15T23:04:56.881+0000] {local_task_job_runner.py:243} INFO - Task exited with return code 0
[2025-08-15T23:04:56.920+0000] {taskinstance.py:3503} INFO - 0 downstream tasks scheduled from follow-on schedule check
[2025-08-15T23:04:56.923+0000] {local_task_job_runner.py:222} INFO - ::endgroup::
