[2025-08-22T16:07:36.966+0000] {local_task_job_runner.py:120} INFO - ::group::Pre task execution logs
[2025-08-22T16:07:37.017+0000] {taskinstance.py:2076} INFO - Dependencies all met for dep_context=non-requeueable deps ti=<TaskInstance: orders_pipeline.add_partition manual__2025-08-22T16:07:14+00:00 [queued]>
[2025-08-22T16:07:37.030+0000] {taskinstance.py:2076} INFO - Dependencies all met for dep_context=requeueable deps ti=<TaskInstance: orders_pipeline.add_partition manual__2025-08-22T16:07:14+00:00 [queued]>
[2025-08-22T16:07:37.030+0000] {taskinstance.py:2306} INFO - Starting attempt 1 of 2
[2025-08-22T16:07:37.055+0000] {taskinstance.py:2330} INFO - Executing <Task(BashOperator): add_partition> on 2025-08-22 16:07:14+00:00
[2025-08-22T16:07:37.068+0000] {standard_task_runner.py:64} INFO - Started process 111 to run task
[2025-08-22T16:07:37.079+0000] {standard_task_runner.py:90} INFO - Running: ['***', 'tasks', 'run', 'orders_pipeline', 'add_partition', 'manual__2025-08-22T16:07:14+00:00', '--job-id', '168', '--raw', '--subdir', 'DAGS_FOLDER/orders_pipeline.py', '--cfg-path', '/tmp/tmpg0jop1w1']
[2025-08-22T16:07:37.083+0000] {standard_task_runner.py:91} INFO - Job 168: Subtask add_partition
[2025-08-22T16:07:37.212+0000] {task_command.py:426} INFO - Running <TaskInstance: orders_pipeline.add_partition manual__2025-08-22T16:07:14+00:00 [running]> on host 7ff1c03ded3b
[2025-08-22T16:07:37.448+0000] {taskinstance.py:2648} INFO - Exporting env vars: AIRFLOW_CTX_DAG_OWNER='***' AIRFLOW_CTX_DAG_ID='orders_pipeline' AIRFLOW_CTX_TASK_ID='add_partition' AIRFLOW_CTX_EXECUTION_DATE='2025-08-22T16:07:14+00:00' AIRFLOW_CTX_TRY_NUMBER='1' AIRFLOW_CTX_DAG_RUN_ID='manual__2025-08-22T16:07:14+00:00'
[2025-08-22T16:07:37.449+0000] {taskinstance.py:430} INFO - ::endgroup::
[2025-08-22T16:07:37.473+0000] {subprocess.py:63} INFO - Tmp dir root location: /tmp
[2025-08-22T16:07:37.474+0000] {subprocess.py:75} INFO - Running command: ['/usr/bin/bash', '-c', 'set -Eeuo pipefail -x; \nSQL="SELECT count(*) AS cnt FROM analytics.orders_raw;"\nQID=$(aws athena start-query-execution   --query-string "$SQL"   --query-execution-context "Database=$ATHENA_DB"   --work-group primary   --query \'QueryExecutionId\' --output text)\naws athena get-query-execution --query-execution-id "$QID" --query \'QueryExecution.Status.State\' --output text']
[2025-08-22T16:07:37.493+0000] {subprocess.py:86} INFO - Output:
[2025-08-22T16:07:37.494+0000] {subprocess.py:93} INFO - + SQL='SELECT count(*) AS cnt FROM analytics.orders_raw;'
[2025-08-22T16:07:37.495+0000] {subprocess.py:93} INFO - ++ aws athena start-query-execution --query-string 'SELECT count(*) AS cnt FROM analytics.orders_raw;' --query-execution-context Database=analytics --work-group primary --query QueryExecutionId --output text
[2025-08-22T16:07:40.242+0000] {subprocess.py:93} INFO - + QID=ea6d5b0b-4042-4234-b5d8-829d1215f2b0
[2025-08-22T16:07:40.243+0000] {subprocess.py:93} INFO - + aws athena get-query-execution --query-execution-id ea6d5b0b-4042-4234-b5d8-829d1215f2b0 --query QueryExecution.Status.State --output text
[2025-08-22T16:07:43.170+0000] {subprocess.py:93} INFO - SUCCEEDED
[2025-08-22T16:07:43.301+0000] {subprocess.py:97} INFO - Command exited with return code 0
[2025-08-22T16:07:43.302+0000] {taskinstance.py:441} INFO - ::group::Post task execution logs
[2025-08-22T16:07:43.332+0000] {taskinstance.py:1206} INFO - Marking task as SUCCESS. dag_id=orders_pipeline, task_id=add_partition, run_id=manual__2025-08-22T16:07:14+00:00, execution_date=20250822T160714, start_date=20250822T160737, end_date=20250822T160743
[2025-08-22T16:07:43.412+0000] {local_task_job_runner.py:243} INFO - Task exited with return code 0
[2025-08-22T16:07:43.496+0000] {taskinstance.py:3503} INFO - 0 downstream tasks scheduled from follow-on schedule check
[2025-08-22T16:07:43.501+0000] {local_task_job_runner.py:222} INFO - ::endgroup::
