[2025-08-16T18:35:59.988+0000] {local_task_job_runner.py:120} INFO - ::group::Pre task execution logs
[2025-08-16T18:36:00.075+0000] {taskinstance.py:2076} INFO - Dependencies all met for dep_context=non-requeueable deps ti=<TaskInstance: dbt_athena_pipeline.dbt_deps scheduled__2025-08-15T09:30:00+00:00 [queued]>
[2025-08-16T18:36:00.096+0000] {taskinstance.py:2076} INFO - Dependencies all met for dep_context=requeueable deps ti=<TaskInstance: dbt_athena_pipeline.dbt_deps scheduled__2025-08-15T09:30:00+00:00 [queued]>
[2025-08-16T18:36:00.097+0000] {taskinstance.py:2306} INFO - Starting attempt 1 of 3
[2025-08-16T18:36:00.159+0000] {taskinstance.py:2330} INFO - Executing <Task(BashOperator): dbt_deps> on 2025-08-15 09:30:00+00:00
[2025-08-16T18:36:00.199+0000] {standard_task_runner.py:64} INFO - Started process 114 to run task
[2025-08-16T18:36:00.233+0000] {standard_task_runner.py:90} INFO - Running: ['***', 'tasks', 'run', 'dbt_athena_pipeline', 'dbt_deps', 'scheduled__2025-08-15T09:30:00+00:00', '--job-id', '35', '--raw', '--subdir', 'DAGS_FOLDER/dbt_athena_pipeline.py', '--cfg-path', '/tmp/tmpjtln_tbp']
[2025-08-16T18:36:00.250+0000] {standard_task_runner.py:91} INFO - Job 35: Subtask dbt_deps
[2025-08-16T18:36:00.863+0000] {task_command.py:426} INFO - Running <TaskInstance: dbt_athena_pipeline.dbt_deps scheduled__2025-08-15T09:30:00+00:00 [running]> on host 392a94efd1c1
[2025-08-16T18:36:02.024+0000] {taskinstance.py:2648} INFO - Exporting env vars: AIRFLOW_CTX_DAG_OWNER='***' AIRFLOW_CTX_DAG_ID='dbt_athena_pipeline' AIRFLOW_CTX_TASK_ID='dbt_deps' AIRFLOW_CTX_EXECUTION_DATE='2025-08-15T09:30:00+00:00' AIRFLOW_CTX_TRY_NUMBER='1' AIRFLOW_CTX_DAG_RUN_ID='scheduled__2025-08-15T09:30:00+00:00'
[2025-08-16T18:36:02.038+0000] {taskinstance.py:430} INFO - ::endgroup::
[2025-08-16T18:36:02.120+0000] {subprocess.py:63} INFO - Tmp dir root location: /tmp
[2025-08-16T18:36:02.125+0000] {subprocess.py:75} INFO - Running command: ['/usr/bin/bash', '-c', 'set -Eeuo pipefail -x; cd /opt/***/dbt; echo \'which dbt=\'$(command -v dbt || true); /home/***/.local/bin/dbt --version || true; echo "ENV S3_BUCKET=$S3_BUCKET ATHENA_DB=$ATHENA_DB AWS_DEFAULT_REGION=$AWS_DEFAULT_REGION"; /home/***/.local/bin/dbt deps --profiles-dir /opt/***/.dbt -v']
[2025-08-16T18:36:02.171+0000] {subprocess.py:86} INFO - Output:
[2025-08-16T18:36:02.177+0000] {subprocess.py:93} INFO - + cd /opt/***/dbt
[2025-08-16T18:36:02.179+0000] {subprocess.py:93} INFO - ++ command -v dbt
[2025-08-16T18:36:02.180+0000] {subprocess.py:93} INFO - + echo 'which dbt=/home/***/.local/bin/dbt'
[2025-08-16T18:36:02.181+0000] {subprocess.py:93} INFO - which dbt=/home/***/.local/bin/dbt
[2025-08-16T18:36:02.182+0000] {subprocess.py:93} INFO - + /home/***/.local/bin/dbt --version
[2025-08-16T18:36:12.592+0000] {subprocess.py:93} INFO - Core:
[2025-08-16T18:36:12.593+0000] {subprocess.py:93} INFO -   - installed: 1.9.2
[2025-08-16T18:36:12.594+0000] {subprocess.py:93} INFO -   - latest:    1.10.9 - Update available!
[2025-08-16T18:36:12.595+0000] {subprocess.py:93} INFO - 
[2025-08-16T18:36:12.596+0000] {subprocess.py:93} INFO -   Your version of dbt-core is out of date!
[2025-08-16T18:36:12.596+0000] {subprocess.py:93} INFO -   You can find instructions for upgrading here:
[2025-08-16T18:36:12.597+0000] {subprocess.py:93} INFO -   https://docs.getdbt.com/docs/installation
[2025-08-16T18:36:12.598+0000] {subprocess.py:93} INFO - 
[2025-08-16T18:36:12.598+0000] {subprocess.py:93} INFO - Plugins:
[2025-08-16T18:36:12.599+0000] {subprocess.py:93} INFO -   - athena: 1.9.4 - Up to date!
[2025-08-16T18:36:12.600+0000] {subprocess.py:93} INFO - 
[2025-08-16T18:36:12.601+0000] {subprocess.py:93} INFO - 
[2025-08-16T18:36:13.374+0000] {subprocess.py:93} INFO - + echo 'ENV S3_BUCKET=pt-data-lab ATHENA_DB=analytics AWS_DEFAULT_REGION=us-east-2'
[2025-08-16T18:36:13.375+0000] {subprocess.py:93} INFO - ENV S3_BUCKET=pt-data-lab ATHENA_DB=analytics AWS_DEFAULT_REGION=us-east-2
[2025-08-16T18:36:13.376+0000] {subprocess.py:93} INFO - + /home/***/.local/bin/dbt deps --profiles-dir /opt/***/.dbt -v
[2025-08-16T18:36:22.494+0000] {subprocess.py:93} INFO - Core:
[2025-08-16T18:36:22.502+0000] {subprocess.py:93} INFO -   - installed: 1.9.2
[2025-08-16T18:36:22.503+0000] {subprocess.py:93} INFO -   - latest:    1.10.9 - Update available!
[2025-08-16T18:36:22.504+0000] {subprocess.py:93} INFO - 
[2025-08-16T18:36:22.504+0000] {subprocess.py:93} INFO -   Your version of dbt-core is out of date!
[2025-08-16T18:36:22.505+0000] {subprocess.py:93} INFO -   You can find instructions for upgrading here:
[2025-08-16T18:36:22.506+0000] {subprocess.py:93} INFO -   https://docs.getdbt.com/docs/installation
[2025-08-16T18:36:22.506+0000] {subprocess.py:93} INFO - 
[2025-08-16T18:36:22.507+0000] {subprocess.py:93} INFO - Plugins:
[2025-08-16T18:36:22.509+0000] {subprocess.py:93} INFO -   - athena: 1.9.4 - Up to date!
[2025-08-16T18:36:22.510+0000] {subprocess.py:93} INFO - 
[2025-08-16T18:36:22.514+0000] {subprocess.py:93} INFO - 
[2025-08-16T18:36:23.255+0000] {subprocess.py:97} INFO - Command exited with return code 0
[2025-08-16T18:36:23.259+0000] {taskinstance.py:441} INFO - ::group::Post task execution logs
[2025-08-16T18:36:23.375+0000] {taskinstance.py:1206} INFO - Marking task as SUCCESS. dag_id=dbt_athena_pipeline, task_id=dbt_deps, run_id=scheduled__2025-08-15T09:30:00+00:00, execution_date=20250815T093000, start_date=20250816T183600, end_date=20250816T183623
[2025-08-16T18:36:23.492+0000] {local_task_job_runner.py:243} INFO - Task exited with return code 0
[2025-08-16T18:36:23.579+0000] {taskinstance.py:3503} INFO - 1 downstream tasks scheduled from follow-on schedule check
[2025-08-16T18:36:23.583+0000] {local_task_job_runner.py:222} INFO - ::endgroup::
