[2025-08-16T18:24:27.998+0000] {local_task_job_runner.py:120} INFO - ::group::Pre task execution logs
[2025-08-16T18:24:28.065+0000] {taskinstance.py:2076} INFO - Dependencies all met for dep_context=non-requeueable deps ti=<TaskInstance: dbt_athena_pipeline.wait_orders_pipeline manual__2025-08-16T18:24:26+00:00 [queued]>
[2025-08-16T18:24:28.085+0000] {taskinstance.py:2076} INFO - Dependencies all met for dep_context=requeueable deps ti=<TaskInstance: dbt_athena_pipeline.wait_orders_pipeline manual__2025-08-16T18:24:26+00:00 [queued]>
[2025-08-16T18:24:28.086+0000] {taskinstance.py:2306} INFO - Starting attempt 1 of 3
[2025-08-16T18:24:28.119+0000] {taskinstance.py:2330} INFO - Executing <Task(ExternalTaskSensor): wait_orders_pipeline> on 2025-08-16 18:24:26+00:00
[2025-08-16T18:24:28.130+0000] {standard_task_runner.py:64} INFO - Started process 68 to run task
[2025-08-16T18:24:28.140+0000] {standard_task_runner.py:90} INFO - Running: ['***', 'tasks', 'run', 'dbt_athena_pipeline', 'wait_orders_pipeline', 'manual__2025-08-16T18:24:26+00:00', '--job-id', '12', '--raw', '--subdir', 'DAGS_FOLDER/dbt_athena_pipeline.py', '--cfg-path', '/tmp/tmp_sbcwp0k']
[2025-08-16T18:24:28.143+0000] {standard_task_runner.py:91} INFO - Job 12: Subtask wait_orders_pipeline
[2025-08-16T18:24:28.287+0000] {task_command.py:426} INFO - Running <TaskInstance: dbt_athena_pipeline.wait_orders_pipeline manual__2025-08-16T18:24:26+00:00 [running]> on host 392a94efd1c1
[2025-08-16T18:24:28.552+0000] {taskinstance.py:2648} INFO - Exporting env vars: AIRFLOW_CTX_DAG_OWNER='***' AIRFLOW_CTX_DAG_ID='dbt_athena_pipeline' AIRFLOW_CTX_TASK_ID='wait_orders_pipeline' AIRFLOW_CTX_EXECUTION_DATE='2025-08-16T18:24:26+00:00' AIRFLOW_CTX_TRY_NUMBER='1' AIRFLOW_CTX_DAG_RUN_ID='manual__2025-08-16T18:24:26+00:00'
[2025-08-16T18:24:28.554+0000] {taskinstance.py:430} INFO - ::endgroup::
[2025-08-16T18:24:28.595+0000] {baseoperator.py:400} WARNING - ExternalTaskSensor.execute cannot be called outside TaskInstance!
[2025-08-16T18:24:28.636+0000] {external_task.py:274} INFO - Poking for DAG 'orders_pipeline' on 2025-08-16T18:24:26+00:00 ... 
[2025-08-16T18:24:28.639+0000] {warnings.py:110} WARNING - /home/***/.local/lib/python3.11/site-packages/***/utils/session.py:79: DeprecationWarning: This method is deprecated and will be removed in future.
  return func(*args, session=session, **kwargs)

[2025-08-16T18:24:28.709+0000] {taskinstance.py:441} INFO - ::group::Post task execution logs
[2025-08-16T18:24:28.859+0000] {taskinstance.py:2865} INFO - Rescheduling task, marking task as UP_FOR_RESCHEDULE
[2025-08-16T18:24:28.919+0000] {local_task_job_runner.py:243} INFO - Task exited with return code 0
[2025-08-16T18:24:29.104+0000] {taskinstance.py:3503} INFO - 0 downstream tasks scheduled from follow-on schedule check
[2025-08-16T18:24:29.115+0000] {local_task_job_runner.py:222} INFO - ::endgroup::
[2025-08-16T18:25:30.591+0000] {local_task_job_runner.py:120} INFO - ::group::Pre task execution logs
[2025-08-16T18:25:30.657+0000] {taskinstance.py:2076} INFO - Dependencies all met for dep_context=non-requeueable deps ti=<TaskInstance: dbt_athena_pipeline.wait_orders_pipeline manual__2025-08-16T18:24:26+00:00 [queued]>
[2025-08-16T18:25:30.680+0000] {taskinstance.py:2076} INFO - Dependencies all met for dep_context=requeueable deps ti=<TaskInstance: dbt_athena_pipeline.wait_orders_pipeline manual__2025-08-16T18:24:26+00:00 [queued]>
[2025-08-16T18:25:30.681+0000] {taskinstance.py:2306} INFO - Starting attempt 1 of 3
[2025-08-16T18:25:30.712+0000] {taskinstance.py:2330} INFO - Executing <Task(ExternalTaskSensor): wait_orders_pipeline> on 2025-08-16 18:24:26+00:00
[2025-08-16T18:25:30.723+0000] {standard_task_runner.py:64} INFO - Started process 72 to run task
[2025-08-16T18:25:30.732+0000] {standard_task_runner.py:90} INFO - Running: ['***', 'tasks', 'run', 'dbt_athena_pipeline', 'wait_orders_pipeline', 'manual__2025-08-16T18:24:26+00:00', '--job-id', '14', '--raw', '--subdir', 'DAGS_FOLDER/dbt_athena_pipeline.py', '--cfg-path', '/tmp/tmpvythxnb5']
[2025-08-16T18:25:30.735+0000] {standard_task_runner.py:91} INFO - Job 14: Subtask wait_orders_pipeline
[2025-08-16T18:25:30.889+0000] {task_command.py:426} INFO - Running <TaskInstance: dbt_athena_pipeline.wait_orders_pipeline manual__2025-08-16T18:24:26+00:00 [running]> on host 392a94efd1c1
[2025-08-16T18:25:31.204+0000] {taskinstance.py:2648} INFO - Exporting env vars: AIRFLOW_CTX_DAG_OWNER='***' AIRFLOW_CTX_DAG_ID='dbt_athena_pipeline' AIRFLOW_CTX_TASK_ID='wait_orders_pipeline' AIRFLOW_CTX_EXECUTION_DATE='2025-08-16T18:24:26+00:00' AIRFLOW_CTX_TRY_NUMBER='1' AIRFLOW_CTX_DAG_RUN_ID='manual__2025-08-16T18:24:26+00:00'
[2025-08-16T18:25:31.206+0000] {taskinstance.py:430} INFO - ::endgroup::
[2025-08-16T18:25:31.239+0000] {baseoperator.py:400} WARNING - ExternalTaskSensor.execute cannot be called outside TaskInstance!
[2025-08-16T18:25:31.271+0000] {external_task.py:274} INFO - Poking for DAG 'orders_pipeline' on 2025-08-16T18:24:26+00:00 ... 
[2025-08-16T18:25:31.272+0000] {warnings.py:110} WARNING - /home/***/.local/lib/python3.11/site-packages/***/utils/session.py:79: DeprecationWarning: This method is deprecated and will be removed in future.
  return func(*args, session=session, **kwargs)

[2025-08-16T18:25:31.306+0000] {taskinstance.py:441} INFO - ::group::Post task execution logs
[2025-08-16T18:25:31.365+0000] {taskinstance.py:2865} INFO - Rescheduling task, marking task as UP_FOR_RESCHEDULE
[2025-08-16T18:25:31.391+0000] {local_task_job_runner.py:243} INFO - Task exited with return code 0
[2025-08-16T18:25:31.469+0000] {taskinstance.py:3503} INFO - 0 downstream tasks scheduled from follow-on schedule check
[2025-08-16T18:25:31.474+0000] {local_task_job_runner.py:222} INFO - ::endgroup::
[2025-08-16T18:26:32.998+0000] {local_task_job_runner.py:120} INFO - ::group::Pre task execution logs
[2025-08-16T18:26:33.071+0000] {taskinstance.py:2076} INFO - Dependencies all met for dep_context=non-requeueable deps ti=<TaskInstance: dbt_athena_pipeline.wait_orders_pipeline manual__2025-08-16T18:24:26+00:00 [queued]>
[2025-08-16T18:26:33.089+0000] {taskinstance.py:2076} INFO - Dependencies all met for dep_context=requeueable deps ti=<TaskInstance: dbt_athena_pipeline.wait_orders_pipeline manual__2025-08-16T18:24:26+00:00 [queued]>
[2025-08-16T18:26:33.089+0000] {taskinstance.py:2306} INFO - Starting attempt 1 of 3
[2025-08-16T18:26:33.121+0000] {taskinstance.py:2330} INFO - Executing <Task(ExternalTaskSensor): wait_orders_pipeline> on 2025-08-16 18:24:26+00:00
[2025-08-16T18:26:33.132+0000] {standard_task_runner.py:64} INFO - Started process 76 to run task
[2025-08-16T18:26:33.140+0000] {standard_task_runner.py:90} INFO - Running: ['***', 'tasks', 'run', 'dbt_athena_pipeline', 'wait_orders_pipeline', 'manual__2025-08-16T18:24:26+00:00', '--job-id', '16', '--raw', '--subdir', 'DAGS_FOLDER/dbt_athena_pipeline.py', '--cfg-path', '/tmp/tmp6q9tv8kv']
[2025-08-16T18:26:33.143+0000] {standard_task_runner.py:91} INFO - Job 16: Subtask wait_orders_pipeline
[2025-08-16T18:26:33.319+0000] {task_command.py:426} INFO - Running <TaskInstance: dbt_athena_pipeline.wait_orders_pipeline manual__2025-08-16T18:24:26+00:00 [running]> on host 392a94efd1c1
[2025-08-16T18:26:33.615+0000] {taskinstance.py:2648} INFO - Exporting env vars: AIRFLOW_CTX_DAG_OWNER='***' AIRFLOW_CTX_DAG_ID='dbt_athena_pipeline' AIRFLOW_CTX_TASK_ID='wait_orders_pipeline' AIRFLOW_CTX_EXECUTION_DATE='2025-08-16T18:24:26+00:00' AIRFLOW_CTX_TRY_NUMBER='1' AIRFLOW_CTX_DAG_RUN_ID='manual__2025-08-16T18:24:26+00:00'
[2025-08-16T18:26:33.617+0000] {taskinstance.py:430} INFO - ::endgroup::
[2025-08-16T18:26:33.649+0000] {baseoperator.py:400} WARNING - ExternalTaskSensor.execute cannot be called outside TaskInstance!
[2025-08-16T18:26:33.680+0000] {external_task.py:274} INFO - Poking for DAG 'orders_pipeline' on 2025-08-16T18:24:26+00:00 ... 
[2025-08-16T18:26:33.682+0000] {warnings.py:110} WARNING - /home/***/.local/lib/python3.11/site-packages/***/utils/session.py:79: DeprecationWarning: This method is deprecated and will be removed in future.
  return func(*args, session=session, **kwargs)

[2025-08-16T18:26:33.716+0000] {taskinstance.py:441} INFO - ::group::Post task execution logs
[2025-08-16T18:26:33.773+0000] {taskinstance.py:2865} INFO - Rescheduling task, marking task as UP_FOR_RESCHEDULE
[2025-08-16T18:26:33.799+0000] {local_task_job_runner.py:243} INFO - Task exited with return code 0
[2025-08-16T18:26:33.877+0000] {taskinstance.py:3503} INFO - 0 downstream tasks scheduled from follow-on schedule check
[2025-08-16T18:26:33.881+0000] {local_task_job_runner.py:222} INFO - ::endgroup::
[2025-08-16T18:27:35.352+0000] {local_task_job_runner.py:120} INFO - ::group::Pre task execution logs
[2025-08-16T18:27:35.431+0000] {taskinstance.py:2076} INFO - Dependencies all met for dep_context=non-requeueable deps ti=<TaskInstance: dbt_athena_pipeline.wait_orders_pipeline manual__2025-08-16T18:24:26+00:00 [queued]>
[2025-08-16T18:27:35.450+0000] {taskinstance.py:2076} INFO - Dependencies all met for dep_context=requeueable deps ti=<TaskInstance: dbt_athena_pipeline.wait_orders_pipeline manual__2025-08-16T18:24:26+00:00 [queued]>
[2025-08-16T18:27:35.451+0000] {taskinstance.py:2306} INFO - Starting attempt 1 of 3
[2025-08-16T18:27:35.487+0000] {taskinstance.py:2330} INFO - Executing <Task(ExternalTaskSensor): wait_orders_pipeline> on 2025-08-16 18:24:26+00:00
[2025-08-16T18:27:35.502+0000] {standard_task_runner.py:64} INFO - Started process 80 to run task
[2025-08-16T18:27:35.513+0000] {standard_task_runner.py:90} INFO - Running: ['***', 'tasks', 'run', 'dbt_athena_pipeline', 'wait_orders_pipeline', 'manual__2025-08-16T18:24:26+00:00', '--job-id', '18', '--raw', '--subdir', 'DAGS_FOLDER/dbt_athena_pipeline.py', '--cfg-path', '/tmp/tmpk2y_skwh']
[2025-08-16T18:27:35.517+0000] {standard_task_runner.py:91} INFO - Job 18: Subtask wait_orders_pipeline
[2025-08-16T18:27:35.722+0000] {task_command.py:426} INFO - Running <TaskInstance: dbt_athena_pipeline.wait_orders_pipeline manual__2025-08-16T18:24:26+00:00 [running]> on host 392a94efd1c1
[2025-08-16T18:27:36.037+0000] {taskinstance.py:2648} INFO - Exporting env vars: AIRFLOW_CTX_DAG_OWNER='***' AIRFLOW_CTX_DAG_ID='dbt_athena_pipeline' AIRFLOW_CTX_TASK_ID='wait_orders_pipeline' AIRFLOW_CTX_EXECUTION_DATE='2025-08-16T18:24:26+00:00' AIRFLOW_CTX_TRY_NUMBER='1' AIRFLOW_CTX_DAG_RUN_ID='manual__2025-08-16T18:24:26+00:00'
[2025-08-16T18:27:36.039+0000] {taskinstance.py:430} INFO - ::endgroup::
[2025-08-16T18:27:36.086+0000] {baseoperator.py:400} WARNING - ExternalTaskSensor.execute cannot be called outside TaskInstance!
[2025-08-16T18:27:36.128+0000] {external_task.py:274} INFO - Poking for DAG 'orders_pipeline' on 2025-08-16T18:24:26+00:00 ... 
[2025-08-16T18:27:36.130+0000] {warnings.py:110} WARNING - /home/***/.local/lib/python3.11/site-packages/***/utils/session.py:79: DeprecationWarning: This method is deprecated and will be removed in future.
  return func(*args, session=session, **kwargs)

[2025-08-16T18:27:36.163+0000] {taskinstance.py:441} INFO - ::group::Post task execution logs
[2025-08-16T18:27:36.237+0000] {taskinstance.py:2865} INFO - Rescheduling task, marking task as UP_FOR_RESCHEDULE
[2025-08-16T18:27:36.294+0000] {local_task_job_runner.py:243} INFO - Task exited with return code 0
[2025-08-16T18:27:36.376+0000] {taskinstance.py:3503} INFO - 0 downstream tasks scheduled from follow-on schedule check
[2025-08-16T18:27:36.380+0000] {local_task_job_runner.py:222} INFO - ::endgroup::
[2025-08-16T18:28:38.425+0000] {local_task_job_runner.py:120} INFO - ::group::Pre task execution logs
[2025-08-16T18:28:38.528+0000] {taskinstance.py:2076} INFO - Dependencies all met for dep_context=non-requeueable deps ti=<TaskInstance: dbt_athena_pipeline.wait_orders_pipeline manual__2025-08-16T18:24:26+00:00 [queued]>
[2025-08-16T18:28:38.548+0000] {taskinstance.py:2076} INFO - Dependencies all met for dep_context=requeueable deps ti=<TaskInstance: dbt_athena_pipeline.wait_orders_pipeline manual__2025-08-16T18:24:26+00:00 [queued]>
[2025-08-16T18:28:38.549+0000] {taskinstance.py:2306} INFO - Starting attempt 1 of 3
[2025-08-16T18:28:38.635+0000] {taskinstance.py:2330} INFO - Executing <Task(ExternalTaskSensor): wait_orders_pipeline> on 2025-08-16 18:24:26+00:00
[2025-08-16T18:28:38.648+0000] {standard_task_runner.py:64} INFO - Started process 84 to run task
[2025-08-16T18:28:38.659+0000] {standard_task_runner.py:90} INFO - Running: ['***', 'tasks', 'run', 'dbt_athena_pipeline', 'wait_orders_pipeline', 'manual__2025-08-16T18:24:26+00:00', '--job-id', '20', '--raw', '--subdir', 'DAGS_FOLDER/dbt_athena_pipeline.py', '--cfg-path', '/tmp/tmpz49wsfro']
[2025-08-16T18:28:38.664+0000] {standard_task_runner.py:91} INFO - Job 20: Subtask wait_orders_pipeline
[2025-08-16T18:28:38.987+0000] {task_command.py:426} INFO - Running <TaskInstance: dbt_athena_pipeline.wait_orders_pipeline manual__2025-08-16T18:24:26+00:00 [running]> on host 392a94efd1c1
[2025-08-16T18:28:39.607+0000] {taskinstance.py:2648} INFO - Exporting env vars: AIRFLOW_CTX_DAG_OWNER='***' AIRFLOW_CTX_DAG_ID='dbt_athena_pipeline' AIRFLOW_CTX_TASK_ID='wait_orders_pipeline' AIRFLOW_CTX_EXECUTION_DATE='2025-08-16T18:24:26+00:00' AIRFLOW_CTX_TRY_NUMBER='1' AIRFLOW_CTX_DAG_RUN_ID='manual__2025-08-16T18:24:26+00:00'
[2025-08-16T18:28:39.611+0000] {taskinstance.py:430} INFO - ::endgroup::
[2025-08-16T18:28:39.677+0000] {baseoperator.py:400} WARNING - ExternalTaskSensor.execute cannot be called outside TaskInstance!
[2025-08-16T18:28:39.736+0000] {external_task.py:274} INFO - Poking for DAG 'orders_pipeline' on 2025-08-16T18:24:26+00:00 ... 
[2025-08-16T18:28:39.739+0000] {warnings.py:110} WARNING - /home/***/.local/lib/python3.11/site-packages/***/utils/session.py:79: DeprecationWarning: This method is deprecated and will be removed in future.
  return func(*args, session=session, **kwargs)

[2025-08-16T18:28:39.791+0000] {taskinstance.py:441} INFO - ::group::Post task execution logs
[2025-08-16T18:28:39.988+0000] {taskinstance.py:2865} INFO - Rescheduling task, marking task as UP_FOR_RESCHEDULE
[2025-08-16T18:28:40.057+0000] {local_task_job_runner.py:243} INFO - Task exited with return code 0
[2025-08-16T18:28:40.263+0000] {taskinstance.py:3503} INFO - 0 downstream tasks scheduled from follow-on schedule check
[2025-08-16T18:28:40.316+0000] {local_task_job_runner.py:222} INFO - ::endgroup::
[2025-08-16T18:29:59.997+0000] {local_task_job_runner.py:120} INFO - ::group::Pre task execution logs
[2025-08-16T18:30:00.076+0000] {taskinstance.py:2076} INFO - Dependencies all met for dep_context=non-requeueable deps ti=<TaskInstance: dbt_athena_pipeline.wait_orders_pipeline manual__2025-08-16T18:24:26+00:00 [queued]>
[2025-08-16T18:30:00.097+0000] {taskinstance.py:2076} INFO - Dependencies all met for dep_context=requeueable deps ti=<TaskInstance: dbt_athena_pipeline.wait_orders_pipeline manual__2025-08-16T18:24:26+00:00 [queued]>
[2025-08-16T18:30:00.098+0000] {taskinstance.py:2306} INFO - Starting attempt 1 of 3
[2025-08-16T18:30:00.137+0000] {taskinstance.py:2330} INFO - Executing <Task(ExternalTaskSensor): wait_orders_pipeline> on 2025-08-16 18:24:26+00:00
[2025-08-16T18:30:00.152+0000] {standard_task_runner.py:64} INFO - Started process 88 to run task
[2025-08-16T18:30:00.161+0000] {standard_task_runner.py:90} INFO - Running: ['***', 'tasks', 'run', 'dbt_athena_pipeline', 'wait_orders_pipeline', 'manual__2025-08-16T18:24:26+00:00', '--job-id', '22', '--raw', '--subdir', 'DAGS_FOLDER/dbt_athena_pipeline.py', '--cfg-path', '/tmp/tmpq9rbsyxk']
[2025-08-16T18:30:00.164+0000] {standard_task_runner.py:91} INFO - Job 22: Subtask wait_orders_pipeline
[2025-08-16T18:30:00.318+0000] {task_command.py:426} INFO - Running <TaskInstance: dbt_athena_pipeline.wait_orders_pipeline manual__2025-08-16T18:24:26+00:00 [running]> on host 392a94efd1c1
[2025-08-16T18:30:00.577+0000] {taskinstance.py:2648} INFO - Exporting env vars: AIRFLOW_CTX_DAG_OWNER='***' AIRFLOW_CTX_DAG_ID='dbt_athena_pipeline' AIRFLOW_CTX_TASK_ID='wait_orders_pipeline' AIRFLOW_CTX_EXECUTION_DATE='2025-08-16T18:24:26+00:00' AIRFLOW_CTX_TRY_NUMBER='1' AIRFLOW_CTX_DAG_RUN_ID='manual__2025-08-16T18:24:26+00:00'
[2025-08-16T18:30:00.579+0000] {taskinstance.py:430} INFO - ::endgroup::
[2025-08-16T18:30:00.609+0000] {baseoperator.py:400} WARNING - ExternalTaskSensor.execute cannot be called outside TaskInstance!
[2025-08-16T18:30:00.638+0000] {external_task.py:274} INFO - Poking for DAG 'orders_pipeline' on 2025-08-16T18:24:26+00:00 ... 
[2025-08-16T18:30:00.639+0000] {warnings.py:110} WARNING - /home/***/.local/lib/python3.11/site-packages/***/utils/session.py:79: DeprecationWarning: This method is deprecated and will be removed in future.
  return func(*args, session=session, **kwargs)

[2025-08-16T18:30:00.671+0000] {taskinstance.py:441} INFO - ::group::Post task execution logs
[2025-08-16T18:30:00.724+0000] {taskinstance.py:2865} INFO - Rescheduling task, marking task as UP_FOR_RESCHEDULE
[2025-08-16T18:30:00.777+0000] {local_task_job_runner.py:243} INFO - Task exited with return code 0
[2025-08-16T18:30:00.848+0000] {taskinstance.py:3503} INFO - 0 downstream tasks scheduled from follow-on schedule check
[2025-08-16T18:30:00.853+0000] {local_task_job_runner.py:222} INFO - ::endgroup::
[2025-08-16T18:31:02.293+0000] {local_task_job_runner.py:120} INFO - ::group::Pre task execution logs
[2025-08-16T18:31:02.363+0000] {taskinstance.py:2076} INFO - Dependencies all met for dep_context=non-requeueable deps ti=<TaskInstance: dbt_athena_pipeline.wait_orders_pipeline manual__2025-08-16T18:24:26+00:00 [queued]>
[2025-08-16T18:31:02.384+0000] {taskinstance.py:2076} INFO - Dependencies all met for dep_context=requeueable deps ti=<TaskInstance: dbt_athena_pipeline.wait_orders_pipeline manual__2025-08-16T18:24:26+00:00 [queued]>
[2025-08-16T18:31:02.385+0000] {taskinstance.py:2306} INFO - Starting attempt 1 of 3
[2025-08-16T18:31:02.429+0000] {taskinstance.py:2330} INFO - Executing <Task(ExternalTaskSensor): wait_orders_pipeline> on 2025-08-16 18:24:26+00:00
[2025-08-16T18:31:02.447+0000] {standard_task_runner.py:64} INFO - Started process 92 to run task
[2025-08-16T18:31:02.458+0000] {standard_task_runner.py:90} INFO - Running: ['***', 'tasks', 'run', 'dbt_athena_pipeline', 'wait_orders_pipeline', 'manual__2025-08-16T18:24:26+00:00', '--job-id', '24', '--raw', '--subdir', 'DAGS_FOLDER/dbt_athena_pipeline.py', '--cfg-path', '/tmp/tmp85iygxwy']
[2025-08-16T18:31:02.468+0000] {standard_task_runner.py:91} INFO - Job 24: Subtask wait_orders_pipeline
[2025-08-16T18:31:02.681+0000] {task_command.py:426} INFO - Running <TaskInstance: dbt_athena_pipeline.wait_orders_pipeline manual__2025-08-16T18:24:26+00:00 [running]> on host 392a94efd1c1
[2025-08-16T18:31:03.066+0000] {taskinstance.py:2648} INFO - Exporting env vars: AIRFLOW_CTX_DAG_OWNER='***' AIRFLOW_CTX_DAG_ID='dbt_athena_pipeline' AIRFLOW_CTX_TASK_ID='wait_orders_pipeline' AIRFLOW_CTX_EXECUTION_DATE='2025-08-16T18:24:26+00:00' AIRFLOW_CTX_TRY_NUMBER='1' AIRFLOW_CTX_DAG_RUN_ID='manual__2025-08-16T18:24:26+00:00'
[2025-08-16T18:31:03.073+0000] {taskinstance.py:430} INFO - ::endgroup::
[2025-08-16T18:31:03.140+0000] {baseoperator.py:400} WARNING - ExternalTaskSensor.execute cannot be called outside TaskInstance!
[2025-08-16T18:31:03.174+0000] {external_task.py:274} INFO - Poking for DAG 'orders_pipeline' on 2025-08-16T18:24:26+00:00 ... 
[2025-08-16T18:31:03.176+0000] {warnings.py:110} WARNING - /home/***/.local/lib/python3.11/site-packages/***/utils/session.py:79: DeprecationWarning: This method is deprecated and will be removed in future.
  return func(*args, session=session, **kwargs)

[2025-08-16T18:31:03.234+0000] {taskinstance.py:441} INFO - ::group::Post task execution logs
[2025-08-16T18:31:03.288+0000] {taskinstance.py:2865} INFO - Rescheduling task, marking task as UP_FOR_RESCHEDULE
[2025-08-16T18:31:03.339+0000] {local_task_job_runner.py:243} INFO - Task exited with return code 0
[2025-08-16T18:31:03.375+0000] {local_task_job_runner.py:222} INFO - ::endgroup::
[2025-08-16T18:32:04.644+0000] {local_task_job_runner.py:120} INFO - ::group::Pre task execution logs
[2025-08-16T18:32:04.714+0000] {taskinstance.py:2076} INFO - Dependencies all met for dep_context=non-requeueable deps ti=<TaskInstance: dbt_athena_pipeline.wait_orders_pipeline manual__2025-08-16T18:24:26+00:00 [queued]>
[2025-08-16T18:32:04.767+0000] {taskinstance.py:2076} INFO - Dependencies all met for dep_context=requeueable deps ti=<TaskInstance: dbt_athena_pipeline.wait_orders_pipeline manual__2025-08-16T18:24:26+00:00 [queued]>
[2025-08-16T18:32:04.768+0000] {taskinstance.py:2306} INFO - Starting attempt 1 of 3
[2025-08-16T18:32:04.871+0000] {taskinstance.py:2330} INFO - Executing <Task(ExternalTaskSensor): wait_orders_pipeline> on 2025-08-16 18:24:26+00:00
[2025-08-16T18:32:04.907+0000] {standard_task_runner.py:64} INFO - Started process 96 to run task
[2025-08-16T18:32:04.919+0000] {standard_task_runner.py:90} INFO - Running: ['***', 'tasks', 'run', 'dbt_athena_pipeline', 'wait_orders_pipeline', 'manual__2025-08-16T18:24:26+00:00', '--job-id', '26', '--raw', '--subdir', 'DAGS_FOLDER/dbt_athena_pipeline.py', '--cfg-path', '/tmp/tmp4uu1vazj']
[2025-08-16T18:32:04.922+0000] {standard_task_runner.py:91} INFO - Job 26: Subtask wait_orders_pipeline
[2025-08-16T18:32:05.092+0000] {task_command.py:426} INFO - Running <TaskInstance: dbt_athena_pipeline.wait_orders_pipeline manual__2025-08-16T18:24:26+00:00 [running]> on host 392a94efd1c1
[2025-08-16T18:32:05.375+0000] {taskinstance.py:2648} INFO - Exporting env vars: AIRFLOW_CTX_DAG_OWNER='***' AIRFLOW_CTX_DAG_ID='dbt_athena_pipeline' AIRFLOW_CTX_TASK_ID='wait_orders_pipeline' AIRFLOW_CTX_EXECUTION_DATE='2025-08-16T18:24:26+00:00' AIRFLOW_CTX_TRY_NUMBER='1' AIRFLOW_CTX_DAG_RUN_ID='manual__2025-08-16T18:24:26+00:00'
[2025-08-16T18:32:05.379+0000] {taskinstance.py:430} INFO - ::endgroup::
[2025-08-16T18:32:05.413+0000] {baseoperator.py:400} WARNING - ExternalTaskSensor.execute cannot be called outside TaskInstance!
[2025-08-16T18:32:05.444+0000] {external_task.py:274} INFO - Poking for DAG 'orders_pipeline' on 2025-08-16T18:24:26+00:00 ... 
[2025-08-16T18:32:05.446+0000] {warnings.py:110} WARNING - /home/***/.local/lib/python3.11/site-packages/***/utils/session.py:79: DeprecationWarning: This method is deprecated and will be removed in future.
  return func(*args, session=session, **kwargs)

[2025-08-16T18:32:05.483+0000] {taskinstance.py:441} INFO - ::group::Post task execution logs
[2025-08-16T18:32:05.542+0000] {taskinstance.py:2865} INFO - Rescheduling task, marking task as UP_FOR_RESCHEDULE
[2025-08-16T18:32:05.578+0000] {local_task_job_runner.py:243} INFO - Task exited with return code 0
[2025-08-16T18:32:05.663+0000] {taskinstance.py:3503} INFO - 0 downstream tasks scheduled from follow-on schedule check
[2025-08-16T18:32:05.667+0000] {local_task_job_runner.py:222} INFO - ::endgroup::
[2025-08-16T18:33:06.810+0000] {local_task_job_runner.py:120} INFO - ::group::Pre task execution logs
[2025-08-16T18:33:06.876+0000] {taskinstance.py:2076} INFO - Dependencies all met for dep_context=non-requeueable deps ti=<TaskInstance: dbt_athena_pipeline.wait_orders_pipeline manual__2025-08-16T18:24:26+00:00 [queued]>
[2025-08-16T18:33:06.895+0000] {taskinstance.py:2076} INFO - Dependencies all met for dep_context=requeueable deps ti=<TaskInstance: dbt_athena_pipeline.wait_orders_pipeline manual__2025-08-16T18:24:26+00:00 [queued]>
[2025-08-16T18:33:06.896+0000] {taskinstance.py:2306} INFO - Starting attempt 1 of 3
[2025-08-16T18:33:06.932+0000] {taskinstance.py:2330} INFO - Executing <Task(ExternalTaskSensor): wait_orders_pipeline> on 2025-08-16 18:24:26+00:00
[2025-08-16T18:33:06.944+0000] {standard_task_runner.py:64} INFO - Started process 100 to run task
[2025-08-16T18:33:06.952+0000] {standard_task_runner.py:90} INFO - Running: ['***', 'tasks', 'run', 'dbt_athena_pipeline', 'wait_orders_pipeline', 'manual__2025-08-16T18:24:26+00:00', '--job-id', '28', '--raw', '--subdir', 'DAGS_FOLDER/dbt_athena_pipeline.py', '--cfg-path', '/tmp/tmpml4oz9vf']
[2025-08-16T18:33:06.956+0000] {standard_task_runner.py:91} INFO - Job 28: Subtask wait_orders_pipeline
[2025-08-16T18:33:07.119+0000] {task_command.py:426} INFO - Running <TaskInstance: dbt_athena_pipeline.wait_orders_pipeline manual__2025-08-16T18:24:26+00:00 [running]> on host 392a94efd1c1
[2025-08-16T18:33:07.426+0000] {taskinstance.py:2648} INFO - Exporting env vars: AIRFLOW_CTX_DAG_OWNER='***' AIRFLOW_CTX_DAG_ID='dbt_athena_pipeline' AIRFLOW_CTX_TASK_ID='wait_orders_pipeline' AIRFLOW_CTX_EXECUTION_DATE='2025-08-16T18:24:26+00:00' AIRFLOW_CTX_TRY_NUMBER='1' AIRFLOW_CTX_DAG_RUN_ID='manual__2025-08-16T18:24:26+00:00'
[2025-08-16T18:33:07.429+0000] {taskinstance.py:430} INFO - ::endgroup::
[2025-08-16T18:33:07.465+0000] {baseoperator.py:400} WARNING - ExternalTaskSensor.execute cannot be called outside TaskInstance!
[2025-08-16T18:33:07.499+0000] {external_task.py:274} INFO - Poking for DAG 'orders_pipeline' on 2025-08-16T18:24:26+00:00 ... 
[2025-08-16T18:33:07.500+0000] {warnings.py:110} WARNING - /home/***/.local/lib/python3.11/site-packages/***/utils/session.py:79: DeprecationWarning: This method is deprecated and will be removed in future.
  return func(*args, session=session, **kwargs)

[2025-08-16T18:33:07.538+0000] {taskinstance.py:441} INFO - ::group::Post task execution logs
[2025-08-16T18:33:07.604+0000] {taskinstance.py:2865} INFO - Rescheduling task, marking task as UP_FOR_RESCHEDULE
[2025-08-16T18:33:07.654+0000] {local_task_job_runner.py:243} INFO - Task exited with return code 0
[2025-08-16T18:33:07.767+0000] {taskinstance.py:3503} INFO - 0 downstream tasks scheduled from follow-on schedule check
[2025-08-16T18:33:07.771+0000] {local_task_job_runner.py:222} INFO - ::endgroup::
[2025-08-16T18:34:09.633+0000] {local_task_job_runner.py:120} INFO - ::group::Pre task execution logs
[2025-08-16T18:34:09.773+0000] {taskinstance.py:2076} INFO - Dependencies all met for dep_context=non-requeueable deps ti=<TaskInstance: dbt_athena_pipeline.wait_orders_pipeline manual__2025-08-16T18:24:26+00:00 [queued]>
[2025-08-16T18:34:09.804+0000] {taskinstance.py:2076} INFO - Dependencies all met for dep_context=requeueable deps ti=<TaskInstance: dbt_athena_pipeline.wait_orders_pipeline manual__2025-08-16T18:24:26+00:00 [queued]>
[2025-08-16T18:34:09.806+0000] {taskinstance.py:2306} INFO - Starting attempt 1 of 3
[2025-08-16T18:34:09.866+0000] {taskinstance.py:2330} INFO - Executing <Task(ExternalTaskSensor): wait_orders_pipeline> on 2025-08-16 18:24:26+00:00
[2025-08-16T18:34:09.885+0000] {standard_task_runner.py:64} INFO - Started process 104 to run task
[2025-08-16T18:34:09.898+0000] {standard_task_runner.py:90} INFO - Running: ['***', 'tasks', 'run', 'dbt_athena_pipeline', 'wait_orders_pipeline', 'manual__2025-08-16T18:24:26+00:00', '--job-id', '30', '--raw', '--subdir', 'DAGS_FOLDER/dbt_athena_pipeline.py', '--cfg-path', '/tmp/tmp_kuadpjj']
[2025-08-16T18:34:09.903+0000] {standard_task_runner.py:91} INFO - Job 30: Subtask wait_orders_pipeline
[2025-08-16T18:34:10.063+0000] {task_command.py:426} INFO - Running <TaskInstance: dbt_athena_pipeline.wait_orders_pipeline manual__2025-08-16T18:24:26+00:00 [running]> on host 392a94efd1c1
[2025-08-16T18:34:10.565+0000] {taskinstance.py:2648} INFO - Exporting env vars: AIRFLOW_CTX_DAG_OWNER='***' AIRFLOW_CTX_DAG_ID='dbt_athena_pipeline' AIRFLOW_CTX_TASK_ID='wait_orders_pipeline' AIRFLOW_CTX_EXECUTION_DATE='2025-08-16T18:24:26+00:00' AIRFLOW_CTX_TRY_NUMBER='1' AIRFLOW_CTX_DAG_RUN_ID='manual__2025-08-16T18:24:26+00:00'
[2025-08-16T18:34:10.568+0000] {taskinstance.py:430} INFO - ::endgroup::
[2025-08-16T18:34:10.638+0000] {baseoperator.py:400} WARNING - ExternalTaskSensor.execute cannot be called outside TaskInstance!
[2025-08-16T18:34:10.696+0000] {external_task.py:274} INFO - Poking for DAG 'orders_pipeline' on 2025-08-16T18:24:26+00:00 ... 
[2025-08-16T18:34:10.699+0000] {warnings.py:110} WARNING - /home/***/.local/lib/python3.11/site-packages/***/utils/session.py:79: DeprecationWarning: This method is deprecated and will be removed in future.
  return func(*args, session=session, **kwargs)

[2025-08-16T18:34:10.745+0000] {taskinstance.py:441} INFO - ::group::Post task execution logs
[2025-08-16T18:34:10.859+0000] {taskinstance.py:2865} INFO - Rescheduling task, marking task as UP_FOR_RESCHEDULE
[2025-08-16T18:34:10.919+0000] {local_task_job_runner.py:243} INFO - Task exited with return code 0
[2025-08-16T18:34:11.009+0000] {taskinstance.py:3503} INFO - 0 downstream tasks scheduled from follow-on schedule check
[2025-08-16T18:34:11.014+0000] {local_task_job_runner.py:222} INFO - ::endgroup::
[2025-08-16T18:35:12.478+0000] {local_task_job_runner.py:120} INFO - ::group::Pre task execution logs
[2025-08-16T18:35:12.587+0000] {taskinstance.py:2076} INFO - Dependencies all met for dep_context=non-requeueable deps ti=<TaskInstance: dbt_athena_pipeline.wait_orders_pipeline manual__2025-08-16T18:24:26+00:00 [queued]>
[2025-08-16T18:35:12.613+0000] {taskinstance.py:2076} INFO - Dependencies all met for dep_context=requeueable deps ti=<TaskInstance: dbt_athena_pipeline.wait_orders_pipeline manual__2025-08-16T18:24:26+00:00 [queued]>
[2025-08-16T18:35:12.614+0000] {taskinstance.py:2306} INFO - Starting attempt 1 of 3
[2025-08-16T18:35:12.670+0000] {taskinstance.py:2330} INFO - Executing <Task(ExternalTaskSensor): wait_orders_pipeline> on 2025-08-16 18:24:26+00:00
[2025-08-16T18:35:12.687+0000] {standard_task_runner.py:64} INFO - Started process 108 to run task
[2025-08-16T18:35:12.698+0000] {standard_task_runner.py:90} INFO - Running: ['***', 'tasks', 'run', 'dbt_athena_pipeline', 'wait_orders_pipeline', 'manual__2025-08-16T18:24:26+00:00', '--job-id', '32', '--raw', '--subdir', 'DAGS_FOLDER/dbt_athena_pipeline.py', '--cfg-path', '/tmp/tmpjeo7yj5b']
[2025-08-16T18:35:12.704+0000] {standard_task_runner.py:91} INFO - Job 32: Subtask wait_orders_pipeline
[2025-08-16T18:35:12.906+0000] {task_command.py:426} INFO - Running <TaskInstance: dbt_athena_pipeline.wait_orders_pipeline manual__2025-08-16T18:24:26+00:00 [running]> on host 392a94efd1c1
[2025-08-16T18:35:13.264+0000] {taskinstance.py:2648} INFO - Exporting env vars: AIRFLOW_CTX_DAG_OWNER='***' AIRFLOW_CTX_DAG_ID='dbt_athena_pipeline' AIRFLOW_CTX_TASK_ID='wait_orders_pipeline' AIRFLOW_CTX_EXECUTION_DATE='2025-08-16T18:24:26+00:00' AIRFLOW_CTX_TRY_NUMBER='1' AIRFLOW_CTX_DAG_RUN_ID='manual__2025-08-16T18:24:26+00:00'
[2025-08-16T18:35:13.268+0000] {taskinstance.py:430} INFO - ::endgroup::
[2025-08-16T18:35:13.318+0000] {baseoperator.py:400} WARNING - ExternalTaskSensor.execute cannot be called outside TaskInstance!
[2025-08-16T18:35:13.358+0000] {external_task.py:274} INFO - Poking for DAG 'orders_pipeline' on 2025-08-16T18:24:26+00:00 ... 
[2025-08-16T18:35:13.361+0000] {warnings.py:110} WARNING - /home/***/.local/lib/python3.11/site-packages/***/utils/session.py:79: DeprecationWarning: This method is deprecated and will be removed in future.
  return func(*args, session=session, **kwargs)

[2025-08-16T18:35:13.404+0000] {taskinstance.py:441} INFO - ::group::Post task execution logs
[2025-08-16T18:35:13.460+0000] {taskinstance.py:2865} INFO - Rescheduling task, marking task as UP_FOR_RESCHEDULE
[2025-08-16T18:35:13.518+0000] {local_task_job_runner.py:243} INFO - Task exited with return code 0
[2025-08-16T18:35:13.646+0000] {taskinstance.py:3503} INFO - 0 downstream tasks scheduled from follow-on schedule check
[2025-08-16T18:35:13.653+0000] {local_task_job_runner.py:222} INFO - ::endgroup::
