[2025-08-16T19:33:56.696+0000] {local_task_job_runner.py:120} INFO - ::group::Pre task execution logs
[2025-08-16T19:33:56.729+0000] {taskinstance.py:2076} INFO - Dependencies all met for dep_context=non-requeueable deps ti=<TaskInstance: orders_pipeline.add_partition manual__2025-08-16T19:28:40.155987+00:00 [queued]>
[2025-08-16T19:33:56.739+0000] {taskinstance.py:2076} INFO - Dependencies all met for dep_context=requeueable deps ti=<TaskInstance: orders_pipeline.add_partition manual__2025-08-16T19:28:40.155987+00:00 [queued]>
[2025-08-16T19:33:56.739+0000] {taskinstance.py:2306} INFO - Starting attempt 1 of 2
[2025-08-16T19:33:56.757+0000] {taskinstance.py:2330} INFO - Executing <Task(BashOperator): add_partition> on 2025-08-16 19:28:40.155987+00:00
[2025-08-16T19:33:56.762+0000] {standard_task_runner.py:64} INFO - Started process 148 to run task
[2025-08-16T19:33:56.768+0000] {standard_task_runner.py:90} INFO - Running: ['***', 'tasks', 'run', 'orders_pipeline', 'add_partition', 'manual__2025-08-16T19:28:40.155987+00:00', '--job-id', '74', '--raw', '--subdir', 'DAGS_FOLDER/orders_pipeline.py', '--cfg-path', '/tmp/tmpfl230lvg']
[2025-08-16T19:33:56.770+0000] {standard_task_runner.py:91} INFO - Job 74: Subtask add_partition
[2025-08-16T19:33:56.843+0000] {task_command.py:426} INFO - Running <TaskInstance: orders_pipeline.add_partition manual__2025-08-16T19:28:40.155987+00:00 [running]> on host 392a94efd1c1
[2025-08-16T19:33:56.983+0000] {taskinstance.py:2648} INFO - Exporting env vars: AIRFLOW_CTX_DAG_OWNER='***' AIRFLOW_CTX_DAG_ID='orders_pipeline' AIRFLOW_CTX_TASK_ID='add_partition' AIRFLOW_CTX_EXECUTION_DATE='2025-08-16T19:28:40.155987+00:00' AIRFLOW_CTX_TRY_NUMBER='1' AIRFLOW_CTX_DAG_RUN_ID='manual__2025-08-16T19:28:40.155987+00:00'
[2025-08-16T19:33:56.985+0000] {taskinstance.py:430} INFO - ::endgroup::
[2025-08-16T19:33:57.003+0000] {subprocess.py:63} INFO - Tmp dir root location: /tmp
[2025-08-16T19:33:57.004+0000] {subprocess.py:75} INFO - Running command: ['/usr/bin/bash', '-c', 'set -Eeuo pipefail -x; # Exemplo: se NÃO particiona, só faz um SELECT para validar\nSQL="SELECT count(*) AS cnt FROM analytics.orders_raw;"\nQID=$(aws athena start-query-execution   --query-string "$SQL"   --query-execution-context "Database=$ATHENA_DB"   --work-group primary   --query \'QueryExecutionId\' --output text)\naws athena get-query-execution --query-execution-id "$QID" --query \'QueryExecution.Status.State\' --output text']
[2025-08-16T19:33:57.017+0000] {subprocess.py:86} INFO - Output:
[2025-08-16T19:33:57.018+0000] {subprocess.py:93} INFO - + SQL='SELECT count(*) AS cnt FROM analytics.orders_raw;'
[2025-08-16T19:33:57.019+0000] {subprocess.py:93} INFO - ++ aws athena start-query-execution --query-string 'SELECT count(*) AS cnt FROM analytics.orders_raw;' --query-execution-context Database=analytics --work-group primary --query QueryExecutionId --output text
[2025-08-16T19:34:00.210+0000] {subprocess.py:93} INFO - + QID=1a4700b5-dc8d-43ef-ada2-7f83e4b29d86
[2025-08-16T19:34:00.210+0000] {subprocess.py:93} INFO - + aws athena get-query-execution --query-execution-id 1a4700b5-dc8d-43ef-ada2-7f83e4b29d86 --query QueryExecution.Status.State --output text
[2025-08-16T19:34:03.586+0000] {subprocess.py:93} INFO - SUCCEEDED
[2025-08-16T19:34:03.791+0000] {subprocess.py:97} INFO - Command exited with return code 0
[2025-08-16T19:34:03.793+0000] {taskinstance.py:441} INFO - ::group::Post task execution logs
[2025-08-16T19:34:03.849+0000] {taskinstance.py:1206} INFO - Marking task as SUCCESS. dag_id=orders_pipeline, task_id=add_partition, run_id=manual__2025-08-16T19:28:40.155987+00:00, execution_date=20250816T192840, start_date=20250816T193356, end_date=20250816T193403
[2025-08-16T19:34:03.924+0000] {local_task_job_runner.py:243} INFO - Task exited with return code 0
[2025-08-16T19:34:03.974+0000] {taskinstance.py:3503} INFO - 0 downstream tasks scheduled from follow-on schedule check
[2025-08-16T19:34:03.977+0000] {local_task_job_runner.py:222} INFO - ::endgroup::
