[2025-08-16T18:40:22.156+0000] {local_task_job_runner.py:120} INFO - ::group::Pre task execution logs
[2025-08-16T18:40:22.244+0000] {taskinstance.py:2076} INFO - Dependencies all met for dep_context=non-requeueable deps ti=<TaskInstance: dbt_athena_pipeline.dbt_deps manual__2025-08-16T18:40:19+00:00 [queued]>
[2025-08-16T18:40:22.262+0000] {taskinstance.py:2076} INFO - Dependencies all met for dep_context=requeueable deps ti=<TaskInstance: dbt_athena_pipeline.dbt_deps manual__2025-08-16T18:40:19+00:00 [queued]>
[2025-08-16T18:40:22.262+0000] {taskinstance.py:2306} INFO - Starting attempt 1 of 2
[2025-08-16T18:40:22.293+0000] {taskinstance.py:2330} INFO - Executing <Task(BashOperator): dbt_deps> on 2025-08-16 18:40:19+00:00
[2025-08-16T18:40:22.304+0000] {standard_task_runner.py:64} INFO - Started process 124 to run task
[2025-08-16T18:40:22.312+0000] {standard_task_runner.py:90} INFO - Running: ['***', 'tasks', 'run', 'dbt_athena_pipeline', 'dbt_deps', 'manual__2025-08-16T18:40:19+00:00', '--job-id', '37', '--raw', '--subdir', 'DAGS_FOLDER/dbt_athena_pipeline.py', '--cfg-path', '/tmp/tmphna7vzps']
[2025-08-16T18:40:22.315+0000] {standard_task_runner.py:91} INFO - Job 37: Subtask dbt_deps
[2025-08-16T18:40:22.461+0000] {task_command.py:426} INFO - Running <TaskInstance: dbt_athena_pipeline.dbt_deps manual__2025-08-16T18:40:19+00:00 [running]> on host 392a94efd1c1
[2025-08-16T18:40:22.732+0000] {taskinstance.py:2648} INFO - Exporting env vars: AIRFLOW_CTX_DAG_OWNER='***' AIRFLOW_CTX_DAG_ID='dbt_athena_pipeline' AIRFLOW_CTX_TASK_ID='dbt_deps' AIRFLOW_CTX_EXECUTION_DATE='2025-08-16T18:40:19+00:00' AIRFLOW_CTX_TRY_NUMBER='1' AIRFLOW_CTX_DAG_RUN_ID='manual__2025-08-16T18:40:19+00:00'
[2025-08-16T18:40:22.734+0000] {taskinstance.py:430} INFO - ::endgroup::
[2025-08-16T18:40:22.762+0000] {subprocess.py:63} INFO - Tmp dir root location: /tmp
[2025-08-16T18:40:22.764+0000] {subprocess.py:75} INFO - Running command: ['/usr/bin/bash', '-c', 'set -Eeuo pipefail -x; cd /opt/***/dbt; echo \'which dbt=\'$(command -v dbt || true); /home/***/.local/bin/dbt --version || true; echo "ENV S3_BUCKET=$S3_BUCKET ATHENA_DB=$ATHENA_DB AWS_DEFAULT_REGION=$AWS_DEFAULT_REGION"; /home/***/.local/bin/dbt deps --profiles-dir /opt/***/.dbt -v']
[2025-08-16T18:40:22.787+0000] {subprocess.py:86} INFO - Output:
[2025-08-16T18:40:22.789+0000] {subprocess.py:93} INFO - + cd /opt/***/dbt
[2025-08-16T18:40:22.790+0000] {subprocess.py:93} INFO - ++ command -v dbt
[2025-08-16T18:40:22.791+0000] {subprocess.py:93} INFO - + echo 'which dbt=/home/***/.local/bin/dbt'
[2025-08-16T18:40:22.792+0000] {subprocess.py:93} INFO - which dbt=/home/***/.local/bin/dbt
[2025-08-16T18:40:22.792+0000] {subprocess.py:93} INFO - + /home/***/.local/bin/dbt --version
[2025-08-16T18:40:31.190+0000] {subprocess.py:93} INFO - Core:
[2025-08-16T18:40:31.191+0000] {subprocess.py:93} INFO -   - installed: 1.9.2
[2025-08-16T18:40:31.192+0000] {subprocess.py:93} INFO -   - latest:    1.10.9 - Update available!
[2025-08-16T18:40:31.193+0000] {subprocess.py:93} INFO - 
[2025-08-16T18:40:31.195+0000] {subprocess.py:93} INFO -   Your version of dbt-core is out of date!
[2025-08-16T18:40:31.196+0000] {subprocess.py:93} INFO -   You can find instructions for upgrading here:
[2025-08-16T18:40:31.197+0000] {subprocess.py:93} INFO -   https://docs.getdbt.com/docs/installation
[2025-08-16T18:40:31.197+0000] {subprocess.py:93} INFO - 
[2025-08-16T18:40:31.198+0000] {subprocess.py:93} INFO - Plugins:
[2025-08-16T18:40:31.199+0000] {subprocess.py:93} INFO -   - athena: 1.9.4 - Up to date!
[2025-08-16T18:40:31.199+0000] {subprocess.py:93} INFO - 
[2025-08-16T18:40:31.200+0000] {subprocess.py:93} INFO - 
[2025-08-16T18:40:31.791+0000] {subprocess.py:93} INFO - + echo 'ENV S3_BUCKET=pt-data-lab ATHENA_DB=analytics AWS_DEFAULT_REGION=us-east-2'
[2025-08-16T18:40:31.792+0000] {subprocess.py:93} INFO - ENV S3_BUCKET=pt-data-lab ATHENA_DB=analytics AWS_DEFAULT_REGION=us-east-2
[2025-08-16T18:40:31.792+0000] {subprocess.py:93} INFO - + /home/***/.local/bin/dbt deps --profiles-dir /opt/***/.dbt -v
[2025-08-16T18:40:39.717+0000] {subprocess.py:93} INFO - Core:
[2025-08-16T18:40:39.718+0000] {subprocess.py:93} INFO -   - installed: 1.9.2
[2025-08-16T18:40:39.720+0000] {subprocess.py:93} INFO -   - latest:    1.10.9 - Update available!
[2025-08-16T18:40:39.725+0000] {subprocess.py:93} INFO - 
[2025-08-16T18:40:39.726+0000] {subprocess.py:93} INFO -   Your version of dbt-core is out of date!
[2025-08-16T18:40:39.728+0000] {subprocess.py:93} INFO -   You can find instructions for upgrading here:
[2025-08-16T18:40:39.730+0000] {subprocess.py:93} INFO -   https://docs.getdbt.com/docs/installation
[2025-08-16T18:40:39.731+0000] {subprocess.py:93} INFO - 
[2025-08-16T18:40:39.733+0000] {subprocess.py:93} INFO - Plugins:
[2025-08-16T18:40:39.734+0000] {subprocess.py:93} INFO -   - athena: 1.9.4 - Up to date!
[2025-08-16T18:40:39.735+0000] {subprocess.py:93} INFO - 
[2025-08-16T18:40:39.736+0000] {subprocess.py:93} INFO - 
[2025-08-16T18:40:40.489+0000] {subprocess.py:97} INFO - Command exited with return code 0
[2025-08-16T18:40:40.491+0000] {taskinstance.py:441} INFO - ::group::Post task execution logs
[2025-08-16T18:40:40.536+0000] {taskinstance.py:1206} INFO - Marking task as SUCCESS. dag_id=dbt_athena_pipeline, task_id=dbt_deps, run_id=manual__2025-08-16T18:40:19+00:00, execution_date=20250816T184019, start_date=20250816T184022, end_date=20250816T184040
[2025-08-16T18:40:40.633+0000] {local_task_job_runner.py:243} INFO - Task exited with return code 0
[2025-08-16T18:40:40.669+0000] {local_task_job_runner.py:222} INFO - ::endgroup::
