[2025-08-22T16:06:48.776+0000] {local_task_job_runner.py:120} INFO - ::group::Pre task execution logs
[2025-08-22T16:06:49.002+0000] {taskinstance.py:2076} INFO - Dependencies all met for dep_context=non-requeueable deps ti=<TaskInstance: orders_pipeline.generate_orders_csv manual__2025-08-22T16:06:45+00:00 [queued]>
[2025-08-22T16:06:49.052+0000] {taskinstance.py:2076} INFO - Dependencies all met for dep_context=requeueable deps ti=<TaskInstance: orders_pipeline.generate_orders_csv manual__2025-08-22T16:06:45+00:00 [queued]>
[2025-08-22T16:06:49.066+0000] {taskinstance.py:2306} INFO - Starting attempt 1 of 2
[2025-08-22T16:06:49.199+0000] {taskinstance.py:2330} INFO - Executing <Task(BashOperator): generate_orders_csv> on 2025-08-22 16:06:45+00:00
[2025-08-22T16:06:49.234+0000] {standard_task_runner.py:64} INFO - Started process 71 to run task
[2025-08-22T16:06:49.259+0000] {standard_task_runner.py:90} INFO - Running: ['***', 'tasks', 'run', 'orders_pipeline', 'generate_orders_csv', 'manual__2025-08-22T16:06:45+00:00', '--job-id', '161', '--raw', '--subdir', 'DAGS_FOLDER/orders_pipeline.py', '--cfg-path', '/tmp/tmpvuxe5bhz']
[2025-08-22T16:06:49.271+0000] {standard_task_runner.py:91} INFO - Job 161: Subtask generate_orders_csv
[2025-08-22T16:06:49.740+0000] {task_command.py:426} INFO - Running <TaskInstance: orders_pipeline.generate_orders_csv manual__2025-08-22T16:06:45+00:00 [running]> on host 7ff1c03ded3b
[2025-08-22T16:06:50.645+0000] {taskinstance.py:2648} INFO - Exporting env vars: AIRFLOW_CTX_DAG_OWNER='***' AIRFLOW_CTX_DAG_ID='orders_pipeline' AIRFLOW_CTX_TASK_ID='generate_orders_csv' AIRFLOW_CTX_EXECUTION_DATE='2025-08-22T16:06:45+00:00' AIRFLOW_CTX_TRY_NUMBER='1' AIRFLOW_CTX_DAG_RUN_ID='manual__2025-08-22T16:06:45+00:00'
[2025-08-22T16:06:50.648+0000] {taskinstance.py:430} INFO - ::endgroup::
[2025-08-22T16:06:50.710+0000] {subprocess.py:63} INFO - Tmp dir root location: /tmp
[2025-08-22T16:06:50.715+0000] {subprocess.py:75} INFO - Running command: ['/usr/bin/bash', '-c', "set -Eeuo pipefail -x; \ncat > /tmp/orders.csv <<'CSV'\norder_id,order_date,customer,amount\n1,2024-01-05,Ana,120.50\n2,2024-01-07,Bruno,89.90\n3,2024-01-08,Carla,45.00\n4,2024-01-09,Ana,77.10\nCSV\nls -lah /tmp/orders.csv\nhead -n 3 /tmp/orders.csv || true"]
[2025-08-22T16:06:50.757+0000] {subprocess.py:86} INFO - Output:
[2025-08-22T16:06:50.761+0000] {subprocess.py:93} INFO - + cat
[2025-08-22T16:06:50.767+0000] {subprocess.py:93} INFO - + ls -lah /tmp/orders.csv
[2025-08-22T16:06:50.779+0000] {subprocess.py:93} INFO - -rw-rw-r-- 1 *** root 133 Aug 22 16:06 /tmp/orders.csv
[2025-08-22T16:06:50.780+0000] {subprocess.py:93} INFO - + head -n 3 /tmp/orders.csv
[2025-08-22T16:06:50.783+0000] {subprocess.py:93} INFO - order_id,order_date,customer,amount
[2025-08-22T16:06:50.784+0000] {subprocess.py:93} INFO - 1,2024-01-05,Ana,120.50
[2025-08-22T16:06:50.787+0000] {subprocess.py:93} INFO - 2,2024-01-07,Bruno,89.90
[2025-08-22T16:06:50.788+0000] {subprocess.py:97} INFO - Command exited with return code 0
[2025-08-22T16:06:50.791+0000] {taskinstance.py:441} INFO - ::group::Post task execution logs
[2025-08-22T16:06:50.855+0000] {taskinstance.py:1206} INFO - Marking task as SUCCESS. dag_id=orders_pipeline, task_id=generate_orders_csv, run_id=manual__2025-08-22T16:06:45+00:00, execution_date=20250822T160645, start_date=20250822T160649, end_date=20250822T160650
[2025-08-22T16:06:50.946+0000] {local_task_job_runner.py:243} INFO - Task exited with return code 0
[2025-08-22T16:06:51.054+0000] {taskinstance.py:3503} INFO - 1 downstream tasks scheduled from follow-on schedule check
[2025-08-22T16:06:51.058+0000] {local_task_job_runner.py:222} INFO - ::endgroup::
