[2025-08-14T16:58:36.171+0000] {local_task_job_runner.py:120} INFO - ::group::Pre task execution logs
[2025-08-14T16:58:36.193+0000] {taskinstance.py:2076} INFO - Dependencies all met for dep_context=non-requeueable deps ti=<TaskInstance: orders_pipeline.drop_orders_summary_if_exists manual__2025-08-14T16:58:18.948894+00:00 [queued]>
[2025-08-14T16:58:36.202+0000] {taskinstance.py:2076} INFO - Dependencies all met for dep_context=requeueable deps ti=<TaskInstance: orders_pipeline.drop_orders_summary_if_exists manual__2025-08-14T16:58:18.948894+00:00 [queued]>
[2025-08-14T16:58:36.203+0000] {taskinstance.py:2306} INFO - Starting attempt 1 of 1
[2025-08-14T16:58:36.219+0000] {taskinstance.py:2330} INFO - Executing <Task(AthenaOperator): drop_orders_summary_if_exists> on 2025-08-14 16:58:18.948894+00:00
[2025-08-14T16:58:36.225+0000] {standard_task_runner.py:64} INFO - Started process 60 to run task
[2025-08-14T16:58:36.229+0000] {standard_task_runner.py:90} INFO - Running: ['***', 'tasks', 'run', 'orders_pipeline', 'drop_orders_summary_if_exists', 'manual__2025-08-14T16:58:18.948894+00:00', '--job-id', '6', '--raw', '--subdir', 'DAGS_FOLDER/orders_pipeline.py', '--cfg-path', '/tmp/tmpahf6rrpn']
[2025-08-14T16:58:36.231+0000] {standard_task_runner.py:91} INFO - Job 6: Subtask drop_orders_summary_if_exists
[2025-08-14T16:58:36.305+0000] {task_command.py:426} INFO - Running <TaskInstance: orders_pipeline.drop_orders_summary_if_exists manual__2025-08-14T16:58:18.948894+00:00 [running]> on host fa848d464678
[2025-08-14T16:58:36.438+0000] {taskinstance.py:2648} INFO - Exporting env vars: AIRFLOW_CTX_DAG_OWNER='data-eng' AIRFLOW_CTX_DAG_ID='orders_pipeline' AIRFLOW_CTX_TASK_ID='drop_orders_summary_if_exists' AIRFLOW_CTX_EXECUTION_DATE='2025-08-14T16:58:18.948894+00:00' AIRFLOW_CTX_TRY_NUMBER='1' AIRFLOW_CTX_DAG_RUN_ID='manual__2025-08-14T16:58:18.948894+00:00'
[2025-08-14T16:58:36.439+0000] {taskinstance.py:430} INFO - ::endgroup::
[2025-08-14T16:58:36.454+0000] {athena.py:132} INFO - Running Query with params:
	QueryString: 
		DROP TABLE IF EXISTS analytics.orders_summary;
	QueryExecutionContext: {'Database': 'analytics', 'Catalog': 'AwsDataCatalog'}
	ResultConfiguration: {'OutputLocation': 's3://pt-data-lab/athena-staging/'}
	WorkGroup: primary
[2025-08-14T16:58:36.470+0000] {base_aws.py:587} WARNING - Unable to find AWS Connection ID 'aws_default', switching to empty.
[2025-08-14T16:58:36.471+0000] {base_aws.py:164} INFO - No connection ID provided. Fallback on boto3 credential strategy (region_name=None). See: https://boto3.amazonaws.com/v1/documentation/api/latest/guide/configuration.html
[2025-08-14T16:58:36.758+0000] {credentials.py:1147} INFO - Found credentials in environment variables.
[2025-08-14T16:58:37.800+0000] {athena.py:135} INFO - Query execution id: 83f4c7f7-abb3-4420-be08-4e5c1c11dbcf
[2025-08-14T16:58:38.018+0000] {waiter_with_logging.py:78} INFO - Query execution id: 83f4c7f7-abb3-4420-be08-4e5c1c11dbcf, Query is still in non-terminal state: RUNNING
[2025-08-14T16:58:41.582+0000] {taskinstance.py:441} INFO - ::group::Post task execution logs
[2025-08-14T16:58:41.617+0000] {taskinstance.py:1206} INFO - Marking task as SUCCESS. dag_id=orders_pipeline, task_id=drop_orders_summary_if_exists, run_id=manual__2025-08-14T16:58:18.948894+00:00, execution_date=20250814T165818, start_date=20250814T165836, end_date=20250814T165841
[2025-08-14T16:58:41.662+0000] {local_task_job_runner.py:243} INFO - Task exited with return code 0
[2025-08-14T16:58:41.678+0000] {local_task_job_runner.py:222} INFO - ::endgroup::
