[2025-08-19T12:39:49.698+0000] {local_task_job_runner.py:120} INFO - ::group::Pre task execution logs
[2025-08-19T12:39:49.742+0000] {taskinstance.py:2076} INFO - Dependencies all met for dep_context=non-requeueable deps ti=<TaskInstance: orders_pipeline.add_partition manual__2025-08-19T12:39:30+00:00 [queued]>
[2025-08-19T12:39:49.753+0000] {taskinstance.py:2076} INFO - Dependencies all met for dep_context=requeueable deps ti=<TaskInstance: orders_pipeline.add_partition manual__2025-08-19T12:39:30+00:00 [queued]>
[2025-08-19T12:39:49.753+0000] {taskinstance.py:2306} INFO - Starting attempt 1 of 2
[2025-08-19T12:39:49.773+0000] {taskinstance.py:2330} INFO - Executing <Task(BashOperator): add_partition> on 2025-08-19 12:39:30+00:00
[2025-08-19T12:39:49.780+0000] {standard_task_runner.py:64} INFO - Started process 73 to run task
[2025-08-19T12:39:49.786+0000] {standard_task_runner.py:90} INFO - Running: ['***', 'tasks', 'run', 'orders_pipeline', 'add_partition', 'manual__2025-08-19T12:39:30+00:00', '--job-id', '116', '--raw', '--subdir', 'DAGS_FOLDER/orders_pipeline.py', '--cfg-path', '/tmp/tmptd5o5_5s']
[2025-08-19T12:39:49.788+0000] {standard_task_runner.py:91} INFO - Job 116: Subtask add_partition
[2025-08-19T12:39:49.878+0000] {task_command.py:426} INFO - Running <TaskInstance: orders_pipeline.add_partition manual__2025-08-19T12:39:30+00:00 [running]> on host 392a94efd1c1
[2025-08-19T12:39:50.060+0000] {taskinstance.py:2648} INFO - Exporting env vars: AIRFLOW_CTX_DAG_OWNER='***' AIRFLOW_CTX_DAG_ID='orders_pipeline' AIRFLOW_CTX_TASK_ID='add_partition' AIRFLOW_CTX_EXECUTION_DATE='2025-08-19T12:39:30+00:00' AIRFLOW_CTX_TRY_NUMBER='1' AIRFLOW_CTX_DAG_RUN_ID='manual__2025-08-19T12:39:30+00:00'
[2025-08-19T12:39:50.061+0000] {taskinstance.py:430} INFO - ::endgroup::
[2025-08-19T12:39:50.082+0000] {subprocess.py:63} INFO - Tmp dir root location: /tmp
[2025-08-19T12:39:50.084+0000] {subprocess.py:75} INFO - Running command: ['/usr/bin/bash', '-c', 'set -Eeuo pipefail -x; \nSQL="SELECT count(*) AS cnt FROM analytics.orders_raw;"\nQID=$(aws athena start-query-execution   --query-string "$SQL"   --query-execution-context "Database=$ATHENA_DB"   --work-group primary   --query \'QueryExecutionId\' --output text)\naws athena get-query-execution --query-execution-id "$QID" --query \'QueryExecution.Status.State\' --output text']
[2025-08-19T12:39:50.099+0000] {subprocess.py:86} INFO - Output:
[2025-08-19T12:39:50.100+0000] {subprocess.py:93} INFO - + SQL='SELECT count(*) AS cnt FROM analytics.orders_raw;'
[2025-08-19T12:39:50.101+0000] {subprocess.py:93} INFO - ++ aws athena start-query-execution --query-string 'SELECT count(*) AS cnt FROM analytics.orders_raw;' --query-execution-context Database=analytics --work-group primary --query QueryExecutionId --output text
[2025-08-19T12:39:51.925+0000] {subprocess.py:93} INFO - + QID=39a85995-e8f0-40db-8f88-2611d6f61754
[2025-08-19T12:39:51.926+0000] {subprocess.py:93} INFO - + aws athena get-query-execution --query-execution-id 39a85995-e8f0-40db-8f88-2611d6f61754 --query QueryExecution.Status.State --output text
[2025-08-19T12:39:53.720+0000] {subprocess.py:93} INFO - SUCCEEDED
[2025-08-19T12:39:53.843+0000] {subprocess.py:97} INFO - Command exited with return code 0
[2025-08-19T12:39:53.844+0000] {taskinstance.py:441} INFO - ::group::Post task execution logs
[2025-08-19T12:39:53.872+0000] {taskinstance.py:1206} INFO - Marking task as SUCCESS. dag_id=orders_pipeline, task_id=add_partition, run_id=manual__2025-08-19T12:39:30+00:00, execution_date=20250819T123930, start_date=20250819T123949, end_date=20250819T123953
[2025-08-19T12:39:53.939+0000] {local_task_job_runner.py:243} INFO - Task exited with return code 0
[2025-08-19T12:39:53.978+0000] {taskinstance.py:3503} INFO - 0 downstream tasks scheduled from follow-on schedule check
[2025-08-19T12:39:53.983+0000] {local_task_job_runner.py:222} INFO - ::endgroup::
