[2025-08-16T19:34:03.912+0000] {local_task_job_runner.py:120} INFO - ::group::Pre task execution logs
[2025-08-16T19:34:03.991+0000] {taskinstance.py:2076} INFO - Dependencies all met for dep_context=non-requeueable deps ti=<TaskInstance: orders_pipeline.upload_to_s3 manual__2025-08-16T19:28:56.323052+00:00 [queued]>
[2025-08-16T19:34:04.008+0000] {taskinstance.py:2076} INFO - Dependencies all met for dep_context=requeueable deps ti=<TaskInstance: orders_pipeline.upload_to_s3 manual__2025-08-16T19:28:56.323052+00:00 [queued]>
[2025-08-16T19:34:04.009+0000] {taskinstance.py:2306} INFO - Starting attempt 2 of 2
[2025-08-16T19:34:04.039+0000] {taskinstance.py:2330} INFO - Executing <Task(BashOperator): upload_to_s3> on 2025-08-16 19:28:56.323052+00:00
[2025-08-16T19:34:04.046+0000] {standard_task_runner.py:64} INFO - Started process 162 to run task
[2025-08-16T19:34:04.053+0000] {standard_task_runner.py:90} INFO - Running: ['***', 'tasks', 'run', 'orders_pipeline', 'upload_to_s3', 'manual__2025-08-16T19:28:56.323052+00:00', '--job-id', '77', '--raw', '--subdir', 'DAGS_FOLDER/orders_pipeline.py', '--cfg-path', '/tmp/tmprii2vq2c']
[2025-08-16T19:34:04.055+0000] {standard_task_runner.py:91} INFO - Job 77: Subtask upload_to_s3
[2025-08-16T19:34:04.136+0000] {task_command.py:426} INFO - Running <TaskInstance: orders_pipeline.upload_to_s3 manual__2025-08-16T19:28:56.323052+00:00 [running]> on host 392a94efd1c1
[2025-08-16T19:34:04.290+0000] {taskinstance.py:2648} INFO - Exporting env vars: AIRFLOW_CTX_DAG_OWNER='***' AIRFLOW_CTX_DAG_ID='orders_pipeline' AIRFLOW_CTX_TASK_ID='upload_to_s3' AIRFLOW_CTX_EXECUTION_DATE='2025-08-16T19:28:56.323052+00:00' AIRFLOW_CTX_TRY_NUMBER='2' AIRFLOW_CTX_DAG_RUN_ID='manual__2025-08-16T19:28:56.323052+00:00'
[2025-08-16T19:34:04.291+0000] {taskinstance.py:430} INFO - ::endgroup::
[2025-08-16T19:34:04.308+0000] {subprocess.py:63} INFO - Tmp dir root location: /tmp
[2025-08-16T19:34:04.309+0000] {subprocess.py:75} INFO - Running command: ['/usr/bin/bash', '-c', 'set -Eeuo pipefail -x; test -f /tmp/orders.csv\naws s3 cp /tmp/orders.csv s3://$S3_BUCKET/raw-data/orders/orders.csv --content-type text/csv\naws s3 ls s3://$S3_BUCKET/raw-data/orders/ || true']
[2025-08-16T19:34:04.325+0000] {subprocess.py:86} INFO - Output:
[2025-08-16T19:34:04.326+0000] {subprocess.py:93} INFO - + test -f /tmp/orders.csv
[2025-08-16T19:34:04.327+0000] {subprocess.py:93} INFO - + aws s3 cp /tmp/orders.csv s3://pt-data-lab/raw-data/orders/orders.csv --content-type text/csv
[2025-08-16T19:34:06.173+0000] {subprocess.py:93} INFO - Completed 133 Bytes/133 Bytes (163 Bytes/s) with 1 file(s) remainingupload: ../orders.csv to s3://pt-data-lab/raw-data/orders/orders.csv
[2025-08-16T19:34:06.302+0000] {subprocess.py:93} INFO - + aws s3 ls s3://pt-data-lab/raw-data/orders/
[2025-08-16T19:34:09.012+0000] {subprocess.py:93} INFO -                            PRE 2024/
[2025-08-16T19:34:09.013+0000] {subprocess.py:93} INFO -                            PRE dt=2025-08-14/
[2025-08-16T19:34:09.014+0000] {subprocess.py:93} INFO -                            PRE dt=2025-08-15/
[2025-08-16T19:34:09.015+0000] {subprocess.py:93} INFO -                            PRE dt=2025-08-16/
[2025-08-16T19:34:09.015+0000] {subprocess.py:93} INFO - 2025-08-16 19:34:06        133 orders.csv
[2025-08-16T19:34:09.212+0000] {subprocess.py:97} INFO - Command exited with return code 0
[2025-08-16T19:34:09.213+0000] {taskinstance.py:441} INFO - ::group::Post task execution logs
[2025-08-16T19:34:09.241+0000] {taskinstance.py:1206} INFO - Marking task as SUCCESS. dag_id=orders_pipeline, task_id=upload_to_s3, run_id=manual__2025-08-16T19:28:56.323052+00:00, execution_date=20250816T192856, start_date=20250816T193403, end_date=20250816T193409
[2025-08-16T19:34:09.294+0000] {local_task_job_runner.py:243} INFO - Task exited with return code 0
[2025-08-16T19:34:09.336+0000] {taskinstance.py:3503} INFO - 1 downstream tasks scheduled from follow-on schedule check
[2025-08-16T19:34:09.340+0000] {local_task_job_runner.py:222} INFO - ::endgroup::
