[2025-08-16T19:34:22.511+0000] {local_task_job_runner.py:120} INFO - ::group::Pre task execution logs
[2025-08-16T19:34:22.555+0000] {taskinstance.py:2076} INFO - Dependencies all met for dep_context=non-requeueable deps ti=<TaskInstance: orders_pipeline.add_partition manual__2025-08-16T19:29:03.084492+00:00 [queued]>
[2025-08-16T19:34:22.566+0000] {taskinstance.py:2076} INFO - Dependencies all met for dep_context=requeueable deps ti=<TaskInstance: orders_pipeline.add_partition manual__2025-08-16T19:29:03.084492+00:00 [queued]>
[2025-08-16T19:34:22.566+0000] {taskinstance.py:2306} INFO - Starting attempt 1 of 2
[2025-08-16T19:34:22.585+0000] {taskinstance.py:2330} INFO - Executing <Task(BashOperator): add_partition> on 2025-08-16 19:29:03.084492+00:00
[2025-08-16T19:34:22.592+0000] {standard_task_runner.py:64} INFO - Started process 215 to run task
[2025-08-16T19:34:22.597+0000] {standard_task_runner.py:90} INFO - Running: ['***', 'tasks', 'run', 'orders_pipeline', 'add_partition', 'manual__2025-08-16T19:29:03.084492+00:00', '--job-id', '84', '--raw', '--subdir', 'DAGS_FOLDER/orders_pipeline.py', '--cfg-path', '/tmp/tmp6sdbvkuc']
[2025-08-16T19:34:22.598+0000] {standard_task_runner.py:91} INFO - Job 84: Subtask add_partition
[2025-08-16T19:34:22.682+0000] {task_command.py:426} INFO - Running <TaskInstance: orders_pipeline.add_partition manual__2025-08-16T19:29:03.084492+00:00 [running]> on host 392a94efd1c1
[2025-08-16T19:34:22.861+0000] {taskinstance.py:2648} INFO - Exporting env vars: AIRFLOW_CTX_DAG_OWNER='***' AIRFLOW_CTX_DAG_ID='orders_pipeline' AIRFLOW_CTX_TASK_ID='add_partition' AIRFLOW_CTX_EXECUTION_DATE='2025-08-16T19:29:03.084492+00:00' AIRFLOW_CTX_TRY_NUMBER='1' AIRFLOW_CTX_DAG_RUN_ID='manual__2025-08-16T19:29:03.084492+00:00'
[2025-08-16T19:34:22.862+0000] {taskinstance.py:430} INFO - ::endgroup::
[2025-08-16T19:34:22.879+0000] {subprocess.py:63} INFO - Tmp dir root location: /tmp
[2025-08-16T19:34:22.880+0000] {subprocess.py:75} INFO - Running command: ['/usr/bin/bash', '-c', 'set -Eeuo pipefail -x; # Exemplo: se NÃO particiona, só faz um SELECT para validar\nSQL="SELECT count(*) AS cnt FROM analytics.orders_raw;"\nQID=$(aws athena start-query-execution   --query-string "$SQL"   --query-execution-context "Database=$ATHENA_DB"   --work-group primary   --query \'QueryExecutionId\' --output text)\naws athena get-query-execution --query-execution-id "$QID" --query \'QueryExecution.Status.State\' --output text']
[2025-08-16T19:34:22.894+0000] {subprocess.py:86} INFO - Output:
[2025-08-16T19:34:22.896+0000] {subprocess.py:93} INFO - + SQL='SELECT count(*) AS cnt FROM analytics.orders_raw;'
[2025-08-16T19:34:22.896+0000] {subprocess.py:93} INFO - ++ aws athena start-query-execution --query-string 'SELECT count(*) AS cnt FROM analytics.orders_raw;' --query-execution-context Database=analytics --work-group primary --query QueryExecutionId --output text
[2025-08-16T19:34:25.489+0000] {subprocess.py:93} INFO - + QID=6541ae05-dc23-4095-a105-f334ed79f9e3
[2025-08-16T19:34:25.489+0000] {subprocess.py:93} INFO - + aws athena get-query-execution --query-execution-id 6541ae05-dc23-4095-a105-f334ed79f9e3 --query QueryExecution.Status.State --output text
[2025-08-16T19:34:27.554+0000] {subprocess.py:93} INFO - SUCCEEDED
[2025-08-16T19:34:27.656+0000] {subprocess.py:97} INFO - Command exited with return code 0
[2025-08-16T19:34:27.657+0000] {taskinstance.py:441} INFO - ::group::Post task execution logs
[2025-08-16T19:34:27.679+0000] {taskinstance.py:1206} INFO - Marking task as SUCCESS. dag_id=orders_pipeline, task_id=add_partition, run_id=manual__2025-08-16T19:29:03.084492+00:00, execution_date=20250816T192903, start_date=20250816T193422, end_date=20250816T193427
[2025-08-16T19:34:27.744+0000] {local_task_job_runner.py:243} INFO - Task exited with return code 0
[2025-08-16T19:34:27.779+0000] {taskinstance.py:3503} INFO - 0 downstream tasks scheduled from follow-on schedule check
[2025-08-16T19:34:27.782+0000] {local_task_job_runner.py:222} INFO - ::endgroup::
