[2025-08-22T16:07:07.631+0000] {local_task_job_runner.py:120} INFO - ::group::Pre task execution logs
[2025-08-22T16:07:07.697+0000] {taskinstance.py:2076} INFO - Dependencies all met for dep_context=non-requeueable deps ti=<TaskInstance: orders_pipeline.add_partition manual__2025-08-22T16:06:45+00:00 [queued]>
[2025-08-22T16:07:07.718+0000] {taskinstance.py:2076} INFO - Dependencies all met for dep_context=requeueable deps ti=<TaskInstance: orders_pipeline.add_partition manual__2025-08-22T16:06:45+00:00 [queued]>
[2025-08-22T16:07:07.719+0000] {taskinstance.py:2306} INFO - Starting attempt 1 of 2
[2025-08-22T16:07:07.798+0000] {taskinstance.py:2330} INFO - Executing <Task(BashOperator): add_partition> on 2025-08-22 16:06:45+00:00
[2025-08-22T16:07:07.813+0000] {standard_task_runner.py:64} INFO - Started process 89 to run task
[2025-08-22T16:07:07.822+0000] {standard_task_runner.py:90} INFO - Running: ['***', 'tasks', 'run', 'orders_pipeline', 'add_partition', 'manual__2025-08-22T16:06:45+00:00', '--job-id', '164', '--raw', '--subdir', 'DAGS_FOLDER/orders_pipeline.py', '--cfg-path', '/tmp/tmpxf_c0p74']
[2025-08-22T16:07:07.827+0000] {standard_task_runner.py:91} INFO - Job 164: Subtask add_partition
[2025-08-22T16:07:08.033+0000] {task_command.py:426} INFO - Running <TaskInstance: orders_pipeline.add_partition manual__2025-08-22T16:06:45+00:00 [running]> on host 7ff1c03ded3b
[2025-08-22T16:07:08.426+0000] {taskinstance.py:2648} INFO - Exporting env vars: AIRFLOW_CTX_DAG_OWNER='***' AIRFLOW_CTX_DAG_ID='orders_pipeline' AIRFLOW_CTX_TASK_ID='add_partition' AIRFLOW_CTX_EXECUTION_DATE='2025-08-22T16:06:45+00:00' AIRFLOW_CTX_TRY_NUMBER='1' AIRFLOW_CTX_DAG_RUN_ID='manual__2025-08-22T16:06:45+00:00'
[2025-08-22T16:07:08.428+0000] {taskinstance.py:430} INFO - ::endgroup::
[2025-08-22T16:07:08.462+0000] {subprocess.py:63} INFO - Tmp dir root location: /tmp
[2025-08-22T16:07:08.465+0000] {subprocess.py:75} INFO - Running command: ['/usr/bin/bash', '-c', 'set -Eeuo pipefail -x; \nSQL="SELECT count(*) AS cnt FROM analytics.orders_raw;"\nQID=$(aws athena start-query-execution   --query-string "$SQL"   --query-execution-context "Database=$ATHENA_DB"   --work-group primary   --query \'QueryExecutionId\' --output text)\naws athena get-query-execution --query-execution-id "$QID" --query \'QueryExecution.Status.State\' --output text']
[2025-08-22T16:07:08.494+0000] {subprocess.py:86} INFO - Output:
[2025-08-22T16:07:08.498+0000] {subprocess.py:93} INFO - + SQL='SELECT count(*) AS cnt FROM analytics.orders_raw;'
[2025-08-22T16:07:08.500+0000] {subprocess.py:93} INFO - ++ aws athena start-query-execution --query-string 'SELECT count(*) AS cnt FROM analytics.orders_raw;' --query-execution-context Database=analytics --work-group primary --query QueryExecutionId --output text
[2025-08-22T16:07:10.826+0000] {subprocess.py:93} INFO - + QID=53df1c95-6876-42a4-87f1-5b75c904dbd2
[2025-08-22T16:07:10.834+0000] {subprocess.py:93} INFO - + aws athena get-query-execution --query-execution-id 53df1c95-6876-42a4-87f1-5b75c904dbd2 --query QueryExecution.Status.State --output text
[2025-08-22T16:07:14.757+0000] {subprocess.py:93} INFO - SUCCEEDED
[2025-08-22T16:07:15.029+0000] {subprocess.py:97} INFO - Command exited with return code 0
[2025-08-22T16:07:15.035+0000] {taskinstance.py:441} INFO - ::group::Post task execution logs
[2025-08-22T16:07:15.106+0000] {taskinstance.py:1206} INFO - Marking task as SUCCESS. dag_id=orders_pipeline, task_id=add_partition, run_id=manual__2025-08-22T16:06:45+00:00, execution_date=20250822T160645, start_date=20250822T160707, end_date=20250822T160715
[2025-08-22T16:07:15.178+0000] {local_task_job_runner.py:243} INFO - Task exited with return code 0
[2025-08-22T16:07:15.225+0000] {local_task_job_runner.py:222} INFO - ::endgroup::
