[2025-08-15T23:04:37.345+0000] {local_task_job_runner.py:120} INFO - ::group::Pre task execution logs
[2025-08-15T23:04:37.398+0000] {taskinstance.py:2076} INFO - Dependencies all met for dep_context=non-requeueable deps ti=<TaskInstance: dbt_athena_pipeline.wait_orders_pipeline manual__2025-08-15T23:04:35.605692+00:00 [queued]>
[2025-08-15T23:04:37.415+0000] {taskinstance.py:2076} INFO - Dependencies all met for dep_context=requeueable deps ti=<TaskInstance: dbt_athena_pipeline.wait_orders_pipeline manual__2025-08-15T23:04:35.605692+00:00 [queued]>
[2025-08-15T23:04:37.416+0000] {taskinstance.py:2306} INFO - Starting attempt 1 of 3
[2025-08-15T23:04:37.442+0000] {taskinstance.py:2330} INFO - Executing <Task(ExternalTaskSensor): wait_orders_pipeline> on 2025-08-15 23:04:35.605692+00:00
[2025-08-15T23:04:37.452+0000] {standard_task_runner.py:64} INFO - Started process 434 to run task
[2025-08-15T23:04:37.461+0000] {standard_task_runner.py:90} INFO - Running: ['***', 'tasks', 'run', 'dbt_athena_pipeline', 'wait_orders_pipeline', 'manual__2025-08-15T23:04:35.605692+00:00', '--job-id', '142', '--raw', '--subdir', 'DAGS_FOLDER/dbt_athena_pipeline.py', '--cfg-path', '/tmp/tmpe58lvb9z']
[2025-08-15T23:04:37.466+0000] {standard_task_runner.py:91} INFO - Job 142: Subtask wait_orders_pipeline
[2025-08-15T23:04:37.574+0000] {task_command.py:426} INFO - Running <TaskInstance: dbt_athena_pipeline.wait_orders_pipeline manual__2025-08-15T23:04:35.605692+00:00 [running]> on host e1203d83167e
[2025-08-15T23:04:37.752+0000] {taskinstance.py:2648} INFO - Exporting env vars: AIRFLOW_CTX_DAG_OWNER='***' AIRFLOW_CTX_DAG_ID='dbt_athena_pipeline' AIRFLOW_CTX_TASK_ID='wait_orders_pipeline' AIRFLOW_CTX_EXECUTION_DATE='2025-08-15T23:04:35.605692+00:00' AIRFLOW_CTX_TRY_NUMBER='1' AIRFLOW_CTX_DAG_RUN_ID='manual__2025-08-15T23:04:35.605692+00:00'
[2025-08-15T23:04:37.754+0000] {taskinstance.py:430} INFO - ::endgroup::
[2025-08-15T23:04:37.782+0000] {baseoperator.py:400} WARNING - ExternalTaskSensor.execute cannot be called outside TaskInstance!
[2025-08-15T23:04:37.807+0000] {external_task.py:274} INFO - Poking for DAG 'orders_pipeline' on 2025-08-15T23:04:35.605692+00:00 ... 
[2025-08-15T23:04:37.808+0000] {warnings.py:110} WARNING - /home/***/.local/lib/python3.11/site-packages/***/utils/session.py:79: DeprecationWarning: This method is deprecated and will be removed in future.
  return func(*args, session=session, **kwargs)

[2025-08-15T23:04:37.838+0000] {taskinstance.py:441} INFO - ::group::Post task execution logs
[2025-08-15T23:04:37.896+0000] {taskinstance.py:2865} INFO - Rescheduling task, marking task as UP_FOR_RESCHEDULE
[2025-08-15T23:04:37.923+0000] {local_task_job_runner.py:243} INFO - Task exited with return code 0
[2025-08-15T23:04:38.028+0000] {taskinstance.py:3503} INFO - 0 downstream tasks scheduled from follow-on schedule check
[2025-08-15T23:04:38.031+0000] {local_task_job_runner.py:222} INFO - ::endgroup::
[2025-08-15T23:05:38.916+0000] {local_task_job_runner.py:120} INFO - ::group::Pre task execution logs
[2025-08-15T23:05:39.017+0000] {taskinstance.py:2076} INFO - Dependencies all met for dep_context=non-requeueable deps ti=<TaskInstance: dbt_athena_pipeline.wait_orders_pipeline manual__2025-08-15T23:04:35.605692+00:00 [queued]>
[2025-08-15T23:05:39.046+0000] {taskinstance.py:2076} INFO - Dependencies all met for dep_context=requeueable deps ti=<TaskInstance: dbt_athena_pipeline.wait_orders_pipeline manual__2025-08-15T23:04:35.605692+00:00 [queued]>
[2025-08-15T23:05:39.048+0000] {taskinstance.py:2306} INFO - Starting attempt 1 of 3
[2025-08-15T23:05:39.079+0000] {taskinstance.py:2330} INFO - Executing <Task(ExternalTaskSensor): wait_orders_pipeline> on 2025-08-15 23:04:35.605692+00:00
[2025-08-15T23:05:39.090+0000] {standard_task_runner.py:64} INFO - Started process 444 to run task
[2025-08-15T23:05:39.097+0000] {standard_task_runner.py:90} INFO - Running: ['***', 'tasks', 'run', 'dbt_athena_pipeline', 'wait_orders_pipeline', 'manual__2025-08-15T23:04:35.605692+00:00', '--job-id', '147', '--raw', '--subdir', 'DAGS_FOLDER/dbt_athena_pipeline.py', '--cfg-path', '/tmp/tmpiqo_f56a']
[2025-08-15T23:05:39.102+0000] {standard_task_runner.py:91} INFO - Job 147: Subtask wait_orders_pipeline
[2025-08-15T23:05:39.251+0000] {task_command.py:426} INFO - Running <TaskInstance: dbt_athena_pipeline.wait_orders_pipeline manual__2025-08-15T23:04:35.605692+00:00 [running]> on host e1203d83167e
[2025-08-15T23:05:39.443+0000] {taskinstance.py:2648} INFO - Exporting env vars: AIRFLOW_CTX_DAG_OWNER='***' AIRFLOW_CTX_DAG_ID='dbt_athena_pipeline' AIRFLOW_CTX_TASK_ID='wait_orders_pipeline' AIRFLOW_CTX_EXECUTION_DATE='2025-08-15T23:04:35.605692+00:00' AIRFLOW_CTX_TRY_NUMBER='1' AIRFLOW_CTX_DAG_RUN_ID='manual__2025-08-15T23:04:35.605692+00:00'
[2025-08-15T23:05:39.445+0000] {taskinstance.py:430} INFO - ::endgroup::
[2025-08-15T23:05:39.474+0000] {baseoperator.py:400} WARNING - ExternalTaskSensor.execute cannot be called outside TaskInstance!
[2025-08-15T23:05:39.497+0000] {external_task.py:274} INFO - Poking for DAG 'orders_pipeline' on 2025-08-15T23:04:35.605692+00:00 ... 
[2025-08-15T23:05:39.498+0000] {warnings.py:110} WARNING - /home/***/.local/lib/python3.11/site-packages/***/utils/session.py:79: DeprecationWarning: This method is deprecated and will be removed in future.
  return func(*args, session=session, **kwargs)

[2025-08-15T23:05:39.521+0000] {taskinstance.py:441} INFO - ::group::Post task execution logs
[2025-08-15T23:05:39.571+0000] {taskinstance.py:2865} INFO - Rescheduling task, marking task as UP_FOR_RESCHEDULE
[2025-08-15T23:05:39.638+0000] {local_task_job_runner.py:243} INFO - Task exited with return code 0
[2025-08-15T23:05:39.674+0000] {local_task_job_runner.py:222} INFO - ::endgroup::
