[2025-08-22T16:07:33.140+0000] {local_task_job_runner.py:120} INFO - ::group::Pre task execution logs
[2025-08-22T16:07:33.206+0000] {taskinstance.py:2076} INFO - Dependencies all met for dep_context=non-requeueable deps ti=<TaskInstance: orders_pipeline.create_external_table_if_not_exists manual__2025-08-22T16:07:14+00:00 [queued]>
[2025-08-22T16:07:33.221+0000] {taskinstance.py:2076} INFO - Dependencies all met for dep_context=requeueable deps ti=<TaskInstance: orders_pipeline.create_external_table_if_not_exists manual__2025-08-22T16:07:14+00:00 [queued]>
[2025-08-22T16:07:33.222+0000] {taskinstance.py:2306} INFO - Starting attempt 1 of 2
[2025-08-22T16:07:33.250+0000] {taskinstance.py:2330} INFO - Executing <Task(BashOperator): create_external_table_if_not_exists> on 2025-08-22 16:07:14+00:00
[2025-08-22T16:07:33.262+0000] {standard_task_runner.py:64} INFO - Started process 107 to run task
[2025-08-22T16:07:33.270+0000] {standard_task_runner.py:90} INFO - Running: ['***', 'tasks', 'run', 'orders_pipeline', 'create_external_table_if_not_exists', 'manual__2025-08-22T16:07:14+00:00', '--job-id', '167', '--raw', '--subdir', 'DAGS_FOLDER/orders_pipeline.py', '--cfg-path', '/tmp/tmp0zjdp5jq']
[2025-08-22T16:07:33.274+0000] {standard_task_runner.py:91} INFO - Job 167: Subtask create_external_table_if_not_exists
[2025-08-22T16:07:33.385+0000] {task_command.py:426} INFO - Running <TaskInstance: orders_pipeline.create_external_table_if_not_exists manual__2025-08-22T16:07:14+00:00 [running]> on host 7ff1c03ded3b
[2025-08-22T16:07:33.614+0000] {taskinstance.py:2648} INFO - Exporting env vars: AIRFLOW_CTX_DAG_OWNER='***' AIRFLOW_CTX_DAG_ID='orders_pipeline' AIRFLOW_CTX_TASK_ID='create_external_table_if_not_exists' AIRFLOW_CTX_EXECUTION_DATE='2025-08-22T16:07:14+00:00' AIRFLOW_CTX_TRY_NUMBER='1' AIRFLOW_CTX_DAG_RUN_ID='manual__2025-08-22T16:07:14+00:00'
[2025-08-22T16:07:33.616+0000] {taskinstance.py:430} INFO - ::endgroup::
[2025-08-22T16:07:33.647+0000] {subprocess.py:63} INFO - Tmp dir root location: /tmp
[2025-08-22T16:07:33.650+0000] {subprocess.py:75} INFO - Running command: ['/usr/bin/bash', '-c', 'set -Eeuo pipefail -x; \nSQL="""\nCREATE EXTERNAL TABLE IF NOT EXISTS analytics.orders_raw (\n  order_id    int,\n  order_date  string,\n  customer    string,\n  amount      double\n)\nROW FORMAT SERDE \'org.apache.hadoop.hive.serde2.lazy.LazySimpleSerDe\'\nWITH SERDEPROPERTIES (\'serialization.format\' = \',\', \'field.delim\' = \',\')\nLOCATION \'s3://$S3_BUCKET/raw-data/orders/\'\nTBLPROPERTIES (\'skip.header.line.count\'=\'1\');\n"""\naws athena start-query-execution   --query-string "$SQL"   --query-execution-context "Database=$ATHENA_DB"   --work-group primary >/dev/null']
[2025-08-22T16:07:33.670+0000] {subprocess.py:86} INFO - Output:
[2025-08-22T16:07:33.672+0000] {subprocess.py:93} INFO - + SQL='
[2025-08-22T16:07:33.673+0000] {subprocess.py:93} INFO - CREATE EXTERNAL TABLE IF NOT EXISTS analytics.orders_raw (
[2025-08-22T16:07:33.674+0000] {subprocess.py:93} INFO -   order_id    int,
[2025-08-22T16:07:33.674+0000] {subprocess.py:93} INFO -   order_date  string,
[2025-08-22T16:07:33.675+0000] {subprocess.py:93} INFO -   customer    string,
[2025-08-22T16:07:33.675+0000] {subprocess.py:93} INFO -   amount      double
[2025-08-22T16:07:33.676+0000] {subprocess.py:93} INFO - )
[2025-08-22T16:07:33.676+0000] {subprocess.py:93} INFO - ROW FORMAT SERDE '\''org.apache.hadoop.hive.serde2.lazy.LazySimpleSerDe'\''
[2025-08-22T16:07:33.677+0000] {subprocess.py:93} INFO - WITH SERDEPROPERTIES ('\''serialization.format'\'' = '\'','\'', '\''field.delim'\'' = '\'','\'')
[2025-08-22T16:07:33.677+0000] {subprocess.py:93} INFO - LOCATION '\''s3://pt-data-lab/raw-data/orders/'\''
[2025-08-22T16:07:33.678+0000] {subprocess.py:93} INFO - TBLPROPERTIES ('\''skip.header.line.count'\''='\''1'\'');
[2025-08-22T16:07:33.678+0000] {subprocess.py:93} INFO - '
[2025-08-22T16:07:33.678+0000] {subprocess.py:93} INFO - + aws athena start-query-execution --query-string '
[2025-08-22T16:07:33.679+0000] {subprocess.py:93} INFO - CREATE EXTERNAL TABLE IF NOT EXISTS analytics.orders_raw (
[2025-08-22T16:07:33.679+0000] {subprocess.py:93} INFO -   order_id    int,
[2025-08-22T16:07:33.680+0000] {subprocess.py:93} INFO -   order_date  string,
[2025-08-22T16:07:33.680+0000] {subprocess.py:93} INFO -   customer    string,
[2025-08-22T16:07:33.681+0000] {subprocess.py:93} INFO -   amount      double
[2025-08-22T16:07:33.681+0000] {subprocess.py:93} INFO - )
[2025-08-22T16:07:33.681+0000] {subprocess.py:93} INFO - ROW FORMAT SERDE '\''org.apache.hadoop.hive.serde2.lazy.LazySimpleSerDe'\''
[2025-08-22T16:07:33.681+0000] {subprocess.py:93} INFO - WITH SERDEPROPERTIES ('\''serialization.format'\'' = '\'','\'', '\''field.delim'\'' = '\'','\'')
[2025-08-22T16:07:33.682+0000] {subprocess.py:93} INFO - LOCATION '\''s3://pt-data-lab/raw-data/orders/'\''
[2025-08-22T16:07:33.682+0000] {subprocess.py:93} INFO - TBLPROPERTIES ('\''skip.header.line.count'\''='\''1'\'');
[2025-08-22T16:07:33.683+0000] {subprocess.py:93} INFO - ' --query-execution-context Database=analytics --work-group primary
[2025-08-22T16:07:37.128+0000] {subprocess.py:97} INFO - Command exited with return code 0
[2025-08-22T16:07:37.129+0000] {taskinstance.py:441} INFO - ::group::Post task execution logs
[2025-08-22T16:07:37.171+0000] {taskinstance.py:1206} INFO - Marking task as SUCCESS. dag_id=orders_pipeline, task_id=create_external_table_if_not_exists, run_id=manual__2025-08-22T16:07:14+00:00, execution_date=20250822T160714, start_date=20250822T160733, end_date=20250822T160737
[2025-08-22T16:07:37.231+0000] {local_task_job_runner.py:243} INFO - Task exited with return code 0
[2025-08-22T16:07:37.302+0000] {taskinstance.py:3503} INFO - 1 downstream tasks scheduled from follow-on schedule check
[2025-08-22T16:07:37.312+0000] {local_task_job_runner.py:222} INFO - ::endgroup::
