[2025-08-14T18:20:38.033+0000] {local_task_job_runner.py:120} INFO - ::group::Pre task execution logs
[2025-08-14T18:20:38.083+0000] {taskinstance.py:2076} INFO - Dependencies all met for dep_context=non-requeueable deps ti=<TaskInstance: dbt_athena_pipeline.dbt_deps manual__2025-08-14T18:20:36.033121+00:00 [queued]>
[2025-08-14T18:20:38.094+0000] {taskinstance.py:2076} INFO - Dependencies all met for dep_context=requeueable deps ti=<TaskInstance: dbt_athena_pipeline.dbt_deps manual__2025-08-14T18:20:36.033121+00:00 [queued]>
[2025-08-14T18:20:38.094+0000] {taskinstance.py:2306} INFO - Starting attempt 1 of 1
[2025-08-14T18:20:38.116+0000] {taskinstance.py:2330} INFO - Executing <Task(BashOperator): dbt_deps> on 2025-08-14 18:20:36.033121+00:00
[2025-08-14T18:20:38.122+0000] {standard_task_runner.py:64} INFO - Started process 116 to run task
[2025-08-14T18:20:38.128+0000] {standard_task_runner.py:90} INFO - Running: ['***', 'tasks', 'run', 'dbt_athena_pipeline', 'dbt_deps', 'manual__2025-08-14T18:20:36.033121+00:00', '--job-id', '2', '--raw', '--subdir', 'DAGS_FOLDER/dbt_athena_pipeline.py', '--cfg-path', '/tmp/tmpv7yzimew']
[2025-08-14T18:20:38.130+0000] {standard_task_runner.py:91} INFO - Job 2: Subtask dbt_deps
[2025-08-14T18:20:38.213+0000] {task_command.py:426} INFO - Running <TaskInstance: dbt_athena_pipeline.dbt_deps manual__2025-08-14T18:20:36.033121+00:00 [running]> on host 25a9e79e188f
[2025-08-14T18:20:38.369+0000] {taskinstance.py:2648} INFO - Exporting env vars: AIRFLOW_CTX_DAG_OWNER='data-eng' AIRFLOW_CTX_DAG_ID='dbt_athena_pipeline' AIRFLOW_CTX_TASK_ID='dbt_deps' AIRFLOW_CTX_EXECUTION_DATE='2025-08-14T18:20:36.033121+00:00' AIRFLOW_CTX_TRY_NUMBER='1' AIRFLOW_CTX_DAG_RUN_ID='manual__2025-08-14T18:20:36.033121+00:00'
[2025-08-14T18:20:38.370+0000] {taskinstance.py:430} INFO - ::endgroup::
[2025-08-14T18:20:38.438+0000] {subprocess.py:63} INFO - Tmp dir root location: /tmp
[2025-08-14T18:20:38.440+0000] {subprocess.py:75} INFO - Running command: ['/usr/bin/bash', '-c', '\n            set -euo pipefail\n            cd /opt/***/dbt\n            dbt deps --profiles-dir /opt/***/dbt/profiles\n        ']
[2025-08-14T18:20:38.463+0000] {subprocess.py:86} INFO - Output:
[2025-08-14T18:20:48.031+0000] {subprocess.py:93} INFO - [0m18:20:48  Running with dbt=1.7.19
[2025-08-14T18:20:49.728+0000] {subprocess.py:93} INFO - [0m18:20:49  Installing dbt-labs/dbt_external_tables
[2025-08-14T18:20:50.611+0000] {subprocess.py:93} INFO - [0m18:20:50  Installed from version 0.11.1
[2025-08-14T18:20:50.613+0000] {subprocess.py:93} INFO - [0m18:20:50  Up to date!
[2025-08-14T18:20:51.918+0000] {subprocess.py:97} INFO - Command exited with return code 0
[2025-08-14T18:20:51.919+0000] {taskinstance.py:441} INFO - ::group::Post task execution logs
[2025-08-14T18:20:51.970+0000] {taskinstance.py:1206} INFO - Marking task as SUCCESS. dag_id=dbt_athena_pipeline, task_id=dbt_deps, run_id=manual__2025-08-14T18:20:36.033121+00:00, execution_date=20250814T182036, start_date=20250814T182038, end_date=20250814T182051
[2025-08-14T18:20:52.022+0000] {local_task_job_runner.py:243} INFO - Task exited with return code 0
[2025-08-14T18:20:52.063+0000] {taskinstance.py:3503} INFO - 1 downstream tasks scheduled from follow-on schedule check
[2025-08-14T18:20:52.066+0000] {local_task_job_runner.py:222} INFO - ::endgroup::
