[2025-08-16T19:29:29.905+0000] {local_task_job_runner.py:120} INFO - ::group::Pre task execution logs
[2025-08-16T19:29:29.938+0000] {taskinstance.py:2076} INFO - Dependencies all met for dep_context=non-requeueable deps ti=<TaskInstance: dbt_athena_pipeline.dbt_build manual__2025-08-16T19:29:05.311949+00:00 [queued]>
[2025-08-16T19:29:29.948+0000] {taskinstance.py:2076} INFO - Dependencies all met for dep_context=requeueable deps ti=<TaskInstance: dbt_athena_pipeline.dbt_build manual__2025-08-16T19:29:05.311949+00:00 [queued]>
[2025-08-16T19:29:29.948+0000] {taskinstance.py:2306} INFO - Starting attempt 1 of 2
[2025-08-16T19:29:29.968+0000] {taskinstance.py:2330} INFO - Executing <Task(BashOperator): dbt_build> on 2025-08-16 19:29:05.311949+00:00
[2025-08-16T19:29:29.974+0000] {standard_task_runner.py:64} INFO - Started process 111 to run task
[2025-08-16T19:29:29.978+0000] {standard_task_runner.py:90} INFO - Running: ['***', 'tasks', 'run', 'dbt_athena_pipeline', 'dbt_build', 'manual__2025-08-16T19:29:05.311949+00:00', '--job-id', '70', '--raw', '--subdir', 'DAGS_FOLDER/dbt_athena_pipeline.py', '--cfg-path', '/tmp/tmpiakl9rfo']
[2025-08-16T19:29:29.980+0000] {standard_task_runner.py:91} INFO - Job 70: Subtask dbt_build
[2025-08-16T19:29:30.049+0000] {task_command.py:426} INFO - Running <TaskInstance: dbt_athena_pipeline.dbt_build manual__2025-08-16T19:29:05.311949+00:00 [running]> on host 392a94efd1c1
[2025-08-16T19:29:30.192+0000] {taskinstance.py:2648} INFO - Exporting env vars: AIRFLOW_CTX_DAG_OWNER='***' AIRFLOW_CTX_DAG_ID='dbt_athena_pipeline' AIRFLOW_CTX_TASK_ID='dbt_build' AIRFLOW_CTX_EXECUTION_DATE='2025-08-16T19:29:05.311949+00:00' AIRFLOW_CTX_TRY_NUMBER='1' AIRFLOW_CTX_DAG_RUN_ID='manual__2025-08-16T19:29:05.311949+00:00'
[2025-08-16T19:29:30.193+0000] {taskinstance.py:430} INFO - ::endgroup::
[2025-08-16T19:29:30.208+0000] {subprocess.py:63} INFO - Tmp dir root location: /tmp
[2025-08-16T19:29:30.209+0000] {subprocess.py:75} INFO - Running command: ['/usr/bin/bash', '-c', 'set -Eeuo pipefail -x; cd /opt/***/dbt; echo \'which dbt=\'$(command -v dbt || true); /home/***/.local/bin/dbt --version || true; echo "ENV S3_BUCKET=$S3_BUCKET ATHENA_DB=$ATHENA_DB AWS_DEFAULT_REGION=$AWS_DEFAULT_REGION"; /home/***/.local/bin/dbt build --no-use-colors --profiles-dir /opt/***/.dbt --target dev -v']
[2025-08-16T19:29:30.221+0000] {subprocess.py:86} INFO - Output:
[2025-08-16T19:29:30.222+0000] {subprocess.py:93} INFO - + cd /opt/***/dbt
[2025-08-16T19:29:30.223+0000] {subprocess.py:93} INFO - ++ command -v dbt
[2025-08-16T19:29:30.223+0000] {subprocess.py:93} INFO - + echo 'which dbt=/home/***/.local/bin/dbt'
[2025-08-16T19:29:30.224+0000] {subprocess.py:93} INFO - which dbt=/home/***/.local/bin/dbt
[2025-08-16T19:29:30.224+0000] {subprocess.py:93} INFO - + /home/***/.local/bin/dbt --version
[2025-08-16T19:29:34.875+0000] {subprocess.py:93} INFO - Core:
[2025-08-16T19:29:34.875+0000] {subprocess.py:93} INFO -   - installed: 1.9.2
[2025-08-16T19:29:34.875+0000] {subprocess.py:93} INFO -   - latest:    1.10.9 - Update available!
[2025-08-16T19:29:34.876+0000] {subprocess.py:93} INFO - 
[2025-08-16T19:29:34.876+0000] {subprocess.py:93} INFO -   Your version of dbt-core is out of date!
[2025-08-16T19:29:34.876+0000] {subprocess.py:93} INFO -   You can find instructions for upgrading here:
[2025-08-16T19:29:34.876+0000] {subprocess.py:93} INFO -   https://docs.getdbt.com/docs/installation
[2025-08-16T19:29:34.876+0000] {subprocess.py:93} INFO - 
[2025-08-16T19:29:34.876+0000] {subprocess.py:93} INFO - Plugins:
[2025-08-16T19:29:34.876+0000] {subprocess.py:93} INFO -   - athena: 1.9.4 - Up to date!
[2025-08-16T19:29:34.876+0000] {subprocess.py:93} INFO - 
[2025-08-16T19:29:34.877+0000] {subprocess.py:93} INFO - 
[2025-08-16T19:29:35.207+0000] {subprocess.py:93} INFO - + echo 'ENV S3_BUCKET=pt-data-lab ATHENA_DB=analytics AWS_DEFAULT_REGION=us-east-2'
[2025-08-16T19:29:35.208+0000] {subprocess.py:93} INFO - ENV S3_BUCKET=pt-data-lab ATHENA_DB=analytics AWS_DEFAULT_REGION=us-east-2
[2025-08-16T19:29:35.208+0000] {subprocess.py:93} INFO - + /home/***/.local/bin/dbt build --no-use-colors --profiles-dir /opt/***/.dbt --target dev -v
[2025-08-16T19:29:38.737+0000] {subprocess.py:93} INFO - Core:
[2025-08-16T19:29:38.737+0000] {subprocess.py:93} INFO -   - installed: 1.9.2
[2025-08-16T19:29:38.737+0000] {subprocess.py:93} INFO -   - latest:    1.10.9 - Update available!
[2025-08-16T19:29:38.737+0000] {subprocess.py:93} INFO - 
[2025-08-16T19:29:38.738+0000] {subprocess.py:93} INFO -   Your version of dbt-core is out of date!
[2025-08-16T19:29:38.738+0000] {subprocess.py:93} INFO -   You can find instructions for upgrading here:
[2025-08-16T19:29:38.738+0000] {subprocess.py:93} INFO -   https://docs.getdbt.com/docs/installation
[2025-08-16T19:29:38.738+0000] {subprocess.py:93} INFO - 
[2025-08-16T19:29:38.738+0000] {subprocess.py:93} INFO - Plugins:
[2025-08-16T19:29:38.738+0000] {subprocess.py:93} INFO -   - athena: 1.9.4 - Up to date!
[2025-08-16T19:29:38.739+0000] {subprocess.py:93} INFO - 
[2025-08-16T19:29:38.739+0000] {subprocess.py:93} INFO - 
[2025-08-16T19:29:39.043+0000] {subprocess.py:97} INFO - Command exited with return code 0
[2025-08-16T19:29:39.044+0000] {taskinstance.py:441} INFO - ::group::Post task execution logs
[2025-08-16T19:29:39.063+0000] {taskinstance.py:1206} INFO - Marking task as SUCCESS. dag_id=dbt_athena_pipeline, task_id=dbt_build, run_id=manual__2025-08-16T19:29:05.311949+00:00, execution_date=20250816T192905, start_date=20250816T192929, end_date=20250816T192939
[2025-08-16T19:29:39.125+0000] {local_task_job_runner.py:243} INFO - Task exited with return code 0
[2025-08-16T19:29:39.147+0000] {taskinstance.py:3503} INFO - 0 downstream tasks scheduled from follow-on schedule check
[2025-08-16T19:29:39.150+0000] {local_task_job_runner.py:222} INFO - ::endgroup::
