[2025-08-16T19:19:08.763+0000] {local_task_job_runner.py:120} INFO - ::group::Pre task execution logs
[2025-08-16T19:19:08.794+0000] {taskinstance.py:2076} INFO - Dependencies all met for dep_context=non-requeueable deps ti=<TaskInstance: dbt_athena_pipeline.dbt_deps cli__20250816T191857Z [queued]>
[2025-08-16T19:19:08.802+0000] {taskinstance.py:2076} INFO - Dependencies all met for dep_context=requeueable deps ti=<TaskInstance: dbt_athena_pipeline.dbt_deps cli__20250816T191857Z [queued]>
[2025-08-16T19:19:08.803+0000] {taskinstance.py:2306} INFO - Starting attempt 1 of 2
[2025-08-16T19:19:08.818+0000] {taskinstance.py:2330} INFO - Executing <Task(BashOperator): dbt_deps> on 2025-08-16 19:19:07+00:00
[2025-08-16T19:19:08.824+0000] {standard_task_runner.py:64} INFO - Started process 195 to run task
[2025-08-16T19:19:08.827+0000] {standard_task_runner.py:90} INFO - Running: ['***', 'tasks', 'run', 'dbt_athena_pipeline', 'dbt_deps', 'cli__20250816T191857Z', '--job-id', '53', '--raw', '--subdir', 'DAGS_FOLDER/dbt_athena_pipeline.py', '--cfg-path', '/tmp/tmpeqqcmldl']
[2025-08-16T19:19:08.829+0000] {standard_task_runner.py:91} INFO - Job 53: Subtask dbt_deps
[2025-08-16T19:19:08.896+0000] {task_command.py:426} INFO - Running <TaskInstance: dbt_athena_pipeline.dbt_deps cli__20250816T191857Z [running]> on host 392a94efd1c1
[2025-08-16T19:19:09.063+0000] {taskinstance.py:2648} INFO - Exporting env vars: AIRFLOW_CTX_DAG_OWNER='***' AIRFLOW_CTX_DAG_ID='dbt_athena_pipeline' AIRFLOW_CTX_TASK_ID='dbt_deps' AIRFLOW_CTX_EXECUTION_DATE='2025-08-16T19:19:07+00:00' AIRFLOW_CTX_TRY_NUMBER='1' AIRFLOW_CTX_DAG_RUN_ID='cli__20250816T191857Z'
[2025-08-16T19:19:09.064+0000] {taskinstance.py:430} INFO - ::endgroup::
[2025-08-16T19:19:09.079+0000] {subprocess.py:63} INFO - Tmp dir root location: /tmp
[2025-08-16T19:19:09.080+0000] {subprocess.py:75} INFO - Running command: ['/usr/bin/bash', '-c', 'set -Eeuo pipefail -x; cd /opt/***/dbt; echo \'which dbt=\'$(command -v dbt || true); /home/***/.local/bin/dbt --version || true; echo "ENV S3_BUCKET=$S3_BUCKET ATHENA_DB=$ATHENA_DB AWS_DEFAULT_REGION=$AWS_DEFAULT_REGION"; /home/***/.local/bin/dbt deps --profiles-dir /opt/***/.dbt -v']
[2025-08-16T19:19:09.092+0000] {subprocess.py:86} INFO - Output:
[2025-08-16T19:19:09.093+0000] {subprocess.py:93} INFO - + cd /opt/***/dbt
[2025-08-16T19:19:09.093+0000] {subprocess.py:93} INFO - ++ command -v dbt
[2025-08-16T19:19:09.094+0000] {subprocess.py:93} INFO - + echo 'which dbt=/home/***/.local/bin/dbt'
[2025-08-16T19:19:09.094+0000] {subprocess.py:93} INFO - which dbt=/home/***/.local/bin/dbt
[2025-08-16T19:19:09.095+0000] {subprocess.py:93} INFO - + /home/***/.local/bin/dbt --version
[2025-08-16T19:19:13.872+0000] {subprocess.py:93} INFO - Core:
[2025-08-16T19:19:13.873+0000] {subprocess.py:93} INFO -   - installed: 1.9.2
[2025-08-16T19:19:13.873+0000] {subprocess.py:93} INFO -   - latest:    1.10.9 - Update available!
[2025-08-16T19:19:13.873+0000] {subprocess.py:93} INFO - 
[2025-08-16T19:19:13.873+0000] {subprocess.py:93} INFO -   Your version of dbt-core is out of date!
[2025-08-16T19:19:13.873+0000] {subprocess.py:93} INFO -   You can find instructions for upgrading here:
[2025-08-16T19:19:13.874+0000] {subprocess.py:93} INFO -   https://docs.getdbt.com/docs/installation
[2025-08-16T19:19:13.874+0000] {subprocess.py:93} INFO - 
[2025-08-16T19:19:13.874+0000] {subprocess.py:93} INFO - Plugins:
[2025-08-16T19:19:13.874+0000] {subprocess.py:93} INFO -   - athena: 1.9.4 - Up to date!
[2025-08-16T19:19:13.875+0000] {subprocess.py:93} INFO - 
[2025-08-16T19:19:13.875+0000] {subprocess.py:93} INFO - 
[2025-08-16T19:19:14.198+0000] {subprocess.py:93} INFO - + echo 'ENV S3_BUCKET=pt-data-lab ATHENA_DB=analytics AWS_DEFAULT_REGION=us-east-2'
[2025-08-16T19:19:14.198+0000] {subprocess.py:93} INFO - ENV S3_BUCKET=pt-data-lab ATHENA_DB=analytics AWS_DEFAULT_REGION=us-east-2
[2025-08-16T19:19:14.199+0000] {subprocess.py:93} INFO - + /home/***/.local/bin/dbt deps --profiles-dir /opt/***/.dbt -v
[2025-08-16T19:19:18.208+0000] {subprocess.py:93} INFO - Core:
[2025-08-16T19:19:18.210+0000] {subprocess.py:93} INFO -   - installed: 1.9.2
[2025-08-16T19:19:18.210+0000] {subprocess.py:93} INFO -   - latest:    1.10.9 - Update available!
[2025-08-16T19:19:18.211+0000] {subprocess.py:93} INFO - 
[2025-08-16T19:19:18.211+0000] {subprocess.py:93} INFO -   Your version of dbt-core is out of date!
[2025-08-16T19:19:18.211+0000] {subprocess.py:93} INFO -   You can find instructions for upgrading here:
[2025-08-16T19:19:18.211+0000] {subprocess.py:93} INFO -   https://docs.getdbt.com/docs/installation
[2025-08-16T19:19:18.212+0000] {subprocess.py:93} INFO - 
[2025-08-16T19:19:18.212+0000] {subprocess.py:93} INFO - Plugins:
[2025-08-16T19:19:18.212+0000] {subprocess.py:93} INFO -   - athena: 1.9.4 - Up to date!
[2025-08-16T19:19:18.213+0000] {subprocess.py:93} INFO - 
[2025-08-16T19:19:18.213+0000] {subprocess.py:93} INFO - 
[2025-08-16T19:19:18.511+0000] {subprocess.py:97} INFO - Command exited with return code 0
[2025-08-16T19:19:18.513+0000] {taskinstance.py:441} INFO - ::group::Post task execution logs
[2025-08-16T19:19:18.537+0000] {taskinstance.py:1206} INFO - Marking task as SUCCESS. dag_id=dbt_athena_pipeline, task_id=dbt_deps, run_id=cli__20250816T191857Z, execution_date=20250816T191907, start_date=20250816T191908, end_date=20250816T191918
[2025-08-16T19:19:18.591+0000] {local_task_job_runner.py:243} INFO - Task exited with return code 0
[2025-08-16T19:19:18.632+0000] {taskinstance.py:3503} INFO - 1 downstream tasks scheduled from follow-on schedule check
[2025-08-16T19:19:18.635+0000] {local_task_job_runner.py:222} INFO - ::endgroup::
