[2025-08-22T13:12:36.887+0000] {local_task_job_runner.py:120} INFO - ::group::Pre task execution logs
[2025-08-22T13:12:36.939+0000] {taskinstance.py:2076} INFO - Dependencies all met for dep_context=non-requeueable deps ti=<TaskInstance: dbt_athena_pipeline.dbt_stage_external_sources scheduled__2025-08-21T09:30:00+00:00 [queued]>
[2025-08-22T13:12:36.954+0000] {taskinstance.py:2076} INFO - Dependencies all met for dep_context=requeueable deps ti=<TaskInstance: dbt_athena_pipeline.dbt_stage_external_sources scheduled__2025-08-21T09:30:00+00:00 [queued]>
[2025-08-22T13:12:36.954+0000] {taskinstance.py:2306} INFO - Starting attempt 1 of 2
[2025-08-22T13:12:37.001+0000] {taskinstance.py:2330} INFO - Executing <Task(BashOperator): dbt_stage_external_sources> on 2025-08-21 09:30:00+00:00
[2025-08-22T13:12:37.011+0000] {standard_task_runner.py:64} INFO - Started process 54 to run task
[2025-08-22T13:12:37.029+0000] {standard_task_runner.py:90} INFO - Running: ['***', 'tasks', 'run', 'dbt_athena_pipeline', 'dbt_stage_external_sources', 'scheduled__2025-08-21T09:30:00+00:00', '--job-id', '144', '--raw', '--subdir', 'DAGS_FOLDER/dbt_athena_pipeline.py', '--cfg-path', '/tmp/tmpodb6nrtn']
[2025-08-22T13:12:37.033+0000] {standard_task_runner.py:91} INFO - Job 144: Subtask dbt_stage_external_sources
[2025-08-22T13:12:37.211+0000] {task_command.py:426} INFO - Running <TaskInstance: dbt_athena_pipeline.dbt_stage_external_sources scheduled__2025-08-21T09:30:00+00:00 [running]> on host 60abae95ec77
[2025-08-22T13:12:37.672+0000] {taskinstance.py:2648} INFO - Exporting env vars: AIRFLOW_CTX_DAG_OWNER='***' AIRFLOW_CTX_DAG_ID='dbt_athena_pipeline' AIRFLOW_CTX_TASK_ID='dbt_stage_external_sources' AIRFLOW_CTX_EXECUTION_DATE='2025-08-21T09:30:00+00:00' AIRFLOW_CTX_TRY_NUMBER='1' AIRFLOW_CTX_DAG_RUN_ID='scheduled__2025-08-21T09:30:00+00:00'
[2025-08-22T13:12:37.675+0000] {taskinstance.py:430} INFO - ::endgroup::
[2025-08-22T13:12:37.723+0000] {subprocess.py:63} INFO - Tmp dir root location: /tmp
[2025-08-22T13:12:37.728+0000] {subprocess.py:75} INFO - Running command: ['/usr/bin/bash', '-c', 'set -Eeuo pipefail -x; cd /opt/***/dbt; echo \'which dbt=\'$(command -v dbt || true); /home/***/.local/bin/dbt --version || true; echo "ENV S3_BUCKET=$S3_BUCKET ATHENA_DB=$ATHENA_DB AWS_DEFAULT_REGION=$AWS_DEFAULT_REGION"; /home/***/.local/bin/dbt run-operation stage_external_sources --profiles-dir /opt/***/.dbt --target dev -v']
[2025-08-22T13:12:37.753+0000] {subprocess.py:86} INFO - Output:
[2025-08-22T13:12:37.757+0000] {subprocess.py:93} INFO - + cd /opt/***/dbt
[2025-08-22T13:12:37.758+0000] {subprocess.py:93} INFO - ++ command -v dbt
[2025-08-22T13:12:37.759+0000] {subprocess.py:93} INFO - + echo 'which dbt=/home/***/.local/bin/dbt'
[2025-08-22T13:12:37.759+0000] {subprocess.py:93} INFO - which dbt=/home/***/.local/bin/dbt
[2025-08-22T13:12:37.760+0000] {subprocess.py:93} INFO - + /home/***/.local/bin/dbt --version
[2025-08-22T13:12:42.264+0000] {subprocess.py:93} INFO - Core:
[2025-08-22T13:12:42.265+0000] {subprocess.py:93} INFO -   - installed: 1.9.2
[2025-08-22T13:12:42.265+0000] {subprocess.py:93} INFO -   - latest:    1.10.9 - Update available!
[2025-08-22T13:12:42.266+0000] {subprocess.py:93} INFO - 
[2025-08-22T13:12:42.266+0000] {subprocess.py:93} INFO -   Your version of dbt-core is out of date!
[2025-08-22T13:12:42.267+0000] {subprocess.py:93} INFO -   You can find instructions for upgrading here:
[2025-08-22T13:12:42.267+0000] {subprocess.py:93} INFO -   https://docs.getdbt.com/docs/installation
[2025-08-22T13:12:42.268+0000] {subprocess.py:93} INFO - 
[2025-08-22T13:12:42.268+0000] {subprocess.py:93} INFO - Plugins:
[2025-08-22T13:12:42.269+0000] {subprocess.py:93} INFO -   - athena: 1.9.4 - Up to date!
[2025-08-22T13:12:42.271+0000] {subprocess.py:93} INFO - 
[2025-08-22T13:12:42.273+0000] {subprocess.py:93} INFO - 
[2025-08-22T13:12:42.743+0000] {subprocess.py:93} INFO - + echo 'ENV S3_BUCKET=pt-data-lab ATHENA_DB=analytics AWS_DEFAULT_REGION=us-east-2'
[2025-08-22T13:12:42.744+0000] {subprocess.py:93} INFO - ENV S3_BUCKET=pt-data-lab ATHENA_DB=analytics AWS_DEFAULT_REGION=us-east-2
[2025-08-22T13:12:42.744+0000] {subprocess.py:93} INFO - + /home/***/.local/bin/dbt run-operation stage_external_sources --profiles-dir /opt/***/.dbt --target dev -v
[2025-08-22T13:12:47.375+0000] {subprocess.py:93} INFO - Core:
[2025-08-22T13:12:47.376+0000] {subprocess.py:93} INFO -   - installed: 1.9.2
[2025-08-22T13:12:47.378+0000] {subprocess.py:93} INFO -   - latest:    1.10.9 - Update available!
[2025-08-22T13:12:47.379+0000] {subprocess.py:93} INFO - 
[2025-08-22T13:12:47.379+0000] {subprocess.py:93} INFO -   Your version of dbt-core is out of date!
[2025-08-22T13:12:47.380+0000] {subprocess.py:93} INFO -   You can find instructions for upgrading here:
[2025-08-22T13:12:47.381+0000] {subprocess.py:93} INFO -   https://docs.getdbt.com/docs/installation
[2025-08-22T13:12:47.381+0000] {subprocess.py:93} INFO - 
[2025-08-22T13:12:47.382+0000] {subprocess.py:93} INFO - Plugins:
[2025-08-22T13:12:47.383+0000] {subprocess.py:93} INFO -   - athena: 1.9.4 - Up to date!
[2025-08-22T13:12:47.383+0000] {subprocess.py:93} INFO - 
[2025-08-22T13:12:47.384+0000] {subprocess.py:93} INFO - 
[2025-08-22T13:12:47.879+0000] {subprocess.py:97} INFO - Command exited with return code 0
[2025-08-22T13:12:47.880+0000] {taskinstance.py:441} INFO - ::group::Post task execution logs
[2025-08-22T13:12:47.908+0000] {taskinstance.py:1206} INFO - Marking task as SUCCESS. dag_id=dbt_athena_pipeline, task_id=dbt_stage_external_sources, run_id=scheduled__2025-08-21T09:30:00+00:00, execution_date=20250821T093000, start_date=20250822T131236, end_date=20250822T131247
[2025-08-22T13:12:47.983+0000] {local_task_job_runner.py:243} INFO - Task exited with return code 0
[2025-08-22T13:12:48.039+0000] {taskinstance.py:3503} INFO - 1 downstream tasks scheduled from follow-on schedule check
[2025-08-22T13:12:48.044+0000] {local_task_job_runner.py:222} INFO - ::endgroup::
