[2025-08-22T14:07:50.173+0000] {local_task_job_runner.py:120} INFO - ::group::Pre task execution logs
[2025-08-22T14:07:50.221+0000] {taskinstance.py:2076} INFO - Dependencies all met for dep_context=non-requeueable deps ti=<TaskInstance: orders_pipeline.add_partition manual__2025-08-22T14:07:32+00:00 [queued]>
[2025-08-22T14:07:50.232+0000] {taskinstance.py:2076} INFO - Dependencies all met for dep_context=requeueable deps ti=<TaskInstance: orders_pipeline.add_partition manual__2025-08-22T14:07:32+00:00 [queued]>
[2025-08-22T14:07:50.232+0000] {taskinstance.py:2306} INFO - Starting attempt 1 of 2
[2025-08-22T14:07:50.256+0000] {taskinstance.py:2330} INFO - Executing <Task(BashOperator): add_partition> on 2025-08-22 14:07:32+00:00
[2025-08-22T14:07:50.264+0000] {standard_task_runner.py:64} INFO - Started process 67 to run task
[2025-08-22T14:07:50.270+0000] {standard_task_runner.py:90} INFO - Running: ['***', 'tasks', 'run', 'orders_pipeline', 'add_partition', 'manual__2025-08-22T14:07:32+00:00', '--job-id', '160', '--raw', '--subdir', 'DAGS_FOLDER/orders_pipeline.py', '--cfg-path', '/tmp/tmpogohk5wk']
[2025-08-22T14:07:50.272+0000] {standard_task_runner.py:91} INFO - Job 160: Subtask add_partition
[2025-08-22T14:07:50.366+0000] {task_command.py:426} INFO - Running <TaskInstance: orders_pipeline.add_partition manual__2025-08-22T14:07:32+00:00 [running]> on host 7ff1c03ded3b
[2025-08-22T14:07:50.557+0000] {taskinstance.py:2648} INFO - Exporting env vars: AIRFLOW_CTX_DAG_OWNER='***' AIRFLOW_CTX_DAG_ID='orders_pipeline' AIRFLOW_CTX_TASK_ID='add_partition' AIRFLOW_CTX_EXECUTION_DATE='2025-08-22T14:07:32+00:00' AIRFLOW_CTX_TRY_NUMBER='1' AIRFLOW_CTX_DAG_RUN_ID='manual__2025-08-22T14:07:32+00:00'
[2025-08-22T14:07:50.558+0000] {taskinstance.py:430} INFO - ::endgroup::
[2025-08-22T14:07:50.576+0000] {subprocess.py:63} INFO - Tmp dir root location: /tmp
[2025-08-22T14:07:50.578+0000] {subprocess.py:75} INFO - Running command: ['/usr/bin/bash', '-c', 'set -Eeuo pipefail -x; \nSQL="SELECT count(*) AS cnt FROM analytics.orders_raw;"\nQID=$(aws athena start-query-execution   --query-string "$SQL"   --query-execution-context "Database=$ATHENA_DB"   --work-group primary   --query \'QueryExecutionId\' --output text)\naws athena get-query-execution --query-execution-id "$QID" --query \'QueryExecution.Status.State\' --output text']
[2025-08-22T14:07:50.595+0000] {subprocess.py:86} INFO - Output:
[2025-08-22T14:07:50.596+0000] {subprocess.py:93} INFO - + SQL='SELECT count(*) AS cnt FROM analytics.orders_raw;'
[2025-08-22T14:07:50.597+0000] {subprocess.py:93} INFO - ++ aws athena start-query-execution --query-string 'SELECT count(*) AS cnt FROM analytics.orders_raw;' --query-execution-context Database=analytics --work-group primary --query QueryExecutionId --output text
[2025-08-22T14:07:52.679+0000] {subprocess.py:93} INFO - + QID=b53730ee-e952-4e7a-a964-501742a37e87
[2025-08-22T14:07:52.680+0000] {subprocess.py:93} INFO - + aws athena get-query-execution --query-execution-id b53730ee-e952-4e7a-a964-501742a37e87 --query QueryExecution.Status.State --output text
[2025-08-22T14:07:54.615+0000] {subprocess.py:93} INFO - SUCCEEDED
[2025-08-22T14:07:54.785+0000] {subprocess.py:97} INFO - Command exited with return code 0
[2025-08-22T14:07:54.787+0000] {taskinstance.py:441} INFO - ::group::Post task execution logs
[2025-08-22T14:07:54.826+0000] {taskinstance.py:1206} INFO - Marking task as SUCCESS. dag_id=orders_pipeline, task_id=add_partition, run_id=manual__2025-08-22T14:07:32+00:00, execution_date=20250822T140732, start_date=20250822T140750, end_date=20250822T140754
[2025-08-22T14:07:54.986+0000] {local_task_job_runner.py:243} INFO - Task exited with return code 0
[2025-08-22T14:07:55.031+0000] {taskinstance.py:3503} INFO - 0 downstream tasks scheduled from follow-on schedule check
[2025-08-22T14:07:55.034+0000] {local_task_job_runner.py:222} INFO - ::endgroup::
