[2025-08-22T16:07:44.397+0000] {local_task_job_runner.py:120} INFO - ::group::Pre task execution logs
[2025-08-22T16:07:44.439+0000] {taskinstance.py:2076} INFO - Dependencies all met for dep_context=non-requeueable deps ti=<TaskInstance: orders_pipeline.upload_to_s3 manual__2025-08-22T16:07:41+00:00 [queued]>
[2025-08-22T16:07:44.453+0000] {taskinstance.py:2076} INFO - Dependencies all met for dep_context=requeueable deps ti=<TaskInstance: orders_pipeline.upload_to_s3 manual__2025-08-22T16:07:41+00:00 [queued]>
[2025-08-22T16:07:44.453+0000] {taskinstance.py:2306} INFO - Starting attempt 1 of 2
[2025-08-22T16:07:44.478+0000] {taskinstance.py:2330} INFO - Executing <Task(BashOperator): upload_to_s3> on 2025-08-22 16:07:41+00:00
[2025-08-22T16:07:44.486+0000] {standard_task_runner.py:64} INFO - Started process 121 to run task
[2025-08-22T16:07:44.493+0000] {standard_task_runner.py:90} INFO - Running: ['***', 'tasks', 'run', 'orders_pipeline', 'upload_to_s3', 'manual__2025-08-22T16:07:41+00:00', '--job-id', '170', '--raw', '--subdir', 'DAGS_FOLDER/orders_pipeline.py', '--cfg-path', '/tmp/tmp8lcmn2l9']
[2025-08-22T16:07:44.495+0000] {standard_task_runner.py:91} INFO - Job 170: Subtask upload_to_s3
[2025-08-22T16:07:44.592+0000] {task_command.py:426} INFO - Running <TaskInstance: orders_pipeline.upload_to_s3 manual__2025-08-22T16:07:41+00:00 [running]> on host 7ff1c03ded3b
[2025-08-22T16:07:44.816+0000] {taskinstance.py:2648} INFO - Exporting env vars: AIRFLOW_CTX_DAG_OWNER='***' AIRFLOW_CTX_DAG_ID='orders_pipeline' AIRFLOW_CTX_TASK_ID='upload_to_s3' AIRFLOW_CTX_EXECUTION_DATE='2025-08-22T16:07:41+00:00' AIRFLOW_CTX_TRY_NUMBER='1' AIRFLOW_CTX_DAG_RUN_ID='manual__2025-08-22T16:07:41+00:00'
[2025-08-22T16:07:44.818+0000] {taskinstance.py:430} INFO - ::endgroup::
[2025-08-22T16:07:44.846+0000] {subprocess.py:63} INFO - Tmp dir root location: /tmp
[2025-08-22T16:07:44.848+0000] {subprocess.py:75} INFO - Running command: ['/usr/bin/bash', '-c', 'set -Eeuo pipefail -x; \ntest -f /tmp/orders.csv\naws s3 cp /tmp/orders.csv s3://$S3_BUCKET/raw-data/orders/orders.csv --content-type text/csv\naws s3 ls s3://$S3_BUCKET/raw-data/orders/ || true']
[2025-08-22T16:07:44.867+0000] {subprocess.py:86} INFO - Output:
[2025-08-22T16:07:44.869+0000] {subprocess.py:93} INFO - + test -f /tmp/orders.csv
[2025-08-22T16:07:44.869+0000] {subprocess.py:93} INFO - + aws s3 cp /tmp/orders.csv s3://pt-data-lab/raw-data/orders/orders.csv --content-type text/csv
[2025-08-22T16:07:47.500+0000] {subprocess.py:93} INFO - Completed 133 Bytes/133 Bytes (143 Bytes/s) with 1 file(s) remainingupload: ../orders.csv to s3://pt-data-lab/raw-data/orders/orders.csv
[2025-08-22T16:07:47.736+0000] {subprocess.py:93} INFO - + aws s3 ls s3://pt-data-lab/raw-data/orders/
[2025-08-22T16:07:49.843+0000] {subprocess.py:93} INFO -                            PRE 2024/
[2025-08-22T16:07:49.844+0000] {subprocess.py:93} INFO -                            PRE dt=2024-09-01/
[2025-08-22T16:07:49.845+0000] {subprocess.py:93} INFO -                            PRE dt=2024-09-02/
[2025-08-22T16:07:49.846+0000] {subprocess.py:93} INFO -                            PRE dt=2025-08-14/
[2025-08-22T16:07:49.846+0000] {subprocess.py:93} INFO -                            PRE dt=2025-08-15/
[2025-08-22T16:07:49.847+0000] {subprocess.py:93} INFO -                            PRE dt=2025-08-16/
[2025-08-22T16:07:49.848+0000] {subprocess.py:93} INFO - 2025-08-22 16:07:47        133 orders.csv
[2025-08-22T16:07:50.081+0000] {subprocess.py:97} INFO - Command exited with return code 0
[2025-08-22T16:07:50.083+0000] {taskinstance.py:441} INFO - ::group::Post task execution logs
[2025-08-22T16:07:50.139+0000] {taskinstance.py:1206} INFO - Marking task as SUCCESS. dag_id=orders_pipeline, task_id=upload_to_s3, run_id=manual__2025-08-22T16:07:41+00:00, execution_date=20250822T160741, start_date=20250822T160744, end_date=20250822T160750
[2025-08-22T16:07:50.265+0000] {local_task_job_runner.py:243} INFO - Task exited with return code 0
[2025-08-22T16:07:50.447+0000] {taskinstance.py:3503} INFO - 1 downstream tasks scheduled from follow-on schedule check
[2025-08-22T16:07:50.455+0000] {local_task_job_runner.py:222} INFO - ::endgroup::
