[2025-08-19T12:41:17.638+0000] {local_task_job_runner.py:120} INFO - ::group::Pre task execution logs
[2025-08-19T12:41:17.674+0000] {taskinstance.py:2076} INFO - Dependencies all met for dep_context=non-requeueable deps ti=<TaskInstance: dbt_athena_pipeline.dbt_stage_external_sources manual__2025-08-19T12:41:02.802503+00:00 [queued]>
[2025-08-19T12:41:17.685+0000] {taskinstance.py:2076} INFO - Dependencies all met for dep_context=requeueable deps ti=<TaskInstance: dbt_athena_pipeline.dbt_stage_external_sources manual__2025-08-19T12:41:02.802503+00:00 [queued]>
[2025-08-19T12:41:17.685+0000] {taskinstance.py:2306} INFO - Starting attempt 1 of 2
[2025-08-19T12:41:17.708+0000] {taskinstance.py:2330} INFO - Executing <Task(BashOperator): dbt_stage_external_sources> on 2025-08-19 12:41:02.802503+00:00
[2025-08-19T12:41:17.714+0000] {standard_task_runner.py:64} INFO - Started process 109 to run task
[2025-08-19T12:41:17.719+0000] {standard_task_runner.py:90} INFO - Running: ['***', 'tasks', 'run', 'dbt_athena_pipeline', 'dbt_stage_external_sources', 'manual__2025-08-19T12:41:02.802503+00:00', '--job-id', '123', '--raw', '--subdir', 'DAGS_FOLDER/dbt_athena_pipeline.py', '--cfg-path', '/tmp/tmpo8rnors4']
[2025-08-19T12:41:17.722+0000] {standard_task_runner.py:91} INFO - Job 123: Subtask dbt_stage_external_sources
[2025-08-19T12:41:17.797+0000] {task_command.py:426} INFO - Running <TaskInstance: dbt_athena_pipeline.dbt_stage_external_sources manual__2025-08-19T12:41:02.802503+00:00 [running]> on host 392a94efd1c1
[2025-08-19T12:41:17.952+0000] {taskinstance.py:2648} INFO - Exporting env vars: AIRFLOW_CTX_DAG_OWNER='***' AIRFLOW_CTX_DAG_ID='dbt_athena_pipeline' AIRFLOW_CTX_TASK_ID='dbt_stage_external_sources' AIRFLOW_CTX_EXECUTION_DATE='2025-08-19T12:41:02.802503+00:00' AIRFLOW_CTX_TRY_NUMBER='1' AIRFLOW_CTX_DAG_RUN_ID='manual__2025-08-19T12:41:02.802503+00:00'
[2025-08-19T12:41:17.954+0000] {taskinstance.py:430} INFO - ::endgroup::
[2025-08-19T12:41:17.972+0000] {subprocess.py:63} INFO - Tmp dir root location: /tmp
[2025-08-19T12:41:17.974+0000] {subprocess.py:75} INFO - Running command: ['/usr/bin/bash', '-c', 'set -Eeuo pipefail -x; cd /opt/***/dbt; echo \'which dbt=\'$(command -v dbt || true); /home/***/.local/bin/dbt --version || true; echo "ENV S3_BUCKET=$S3_BUCKET ATHENA_DB=$ATHENA_DB AWS_DEFAULT_REGION=$AWS_DEFAULT_REGION"; /home/***/.local/bin/dbt run-operation stage_external_sources --profiles-dir /opt/***/.dbt --target dev -v']
[2025-08-19T12:41:17.990+0000] {subprocess.py:86} INFO - Output:
[2025-08-19T12:41:17.992+0000] {subprocess.py:93} INFO - + cd /opt/***/dbt
[2025-08-19T12:41:17.994+0000] {subprocess.py:93} INFO - ++ command -v dbt
[2025-08-19T12:41:17.994+0000] {subprocess.py:93} INFO - + echo 'which dbt=/home/***/.local/bin/dbt'
[2025-08-19T12:41:17.995+0000] {subprocess.py:93} INFO - which dbt=/home/***/.local/bin/dbt
[2025-08-19T12:41:17.995+0000] {subprocess.py:93} INFO - + /home/***/.local/bin/dbt --version
[2025-08-19T12:41:23.318+0000] {subprocess.py:93} INFO - Core:
[2025-08-19T12:41:23.319+0000] {subprocess.py:93} INFO -   - installed: 1.9.2
[2025-08-19T12:41:23.319+0000] {subprocess.py:93} INFO -   - latest:    1.10.9 - Update available!
[2025-08-19T12:41:23.320+0000] {subprocess.py:93} INFO - 
[2025-08-19T12:41:23.321+0000] {subprocess.py:93} INFO -   Your version of dbt-core is out of date!
[2025-08-19T12:41:23.321+0000] {subprocess.py:93} INFO -   You can find instructions for upgrading here:
[2025-08-19T12:41:23.322+0000] {subprocess.py:93} INFO -   https://docs.getdbt.com/docs/installation
[2025-08-19T12:41:23.322+0000] {subprocess.py:93} INFO - 
[2025-08-19T12:41:23.323+0000] {subprocess.py:93} INFO - Plugins:
[2025-08-19T12:41:23.323+0000] {subprocess.py:93} INFO -   - athena: 1.9.4 - Up to date!
[2025-08-19T12:41:23.323+0000] {subprocess.py:93} INFO - 
[2025-08-19T12:41:23.324+0000] {subprocess.py:93} INFO - 
[2025-08-19T12:41:23.828+0000] {subprocess.py:93} INFO - + echo 'ENV S3_BUCKET=pt-data-lab ATHENA_DB=analytics AWS_DEFAULT_REGION=us-east-2'
[2025-08-19T12:41:23.828+0000] {subprocess.py:93} INFO - ENV S3_BUCKET=pt-data-lab ATHENA_DB=analytics AWS_DEFAULT_REGION=us-east-2
[2025-08-19T12:41:23.829+0000] {subprocess.py:93} INFO - + /home/***/.local/bin/dbt run-operation stage_external_sources --profiles-dir /opt/***/.dbt --target dev -v
[2025-08-19T12:41:28.522+0000] {subprocess.py:93} INFO - Core:
[2025-08-19T12:41:28.523+0000] {subprocess.py:93} INFO -   - installed: 1.9.2
[2025-08-19T12:41:28.523+0000] {subprocess.py:93} INFO -   - latest:    1.10.9 - Update available!
[2025-08-19T12:41:28.524+0000] {subprocess.py:93} INFO - 
[2025-08-19T12:41:28.524+0000] {subprocess.py:93} INFO -   Your version of dbt-core is out of date!
[2025-08-19T12:41:28.524+0000] {subprocess.py:93} INFO -   You can find instructions for upgrading here:
[2025-08-19T12:41:28.524+0000] {subprocess.py:93} INFO -   https://docs.getdbt.com/docs/installation
[2025-08-19T12:41:28.525+0000] {subprocess.py:93} INFO - 
[2025-08-19T12:41:28.525+0000] {subprocess.py:93} INFO - Plugins:
[2025-08-19T12:41:28.525+0000] {subprocess.py:93} INFO -   - athena: 1.9.4 - Up to date!
[2025-08-19T12:41:28.525+0000] {subprocess.py:93} INFO - 
[2025-08-19T12:41:28.525+0000] {subprocess.py:93} INFO - 
[2025-08-19T12:41:29.028+0000] {subprocess.py:97} INFO - Command exited with return code 0
[2025-08-19T12:41:29.029+0000] {taskinstance.py:441} INFO - ::group::Post task execution logs
[2025-08-19T12:41:29.055+0000] {taskinstance.py:1206} INFO - Marking task as SUCCESS. dag_id=dbt_athena_pipeline, task_id=dbt_stage_external_sources, run_id=manual__2025-08-19T12:41:02.802503+00:00, execution_date=20250819T124102, start_date=20250819T124117, end_date=20250819T124129
[2025-08-19T12:41:29.125+0000] {local_task_job_runner.py:243} INFO - Task exited with return code 0
[2025-08-19T12:41:29.250+0000] {taskinstance.py:3503} INFO - 1 downstream tasks scheduled from follow-on schedule check
[2025-08-19T12:41:29.256+0000] {local_task_job_runner.py:222} INFO - ::endgroup::
