[2025-08-22T13:12:19.880+0000] {local_task_job_runner.py:120} INFO - ::group::Pre task execution logs
[2025-08-22T13:12:19.923+0000] {taskinstance.py:2076} INFO - Dependencies all met for dep_context=non-requeueable deps ti=<TaskInstance: dbt_athena_pipeline.dbt_deps scheduled__2025-08-21T09:30:00+00:00 [queued]>
[2025-08-22T13:12:19.937+0000] {taskinstance.py:2076} INFO - Dependencies all met for dep_context=requeueable deps ti=<TaskInstance: dbt_athena_pipeline.dbt_deps scheduled__2025-08-21T09:30:00+00:00 [queued]>
[2025-08-22T13:12:19.938+0000] {taskinstance.py:2306} INFO - Starting attempt 1 of 2
[2025-08-22T13:12:19.965+0000] {taskinstance.py:2330} INFO - Executing <Task(BashOperator): dbt_deps> on 2025-08-21 09:30:00+00:00
[2025-08-22T13:12:19.973+0000] {standard_task_runner.py:64} INFO - Started process 49 to run task
[2025-08-22T13:12:19.980+0000] {standard_task_runner.py:90} INFO - Running: ['***', 'tasks', 'run', 'dbt_athena_pipeline', 'dbt_deps', 'scheduled__2025-08-21T09:30:00+00:00', '--job-id', '143', '--raw', '--subdir', 'DAGS_FOLDER/dbt_athena_pipeline.py', '--cfg-path', '/tmp/tmpibxnkcxs']
[2025-08-22T13:12:19.982+0000] {standard_task_runner.py:91} INFO - Job 143: Subtask dbt_deps
[2025-08-22T13:12:20.157+0000] {task_command.py:426} INFO - Running <TaskInstance: dbt_athena_pipeline.dbt_deps scheduled__2025-08-21T09:30:00+00:00 [running]> on host 60abae95ec77
[2025-08-22T13:12:20.526+0000] {taskinstance.py:2648} INFO - Exporting env vars: AIRFLOW_CTX_DAG_OWNER='***' AIRFLOW_CTX_DAG_ID='dbt_athena_pipeline' AIRFLOW_CTX_TASK_ID='dbt_deps' AIRFLOW_CTX_EXECUTION_DATE='2025-08-21T09:30:00+00:00' AIRFLOW_CTX_TRY_NUMBER='1' AIRFLOW_CTX_DAG_RUN_ID='scheduled__2025-08-21T09:30:00+00:00'
[2025-08-22T13:12:20.528+0000] {taskinstance.py:430} INFO - ::endgroup::
[2025-08-22T13:12:20.579+0000] {subprocess.py:63} INFO - Tmp dir root location: /tmp
[2025-08-22T13:12:20.581+0000] {subprocess.py:75} INFO - Running command: ['/usr/bin/bash', '-c', 'set -Eeuo pipefail -x; cd /opt/***/dbt; echo \'which dbt=\'$(command -v dbt || true); /home/***/.local/bin/dbt --version || true; echo "ENV S3_BUCKET=$S3_BUCKET ATHENA_DB=$ATHENA_DB AWS_DEFAULT_REGION=$AWS_DEFAULT_REGION"; /home/***/.local/bin/dbt deps --profiles-dir /opt/***/.dbt -v']
[2025-08-22T13:12:20.603+0000] {subprocess.py:86} INFO - Output:
[2025-08-22T13:12:20.605+0000] {subprocess.py:93} INFO - + cd /opt/***/dbt
[2025-08-22T13:12:20.606+0000] {subprocess.py:93} INFO - ++ command -v dbt
[2025-08-22T13:12:20.607+0000] {subprocess.py:93} INFO - + echo 'which dbt=/home/***/.local/bin/dbt'
[2025-08-22T13:12:20.608+0000] {subprocess.py:93} INFO - which dbt=/home/***/.local/bin/dbt
[2025-08-22T13:12:20.609+0000] {subprocess.py:93} INFO - + /home/***/.local/bin/dbt --version
[2025-08-22T13:12:26.729+0000] {subprocess.py:93} INFO - Core:
[2025-08-22T13:12:26.730+0000] {subprocess.py:93} INFO -   - installed: 1.9.2
[2025-08-22T13:12:26.731+0000] {subprocess.py:93} INFO -   - latest:    1.10.9 - Update available!
[2025-08-22T13:12:26.731+0000] {subprocess.py:93} INFO - 
[2025-08-22T13:12:26.732+0000] {subprocess.py:93} INFO -   Your version of dbt-core is out of date!
[2025-08-22T13:12:26.732+0000] {subprocess.py:93} INFO -   You can find instructions for upgrading here:
[2025-08-22T13:12:26.733+0000] {subprocess.py:93} INFO -   https://docs.getdbt.com/docs/installation
[2025-08-22T13:12:26.735+0000] {subprocess.py:93} INFO - 
[2025-08-22T13:12:26.736+0000] {subprocess.py:93} INFO - Plugins:
[2025-08-22T13:12:26.736+0000] {subprocess.py:93} INFO -   - athena: 1.9.4 - Up to date!
[2025-08-22T13:12:26.737+0000] {subprocess.py:93} INFO - 
[2025-08-22T13:12:26.737+0000] {subprocess.py:93} INFO - 
[2025-08-22T13:12:27.425+0000] {subprocess.py:93} INFO - + echo 'ENV S3_BUCKET=pt-data-lab ATHENA_DB=analytics AWS_DEFAULT_REGION=us-east-2'
[2025-08-22T13:12:27.426+0000] {subprocess.py:93} INFO - ENV S3_BUCKET=pt-data-lab ATHENA_DB=analytics AWS_DEFAULT_REGION=us-east-2
[2025-08-22T13:12:27.426+0000] {subprocess.py:93} INFO - + /home/***/.local/bin/dbt deps --profiles-dir /opt/***/.dbt -v
[2025-08-22T13:12:34.884+0000] {subprocess.py:93} INFO - Core:
[2025-08-22T13:12:34.885+0000] {subprocess.py:93} INFO -   - installed: 1.9.2
[2025-08-22T13:12:34.886+0000] {subprocess.py:93} INFO -   - latest:    1.10.9 - Update available!
[2025-08-22T13:12:34.887+0000] {subprocess.py:93} INFO - 
[2025-08-22T13:12:34.887+0000] {subprocess.py:93} INFO -   Your version of dbt-core is out of date!
[2025-08-22T13:12:34.888+0000] {subprocess.py:93} INFO -   You can find instructions for upgrading here:
[2025-08-22T13:12:34.889+0000] {subprocess.py:93} INFO -   https://docs.getdbt.com/docs/installation
[2025-08-22T13:12:34.890+0000] {subprocess.py:93} INFO - 
[2025-08-22T13:12:34.890+0000] {subprocess.py:93} INFO - Plugins:
[2025-08-22T13:12:34.891+0000] {subprocess.py:93} INFO -   - athena: 1.9.4 - Up to date!
[2025-08-22T13:12:34.892+0000] {subprocess.py:93} INFO - 
[2025-08-22T13:12:34.892+0000] {subprocess.py:93} INFO - 
[2025-08-22T13:12:35.540+0000] {subprocess.py:97} INFO - Command exited with return code 0
[2025-08-22T13:12:35.543+0000] {taskinstance.py:441} INFO - ::group::Post task execution logs
[2025-08-22T13:12:35.579+0000] {taskinstance.py:1206} INFO - Marking task as SUCCESS. dag_id=dbt_athena_pipeline, task_id=dbt_deps, run_id=scheduled__2025-08-21T09:30:00+00:00, execution_date=20250821T093000, start_date=20250822T131219, end_date=20250822T131235
[2025-08-22T13:12:35.629+0000] {local_task_job_runner.py:243} INFO - Task exited with return code 0
[2025-08-22T13:12:35.677+0000] {taskinstance.py:3503} INFO - 1 downstream tasks scheduled from follow-on schedule check
[2025-08-22T13:12:35.681+0000] {local_task_job_runner.py:222} INFO - ::endgroup::
